ERROR - 2022-08-19 04:21:43 --> Unknown column 'event_active' in 'where clause'
CRITICAL - 2022-08-19 04:21:43 --> Unknown column 'event_active' in 'where clause'
in SYSTEMPATH\Database\MySQLi\Connection.php on line 292.
 1 SYSTEMPATH\Database\MySQLi\Connection.php(292): mysqli->query('SELECT *
FROM `events`
WHERE `event_active` = 1
AND `events`.`event_deleted_at` IS NULL', 0)
 2 SYSTEMPATH\Database\BaseConnection.php(695): CodeIgniter\Database\MySQLi\Connection->execute('SELECT *
FROM `events`
WHERE `event_active` = 1
AND `events`.`event_deleted_at` IS NULL')
 3 SYSTEMPATH\Database\BaseConnection.php(609): CodeIgniter\Database\BaseConnection->simpleQuery('SELECT *
FROM `events`
WHERE `event_active` = 1
AND `events`.`event_deleted_at` IS NULL')
 4 SYSTEMPATH\Database\BaseBuilder.php(1585): CodeIgniter\Database\BaseConnection->query('SELECT *
FROM `events`
WHERE `event_active` = :event_active:
AND `events`.`event_deleted_at` IS NULL', [...], false)
 5 SYSTEMPATH\Model.php(222): CodeIgniter\Database\BaseBuilder->get()
 6 SYSTEMPATH\BaseModel.php(584): CodeIgniter\Model->doFindAll(0, 0)
 7 APPPATH\Controllers\Masterdata.php(133): CodeIgniter\BaseModel->findAll()
 8 SYSTEMPATH\CodeIgniter.php(896): App\Controllers\Masterdata->getAdd_position()
 9 SYSTEMPATH\CodeIgniter.php(466): CodeIgniter\CodeIgniter->runController(Object(App\Controllers\Masterdata))
10 SYSTEMPATH\CodeIgniter.php(349): CodeIgniter\CodeIgniter->handleRequest(null, Object(Config\Cache), false)
11 FCPATH\index.php(55): CodeIgniter\CodeIgniter->run()
CRITICAL - 2022-08-19 04:23:23 --> Call to a member function getRow() on array
in APPPATH\Controllers\Masterdata.php on line 133.
 1 SYSTEMPATH\CodeIgniter.php(896): App\Controllers\Masterdata->getAdd_position()
 2 SYSTEMPATH\CodeIgniter.php(466): CodeIgniter\CodeIgniter->runController(Object(App\Controllers\Masterdata))
 3 SYSTEMPATH\CodeIgniter.php(349): CodeIgniter\CodeIgniter->handleRequest(null, Object(Config\Cache), false)
 4 FCPATH\index.php(55): CodeIgniter\CodeIgniter->run()
CRITICAL - 2022-08-19 04:27:05 --> Attempt to read property "event_id" on array
in APPPATH\Controllers\Masterdata.php on line 134.
 1 APPPATH\Controllers\Masterdata.php(134): CodeIgniter\Debug\Exceptions->errorHandler(2, 'Attempt to read property "event_id" on array', 'APPPATH\\Controllers\\Masterdata.php', 134)
 2 SYSTEMPATH\CodeIgniter.php(896): App\Controllers\Masterdata->getAdd_position()
 3 SYSTEMPATH\CodeIgniter.php(466): CodeIgniter\CodeIgniter->runController(Object(App\Controllers\Masterdata))
 4 SYSTEMPATH\CodeIgniter.php(349): CodeIgniter\CodeIgniter->handleRequest(null, Object(Config\Cache), false)
 5 FCPATH\index.php(55): CodeIgniter\CodeIgniter->run()
CRITICAL - 2022-08-19 04:27:44 --> Attempt to read property "event_id" on array
in APPPATH\Controllers\Masterdata.php on line 134.
 1 APPPATH\Controllers\Masterdata.php(134): CodeIgniter\Debug\Exceptions->errorHandler(2, 'Attempt to read property "event_id" on array', 'APPPATH\\Controllers\\Masterdata.php', 134)
 2 SYSTEMPATH\CodeIgniter.php(896): App\Controllers\Masterdata->getAdd_position()
 3 SYSTEMPATH\CodeIgniter.php(466): CodeIgniter\CodeIgniter->runController(Object(App\Controllers\Masterdata))
 4 SYSTEMPATH\CodeIgniter.php(349): CodeIgniter\CodeIgniter->handleRequest(null, Object(Config\Cache), false)
 5 FCPATH\index.php(55): CodeIgniter\CodeIgniter->run()
CRITICAL - 2022-08-19 04:34:05 --> Unmatched ')'
in APPPATH\Views\masterdata\positions\add_position.php on line 39.
 1 SYSTEMPATH\View\View.php(216): CodeIgniter\View\View->CodeIgniter\View\{closure}()
 2 SYSTEMPATH\Common.php(1135): CodeIgniter\View\View->render('masterdata/positions/add_position', [], true)
 3 APPPATH\Views\template.php(39): view('masterdata/positions/add_position')
 4 SYSTEMPATH\View\View.php(213): include('APPPATH\\Views\\template.php')
 5 SYSTEMPATH\View\View.php(216): CodeIgniter\View\View->CodeIgniter\View\{closure}()
 6 SYSTEMPATH\Common.php(1135): CodeIgniter\View\View->render('template', [], true)
 7 APPPATH\Controllers\Masterdata.php(171): view('template', [...])
 8 SYSTEMPATH\CodeIgniter.php(896): App\Controllers\Masterdata->getAdd_position()
 9 SYSTEMPATH\CodeIgniter.php(466): CodeIgniter\CodeIgniter->runController(Object(App\Controllers\Masterdata))
10 SYSTEMPATH\CodeIgniter.php(349): CodeIgniter\CodeIgniter->handleRequest(null, Object(Config\Cache), false)
11 FCPATH\index.php(55): CodeIgniter\CodeIgniter->run()
CRITICAL - 2022-08-19 05:21:22 --> syntax error, unexpected variable "$this"
in APPPATH\Controllers\Vei.php on line 31.
 1 SYSTEMPATH\Autoloader\Autoloader.php(261): CodeIgniter\Autoloader\Autoloader->includeFile('APPPATH\\Controllers\\Vei.php')
 2 SYSTEMPATH\Autoloader\Autoloader.php(239): CodeIgniter\Autoloader\Autoloader->loadInNamespace('App\\Controllers\\Vei')
 3 [internal function]: CodeIgniter\Autoloader\Autoloader->loadClass('App\\Controllers\\Vei')
 4 SYSTEMPATH\CodeIgniter.php(846): class_exists('\\App\\Controllers\\Vei', true)
 5 SYSTEMPATH\CodeIgniter.php(453): CodeIgniter\CodeIgniter->startController()
 6 SYSTEMPATH\CodeIgniter.php(349): CodeIgniter\CodeIgniter->handleRequest(null, Object(Config\Cache), false)
 7 FCPATH\index.php(55): CodeIgniter\CodeIgniter->run()
CRITICAL - 2022-08-19 05:26:33 --> view(): Argument #3 ($options) must be of type array, bool given, called in C:\wamp64\www\voting_systemci4\app\Controllers\Vei.php on line 34
in SYSTEMPATH\Common.php on line 1121.
 1 APPPATH\Controllers\Vei.php(34): view('template', [...], true)
 2 SYSTEMPATH\CodeIgniter.php(896): App\Controllers\Vei->getCandidates()
 3 SYSTEMPATH\CodeIgniter.php(466): CodeIgniter\CodeIgniter->runController(Object(App\Controllers\Vei))
 4 SYSTEMPATH\CodeIgniter.php(349): CodeIgniter\CodeIgniter->handleRequest(null, Object(Config\Cache), false)
 5 FCPATH\index.php(55): CodeIgniter\CodeIgniter->run()
CRITICAL - 2022-08-19 05:47:07 --> syntax error, unexpected token "=>", expecting ")"
in APPPATH\Controllers\Vei.php on line 50.
 1 SYSTEMPATH\Autoloader\Autoloader.php(261): CodeIgniter\Autoloader\Autoloader->includeFile('APPPATH\\Controllers\\Vei.php')
 2 SYSTEMPATH\Autoloader\Autoloader.php(239): CodeIgniter\Autoloader\Autoloader->loadInNamespace('App\\Controllers\\Vei')
 3 [internal function]: CodeIgniter\Autoloader\Autoloader->loadClass('App\\Controllers\\Vei')
 4 SYSTEMPATH\CodeIgniter.php(846): class_exists('\\App\\Controllers\\Vei', true)
 5 SYSTEMPATH\CodeIgniter.php(453): CodeIgniter\CodeIgniter->startController()
 6 SYSTEMPATH\CodeIgniter.php(349): CodeIgniter\CodeIgniter->handleRequest(null, Object(Config\Cache), false)
 7 FCPATH\index.php(55): CodeIgniter\CodeIgniter->run()
CRITICAL - 2022-08-19 05:47:32 --> Undefined variable $position
in APPPATH\Controllers\Vei.php on line 32.
 1 APPPATH\Controllers\Vei.php(32): CodeIgniter\Debug\Exceptions->errorHandler(2, 'Undefined variable $position', 'APPPATH\\Controllers\\Vei.php', 32)
 2 SYSTEMPATH\CodeIgniter.php(896): App\Controllers\Vei->getCandidates()
 3 SYSTEMPATH\CodeIgniter.php(466): CodeIgniter\CodeIgniter->runController(Object(App\Controllers\Vei))
 4 SYSTEMPATH\CodeIgniter.php(349): CodeIgniter\CodeIgniter->handleRequest(null, Object(Config\Cache), false)
 5 FCPATH\index.php(55): CodeIgniter\CodeIgniter->run()
CRITICAL - 2022-08-19 05:54:57 --> Invalid file: modal/add_candidates_body.php
in SYSTEMPATH\Exceptions\FrameworkException.php on line 33.
 1 SYSTEMPATH\View\View.php(201): CodeIgniter\Exceptions\FrameworkException::forInvalidFile('modal/add_candidates_body.php')
 2 SYSTEMPATH\Common.php(1135): CodeIgniter\View\View->render('modal/add_candidates_body', [], true)
 3 APPPATH\Controllers\Vei.php(47): view('modal/add_candidates_body', [...])
 4 SYSTEMPATH\CodeIgniter.php(896): App\Controllers\Vei->getAdd_candidate()
 5 SYSTEMPATH\CodeIgniter.php(466): CodeIgniter\CodeIgniter->runController(Object(App\Controllers\Vei))
 6 SYSTEMPATH\CodeIgniter.php(349): CodeIgniter\CodeIgniter->handleRequest(null, Object(Config\Cache), false)
 7 FCPATH\index.php(55): CodeIgniter\CodeIgniter->run()
CRITICAL - 2022-08-19 05:55:43 --> Undefined property: stdClass::$candidate_initials
in APPPATH\Views\modals\add_candidates_body.php on line 29.
 1 APPPATH\Views\modals\add_candidates_body.php(29): CodeIgniter\Debug\Exceptions->errorHandler(2, 'Undefined property: stdClass::$candidate_initials', 'APPPATH\\Views\\modals\\add_candidates_body.php', 29)
 2 SYSTEMPATH\View\View.php(213): include('APPPATH\\Views\\modals\\add_candidates_body.php')
 3 SYSTEMPATH\View\View.php(216): CodeIgniter\View\View->CodeIgniter\View\{closure}()
 4 SYSTEMPATH\Common.php(1135): CodeIgniter\View\View->render('modals/add_candidates_body', [], true)
 5 APPPATH\Controllers\Vei.php(46): view('modals/add_candidates_body', [...])
 6 SYSTEMPATH\CodeIgniter.php(896): App\Controllers\Vei->getAdd_candidate()
 7 SYSTEMPATH\CodeIgniter.php(466): CodeIgniter\CodeIgniter->runController(Object(App\Controllers\Vei))
 8 SYSTEMPATH\CodeIgniter.php(349): CodeIgniter\CodeIgniter->handleRequest(null, Object(Config\Cache), false)
 9 FCPATH\index.php(55): CodeIgniter\CodeIgniter->run()
CRITICAL - 2022-08-19 12:12:12 --> Undefined variable $json_encode
in APPPATH\Controllers\Vei.php on line 73.
 1 APPPATH\Controllers\Vei.php(73): CodeIgniter\Debug\Exceptions->errorHandler(2, 'Undefined variable $json_encode', 'APPPATH\\Controllers\\Vei.php', 73)
 2 SYSTEMPATH\CodeIgniter.php(896): App\Controllers\Vei->save_candidate()
 3 SYSTEMPATH\CodeIgniter.php(466): CodeIgniter\CodeIgniter->runController(Object(App\Controllers\Vei))
 4 SYSTEMPATH\CodeIgniter.php(349): CodeIgniter\CodeIgniter->handleRequest(null, Object(Config\Cache), false)
 5 FCPATH\index.php(55): CodeIgniter\CodeIgniter->run()
ERROR - 2022-08-19 12:13:33 --> Table 'voting_system.candidate' doesn't exist
CRITICAL - 2022-08-19 12:13:33 --> Table 'voting_system.candidate' doesn't exist
in SYSTEMPATH\Database\MySQLi\Connection.php on line 292.
 1 SYSTEMPATH\Database\MySQLi\Connection.php(292): mysqli->query('INSERT INTO `candidate` (`candidate_lastname`, `candidate_firstname`, `candidate_initial`, `candidate_position_id`, `candidate_created_at`, `candidate_updated_at`) VALUES (\'Diaz\', \'JD\', \'-\', \'6\', \'2022-08-19 12:13:33\', \'2022-08-19 12:13:33\')', 0)
 2 SYSTEMPATH\Database\BaseConnection.php(695): CodeIgniter\Database\MySQLi\Connection->execute('INSERT INTO `candidate` (`candidate_lastname`, `candidate_firstname`, `candidate_initial`, `candidate_position_id`, `candidate_created_at`, `candidate_updated_at`) VALUES (\'Diaz\', \'JD\', \'-\', \'6\', \'2022-08-19 12:13:33\', \'2022-08-19 12:13:33\')')
 3 SYSTEMPATH\Database\BaseConnection.php(609): CodeIgniter\Database\BaseConnection->simpleQuery('INSERT INTO `candidate` (`candidate_lastname`, `candidate_firstname`, `candidate_initial`, `candidate_position_id`, `candidate_created_at`, `candidate_updated_at`) VALUES (\'Diaz\', \'JD\', \'-\', \'6\', \'2022-08-19 12:13:33\', \'2022-08-19 12:13:33\')')
 4 SYSTEMPATH\Database\BaseBuilder.php(1904): CodeIgniter\Database\BaseConnection->query('INSERT INTO `candidate` (`candidate_lastname`, `candidate_firstname`, `candidate_initial`, `candidate_position_id`, `candidate_created_at`, `candidate_updated_at`) VALUES (:candidate_lastname:, :candidate_firstname:, :candidate_initial:, :candidate_position_id:, :candidate_created_at:, :candidate_updated_at:)', [...], false)
 5 SYSTEMPATH\Model.php(278): CodeIgniter\Database\BaseBuilder->insert()
 6 SYSTEMPATH\BaseModel.php(738): CodeIgniter\Model->doInsert([...])
 7 SYSTEMPATH\Model.php(666): CodeIgniter\BaseModel->insert([...], false)
 8 SYSTEMPATH\BaseModel.php(658): CodeIgniter\Model->insert([...], false)
 9 APPPATH\Models\Candidate_m.php(114): CodeIgniter\BaseModel->save([...])
10 APPPATH\Controllers\Vei.php(69): App\Models\Candidate_m->save([...])
11 SYSTEMPATH\CodeIgniter.php(896): App\Controllers\Vei->save_candidate()
12 SYSTEMPATH\CodeIgniter.php(466): CodeIgniter\CodeIgniter->runController(Object(App\Controllers\Vei))
13 SYSTEMPATH\CodeIgniter.php(349): CodeIgniter\CodeIgniter->handleRequest(null, Object(Config\Cache), false)
14 FCPATH\index.php(55): CodeIgniter\CodeIgniter->run()
CRITICAL - 2022-08-19 12:29:35 --> syntax error, unexpected variable "$candidate"
in APPPATH\Controllers\Vei.php on line 31.
 1 SYSTEMPATH\Autoloader\Autoloader.php(261): CodeIgniter\Autoloader\Autoloader->includeFile('APPPATH\\Controllers\\Vei.php')
 2 SYSTEMPATH\Autoloader\Autoloader.php(239): CodeIgniter\Autoloader\Autoloader->loadInNamespace('App\\Controllers\\Vei')
 3 [internal function]: CodeIgniter\Autoloader\Autoloader->loadClass('App\\Controllers\\Vei')
 4 SYSTEMPATH\CodeIgniter.php(846): class_exists('\\App\\Controllers\\Vei', true)
 5 SYSTEMPATH\CodeIgniter.php(453): CodeIgniter\CodeIgniter->startController()
 6 SYSTEMPATH\CodeIgniter.php(349): CodeIgniter\CodeIgniter->handleRequest(null, Object(Config\Cache), false)
 7 FCPATH\index.php(55): CodeIgniter\CodeIgniter->run()
CRITICAL - 2022-08-19 12:34:50 --> syntax error, unexpected token ";"
in APPPATH\Views\vei\candidates.php on line 59.
 1 SYSTEMPATH\View\View.php(216): CodeIgniter\View\View->CodeIgniter\View\{closure}()
 2 SYSTEMPATH\Common.php(1135): CodeIgniter\View\View->render('vei/candidates', [], true)
 3 APPPATH\Views\template.php(32): view('vei/candidates')
 4 SYSTEMPATH\View\View.php(213): include('APPPATH\\Views\\template.php')
 5 SYSTEMPATH\View\View.php(216): CodeIgniter\View\View->CodeIgniter\View\{closure}()
 6 SYSTEMPATH\Common.php(1135): CodeIgniter\View\View->render('template', [], true)
 7 APPPATH\Controllers\Vei.php(37): view('template', [...])
 8 SYSTEMPATH\CodeIgniter.php(896): App\Controllers\Vei->candidates()
 9 SYSTEMPATH\CodeIgniter.php(466): CodeIgniter\CodeIgniter->runController(Object(App\Controllers\Vei))
10 SYSTEMPATH\CodeIgniter.php(349): CodeIgniter\CodeIgniter->handleRequest(null, Object(Config\Cache), false)
11 FCPATH\index.php(55): CodeIgniter\CodeIgniter->run()
CRITICAL - 2022-08-19 12:40:06 --> Undefined property: stdClass::$position_desc
in APPPATH\Views\vei\view_candidates.php on line 63.
 1 APPPATH\Views\vei\view_candidates.php(63): CodeIgniter\Debug\Exceptions->errorHandler(2, 'Undefined property: stdClass::$position_desc', 'APPPATH\\Views\\vei\\view_candidates.php', 63)
 2 SYSTEMPATH\View\View.php(213): include('APPPATH\\Views\\vei\\view_candidates.php')
 3 SYSTEMPATH\View\View.php(216): CodeIgniter\View\View->CodeIgniter\View\{closure}()
 4 SYSTEMPATH\Common.php(1135): CodeIgniter\View\View->render('vei/view_candidates', [], true)
 5 APPPATH\Views\template.php(32): view('vei/view_candidates')
 6 SYSTEMPATH\View\View.php(213): include('APPPATH\\Views\\template.php')
 7 SYSTEMPATH\View\View.php(216): CodeIgniter\View\View->CodeIgniter\View\{closure}()
 8 SYSTEMPATH\Common.php(1135): CodeIgniter\View\View->render('template', [], true)
 9 APPPATH\Controllers\Vei.php(87): view('template', [...])
10 SYSTEMPATH\CodeIgniter.php(896): App\Controllers\Vei->view_candidate('1')
11 SYSTEMPATH\CodeIgniter.php(466): CodeIgniter\CodeIgniter->runController(Object(App\Controllers\Vei))
12 SYSTEMPATH\CodeIgniter.php(349): CodeIgniter\CodeIgniter->handleRequest(null, Object(Config\Cache), false)
13 FCPATH\index.php(55): CodeIgniter\CodeIgniter->run()
CRITICAL - 2022-08-19 14:02:17 --> Undefined array key "is_login"
in APPPATH\Controllers\BaseController.php on line 73.
 1 APPPATH\Controllers\BaseController.php(73): CodeIgniter\Debug\Exceptions->errorHandler(2, 'Undefined array key "is_login"', 'APPPATH\\Controllers\\BaseController.php', 73)
 2 SYSTEMPATH\CodeIgniter.php(859): App\Controllers\BaseController->initController(Object(CodeIgniter\HTTP\IncomingRequest), Object(CodeIgniter\HTTP\Response), Object(CodeIgniter\Log\Logger))
 3 SYSTEMPATH\CodeIgniter.php(457): CodeIgniter\CodeIgniter->createController()
 4 SYSTEMPATH\CodeIgniter.php(349): CodeIgniter\CodeIgniter->handleRequest(null, Object(Config\Cache), false)
 5 FCPATH\index.php(55): CodeIgniter\CodeIgniter->run()
CRITICAL - 2022-08-19 14:44:33 --> syntax error, unexpected token ";", expecting "]"
in APPPATH\Config\Filters.php on line 49.
 1 SYSTEMPATH\Autoloader\Autoloader.php(261): CodeIgniter\Autoloader\Autoloader->includeFile('APPPATH\\Config\\Filters.php')
 2 SYSTEMPATH\Autoloader\Autoloader.php(239): CodeIgniter\Autoloader\Autoloader->loadInNamespace('Config\\Filters')
 3 [internal function]: CodeIgniter\Autoloader\Autoloader->loadClass('Config\\Filters')
 4 SYSTEMPATH\Config\Factories.php(152): class_exists('Config\\Filters')
 5 SYSTEMPATH\Config\Factories.php(122): CodeIgniter\Config\Factories::locateClass([...], 'Filters')
 6 SYSTEMPATH\Common.php(198): CodeIgniter\Config\Factories::__callStatic('config', [])
 7 SYSTEMPATH\Config\Services.php(280): config('Filters')
 8 SYSTEMPATH\Config\BaseService.php(251): CodeIgniter\Config\Services::filters(null, false)
 9 SYSTEMPATH\Config\BaseService.php(192): CodeIgniter\Config\BaseService::__callStatic('filters', [...])
10 SYSTEMPATH\Config\Services.php(277): CodeIgniter\Config\BaseService::getSharedInstance('filters', null)
11 SYSTEMPATH\Config\BaseService.php(251): CodeIgniter\Config\Services::filters()
12 SYSTEMPATH\CodeIgniter.php(420): CodeIgniter\Config\BaseService::__callStatic('filters', [])
13 SYSTEMPATH\CodeIgniter.php(349): CodeIgniter\CodeIgniter->handleRequest(null, Object(Config\Cache), false)
14 FCPATH\index.php(55): CodeIgniter\CodeIgniter->run()
CRITICAL - 2022-08-19 14:59:45 --> syntax error, unexpected variable "$voter_m"
in APPPATH\Controllers\Site.php on line 19.
 1 SYSTEMPATH\Autoloader\Autoloader.php(261): CodeIgniter\Autoloader\Autoloader->includeFile('APPPATH\\Controllers\\Site.php')
 2 SYSTEMPATH\Autoloader\Autoloader.php(239): CodeIgniter\Autoloader\Autoloader->loadInNamespace('App\\Controllers\\Site')
 3 [internal function]: CodeIgniter\Autoloader\Autoloader->loadClass('App\\Controllers\\Site')
 4 SYSTEMPATH\CodeIgniter.php(846): class_exists('\\App\\Controllers\\Site', true)
 5 SYSTEMPATH\CodeIgniter.php(453): CodeIgniter\CodeIgniter->startController()
 6 SYSTEMPATH\CodeIgniter.php(349): CodeIgniter\CodeIgniter->handleRequest(null, Object(Config\Cache), false)
 7 FCPATH\index.php(55): CodeIgniter\CodeIgniter->run()
CRITICAL - 2022-08-19 15:00:03 --> syntax error, unexpected token "}", expecting ";"
in APPPATH\Controllers\Site.php on line 23.
 1 SYSTEMPATH\Autoloader\Autoloader.php(261): CodeIgniter\Autoloader\Autoloader->includeFile('APPPATH\\Controllers\\Site.php')
 2 SYSTEMPATH\Autoloader\Autoloader.php(239): CodeIgniter\Autoloader\Autoloader->loadInNamespace('App\\Controllers\\Site')
 3 [internal function]: CodeIgniter\Autoloader\Autoloader->loadClass('App\\Controllers\\Site')
 4 SYSTEMPATH\CodeIgniter.php(846): class_exists('\\App\\Controllers\\Site', true)
 5 SYSTEMPATH\CodeIgniter.php(453): CodeIgniter\CodeIgniter->startController()
 6 SYSTEMPATH\CodeIgniter.php(349): CodeIgniter\CodeIgniter->handleRequest(null, Object(Config\Cache), false)
 7 FCPATH\index.php(55): CodeIgniter\CodeIgniter->run()
CRITICAL - 2022-08-19 15:00:17 --> Class "App\Models\Voter_m" not found
in APPPATH\Controllers\Site.php on line 17.
 1 SYSTEMPATH\CodeIgniter.php(896): App\Controllers\Site->getIndex()
 2 SYSTEMPATH\CodeIgniter.php(466): CodeIgniter\CodeIgniter->runController(Object(App\Controllers\Site))
 3 SYSTEMPATH\CodeIgniter.php(349): CodeIgniter\CodeIgniter->handleRequest(null, Object(Config\Cache), false)
 4 FCPATH\index.php(55): CodeIgniter\CodeIgniter->run()
CRITICAL - 2022-08-19 15:04:58 --> Undefined variable $session
in APPPATH\Models\Voter_m.php on line 62.
 1 APPPATH\Models\Voter_m.php(62): CodeIgniter\Debug\Exceptions->errorHandler(2, 'Undefined variable $session', 'APPPATH\\Models\\Voter_m.php', 62)
 2 APPPATH\Controllers\Site.php(19): App\Models\Voter_m->login('12345')
 3 SYSTEMPATH\CodeIgniter.php(896): App\Controllers\Site->getIndex()
 4 SYSTEMPATH\CodeIgniter.php(466): CodeIgniter\CodeIgniter->runController(Object(App\Controllers\Site))
 5 SYSTEMPATH\CodeIgniter.php(349): CodeIgniter\CodeIgniter->handleRequest(null, Object(Config\Cache), false)
 6 FCPATH\index.php(55): CodeIgniter\CodeIgniter->run()
CRITICAL - 2022-08-19 15:07:09 --> Call to a member function set() on null
in APPPATH\Models\Voter_m.php on line 62.
 1 APPPATH\Controllers\Site.php(19): App\Models\Voter_m->login('12345')
 2 SYSTEMPATH\CodeIgniter.php(896): App\Controllers\Site->getIndex()
 3 SYSTEMPATH\CodeIgniter.php(466): CodeIgniter\CodeIgniter->runController(Object(App\Controllers\Site))
 4 SYSTEMPATH\CodeIgniter.php(349): CodeIgniter\CodeIgniter->handleRequest(null, Object(Config\Cache), false)
 5 FCPATH\index.php(55): CodeIgniter\CodeIgniter->run()
CRITICAL - 2022-08-19 15:10:10 --> Call to a member function set() on null
in APPPATH\Models\Voter_m.php on line 62.
 1 APPPATH\Controllers\Site.php(19): App\Models\Voter_m->login('12345')
 2 SYSTEMPATH\CodeIgniter.php(896): App\Controllers\Site->getIndex()
 3 SYSTEMPATH\CodeIgniter.php(466): CodeIgniter\CodeIgniter->runController(Object(App\Controllers\Site))
 4 SYSTEMPATH\CodeIgniter.php(349): CodeIgniter\CodeIgniter->handleRequest(null, Object(Config\Cache), false)
 5 FCPATH\index.php(55): CodeIgniter\CodeIgniter->run()
CRITICAL - 2022-08-19 15:10:33 --> Call to a member function set() on null
in APPPATH\Models\Voter_m.php on line 62.
 1 APPPATH\Controllers\Site.php(19): App\Models\Voter_m->login('12345')
 2 SYSTEMPATH\CodeIgniter.php(896): App\Controllers\Site->getIndex()
 3 SYSTEMPATH\CodeIgniter.php(466): CodeIgniter\CodeIgniter->runController(Object(App\Controllers\Site))
 4 SYSTEMPATH\CodeIgniter.php(349): CodeIgniter\CodeIgniter->handleRequest(null, Object(Config\Cache), false)
 5 FCPATH\index.php(55): CodeIgniter\CodeIgniter->run()
