CRITICAL - 2023-02-03 04:49:43 --> Undefined index: search
in APPPATH/Controllers/Residents.php on line 93.
 1 APPPATH/Controllers/Residents.php(93): CodeIgniter\Debug\Exceptions->errorHandler(8, 'Undefined index: search', 'APPPATH/Controllers/Residents.php', 93, [...])
 2 SYSTEMPATH/CodeIgniter.php(896): App\Controllers\Residents->getResidentName()
 3 SYSTEMPATH/CodeIgniter.php(466): CodeIgniter\CodeIgniter->runController(Object(App\Controllers\Residents))
 4 SYSTEMPATH/CodeIgniter.php(349): CodeIgniter\CodeIgniter->handleRequest(null, Object(Config\Cache), false)
 5 FCPATH/index.php(55): CodeIgniter\CodeIgniter->run()
CRITICAL - 2023-02-03 04:49:51 --> Undefined index: search
in APPPATH/Controllers/Residents.php on line 93.
 1 APPPATH/Controllers/Residents.php(93): CodeIgniter\Debug\Exceptions->errorHandler(8, 'Undefined index: search', 'APPPATH/Controllers/Residents.php', 93, [...])
 2 SYSTEMPATH/CodeIgniter.php(896): App\Controllers\Residents->getResidentName()
 3 SYSTEMPATH/CodeIgniter.php(466): CodeIgniter\CodeIgniter->runController(Object(App\Controllers\Residents))
 4 SYSTEMPATH/CodeIgniter.php(349): CodeIgniter\CodeIgniter->handleRequest(null, Object(Config\Cache), false)
 5 FCPATH/index.php(55): CodeIgniter\CodeIgniter->run()
CRITICAL - 2023-02-03 11:08:00 --> syntax error, unexpected '='
in APPPATH/Controllers/Dashboard.php on line 15.
 1 SYSTEMPATH/Autoloader/Autoloader.php(261): CodeIgniter\Autoloader\Autoloader->includeFile('APPPATH/Controllers/Dashboard.php')
 2 SYSTEMPATH/Autoloader/Autoloader.php(239): CodeIgniter\Autoloader\Autoloader->loadInNamespace('App\\Controllers\\Dashboard')
 3 [internal function]: CodeIgniter\Autoloader\Autoloader->loadClass('App\\Controllers\\Dashboard')
 4 [internal function]: spl_autoload_call('App\\Controllers\\Dashboard')
 5 SYSTEMPATH/CodeIgniter.php(846): class_exists('\\App\\Controllers\\Dashboard', true)
 6 SYSTEMPATH/CodeIgniter.php(453): CodeIgniter\CodeIgniter->startController()
 7 SYSTEMPATH/CodeIgniter.php(349): CodeIgniter\CodeIgniter->handleRequest(null, Object(Config\Cache), false)
 8 FCPATH/index.php(55): CodeIgniter\CodeIgniter->run()
CRITICAL - 2023-02-03 11:10:07 --> Call to undefined method App\Models\Resident_m::finAll
in SYSTEMPATH/Model.php on line 773.
 1 APPPATH/Controllers/Dashboard.php(19): CodeIgniter\Model->__call('finAll', [])
 2 SYSTEMPATH/CodeIgniter.php(896): App\Controllers\Dashboard->getIndex()
 3 SYSTEMPATH/CodeIgniter.php(466): CodeIgniter\CodeIgniter->runController(Object(App\Controllers\Dashboard))
 4 SYSTEMPATH/CodeIgniter.php(349): CodeIgniter\CodeIgniter->handleRequest(null, Object(Config\Cache), false)
 5 FCPATH/index.php(55): CodeIgniter\CodeIgniter->run()
CRITICAL - 2023-02-03 11:10:26 --> Undefined variable: resident
in APPPATH/Views/dashboard/index.php on line 11.
 1 APPPATH/Views/dashboard/index.php(11): CodeIgniter\Debug\Exceptions->errorHandler(8, 'Undefined variable: resident', 'APPPATH/Views/dashboard/index.php', 11, [...])
 2 SYSTEMPATH/View/View.php(213): include('APPPATH/Views/dashboard/index.php')
 3 SYSTEMPATH/View/View.php(216): CodeIgniter\View\View->CodeIgniter\View\{closure}()
 4 SYSTEMPATH/Common.php(1135): CodeIgniter\View\View->render('dashboard/index', [], true)
 5 APPPATH/Views/template.php(64): view('dashboard/index')
 6 SYSTEMPATH/View/View.php(213): include('APPPATH/Views/template.php')
 7 SYSTEMPATH/View/View.php(216): CodeIgniter\View\View->CodeIgniter\View\{closure}()
 8 SYSTEMPATH/Common.php(1135): CodeIgniter\View\View->render('template', [], true)
 9 APPPATH/Controllers/Dashboard.php(24): view('template', [...])
10 SYSTEMPATH/CodeIgniter.php(896): App\Controllers\Dashboard->getIndex()
11 SYSTEMPATH/CodeIgniter.php(466): CodeIgniter\CodeIgniter->runController(Object(App\Controllers\Dashboard))
12 SYSTEMPATH/CodeIgniter.php(349): CodeIgniter\CodeIgniter->handleRequest(null, Object(Config\Cache), false)
13 FCPATH/index.php(55): CodeIgniter\CodeIgniter->run()
CRITICAL - 2023-02-03 11:24:24 --> syntax error, unexpected 'data' (T_STRING), expecting ';' or ','
in APPPATH/Views/dashboard/index.php on line 20.
 1 SYSTEMPATH/View/View.php(216): CodeIgniter\View\View->CodeIgniter\View\{closure}()
 2 SYSTEMPATH/Common.php(1135): CodeIgniter\View\View->render('dashboard/index', [], true)
 3 APPPATH/Views/template.php(64): view('dashboard/index')
 4 SYSTEMPATH/View/View.php(213): include('APPPATH/Views/template.php')
 5 SYSTEMPATH/View/View.php(216): CodeIgniter\View\View->CodeIgniter\View\{closure}()
 6 SYSTEMPATH/Common.php(1135): CodeIgniter\View\View->render('template', [], true)
 7 APPPATH/Controllers/Dashboard.php(31): view('template', [...])
 8 SYSTEMPATH/CodeIgniter.php(896): App\Controllers\Dashboard->getIndex()
 9 SYSTEMPATH/CodeIgniter.php(466): CodeIgniter\CodeIgniter->runController(Object(App\Controllers\Dashboard))
10 SYSTEMPATH/CodeIgniter.php(349): CodeIgniter\CodeIgniter->handleRequest(null, Object(Config\Cache), false)
11 FCPATH/index.php(55): CodeIgniter\CodeIgniter->run()
