CRITICAL - 2023-05-03 13:58:00 --> strtoupper(): Passing null to parameter #1 ($string) of type string is deprecated
in APPPATH\Models\Resident_m.php on line 141.
 1 [internal function]: CodeIgniter\Debug\Exceptions->errorHandler(8192, 'strtoupper(): Passing null to parameter #1 ($string) of type string is deprecated', 'APPPATH\\Models\\Resident_m.php', 141)
 2 APPPATH\Models\Resident_m.php(141): strtoupper(null)
 3 APPPATH\Controllers\Residents.php(193): App\Models\Resident_m->get_resident_select2('C:\\wamp64\\www\\bams')
 4 SYSTEMPATH\CodeIgniter.php(896): App\Controllers\Residents->get()
 5 SYSTEMPATH\CodeIgniter.php(466): CodeIgniter\CodeIgniter->runController(Object(App\Controllers\Residents))
 6 SYSTEMPATH\CodeIgniter.php(349): CodeIgniter\CodeIgniter->handleRequest(null, Object(Config\Cache), false)
 7 FCPATH\index.php(55): CodeIgniter\CodeIgniter->run()
CRITICAL - 2023-05-03 13:58:04 --> strtoupper(): Passing null to parameter #1 ($string) of type string is deprecated
in APPPATH\Models\Resident_m.php on line 141.
 1 [internal function]: CodeIgniter\Debug\Exceptions->errorHandler(8192, 'strtoupper(): Passing null to parameter #1 ($string) of type string is deprecated', 'APPPATH\\Models\\Resident_m.php', 141)
 2 APPPATH\Models\Resident_m.php(141): strtoupper(null)
 3 APPPATH\Controllers\Residents.php(193): App\Models\Resident_m->get_resident_select2('C:\\wamp64\\www\\bams')
 4 SYSTEMPATH\CodeIgniter.php(896): App\Controllers\Residents->get()
 5 SYSTEMPATH\CodeIgniter.php(466): CodeIgniter\CodeIgniter->runController(Object(App\Controllers\Residents))
 6 SYSTEMPATH\CodeIgniter.php(349): CodeIgniter\CodeIgniter->handleRequest(null, Object(Config\Cache), false)
 7 FCPATH\index.php(55): CodeIgniter\CodeIgniter->run()
CRITICAL - 2023-05-03 13:58:10 --> strtoupper(): Passing null to parameter #1 ($string) of type string is deprecated
in APPPATH\Models\Resident_m.php on line 141.
 1 [internal function]: CodeIgniter\Debug\Exceptions->errorHandler(8192, 'strtoupper(): Passing null to parameter #1 ($string) of type string is deprecated', 'APPPATH\\Models\\Resident_m.php', 141)
 2 APPPATH\Models\Resident_m.php(141): strtoupper(null)
 3 APPPATH\Controllers\Residents.php(193): App\Models\Resident_m->get_resident_select2('C:\\wamp64\\www\\bams')
 4 SYSTEMPATH\CodeIgniter.php(896): App\Controllers\Residents->get()
 5 SYSTEMPATH\CodeIgniter.php(466): CodeIgniter\CodeIgniter->runController(Object(App\Controllers\Residents))
 6 SYSTEMPATH\CodeIgniter.php(349): CodeIgniter\CodeIgniter->handleRequest(null, Object(Config\Cache), false)
 7 FCPATH\index.php(55): CodeIgniter\CodeIgniter->run()
CRITICAL - 2023-05-03 13:58:12 --> strtoupper(): Passing null to parameter #1 ($string) of type string is deprecated
in APPPATH\Models\Resident_m.php on line 141.
 1 [internal function]: CodeIgniter\Debug\Exceptions->errorHandler(8192, 'strtoupper(): Passing null to parameter #1 ($string) of type string is deprecated', 'APPPATH\\Models\\Resident_m.php', 141)
 2 APPPATH\Models\Resident_m.php(141): strtoupper(null)
 3 APPPATH\Controllers\Residents.php(193): App\Models\Resident_m->get_resident_select2('C:\\wamp64\\www\\bams')
 4 SYSTEMPATH\CodeIgniter.php(896): App\Controllers\Residents->get()
 5 SYSTEMPATH\CodeIgniter.php(466): CodeIgniter\CodeIgniter->runController(Object(App\Controllers\Residents))
 6 SYSTEMPATH\CodeIgniter.php(349): CodeIgniter\CodeIgniter->handleRequest(null, Object(Config\Cache), false)
 7 FCPATH\index.php(55): CodeIgniter\CodeIgniter->run()
CRITICAL - 2023-05-03 14:48:24 --> Call to a member function get_resident_business() on null
in APPPATH\Controllers\Residents.php on line 176.
 1 SYSTEMPATH\CodeIgniter.php(896): App\Controllers\Residents->view('9')
 2 SYSTEMPATH\CodeIgniter.php(466): CodeIgniter\CodeIgniter->runController(Object(App\Controllers\Residents))
 3 SYSTEMPATH\CodeIgniter.php(349): CodeIgniter\CodeIgniter->handleRequest(null, Object(Config\Cache), false)
 4 FCPATH\index.php(55): CodeIgniter\CodeIgniter->run()
CRITICAL - 2023-05-03 14:48:37 --> Call to a member function get_resident_business() on null
in APPPATH\Controllers\Residents.php on line 176.
 1 SYSTEMPATH\CodeIgniter.php(896): App\Controllers\Residents->view('9')
 2 SYSTEMPATH\CodeIgniter.php(466): CodeIgniter\CodeIgniter->runController(Object(App\Controllers\Residents))
 3 SYSTEMPATH\CodeIgniter.php(349): CodeIgniter\CodeIgniter->handleRequest(null, Object(Config\Cache), false)
 4 FCPATH\index.php(55): CodeIgniter\CodeIgniter->run()
CRITICAL - 2023-05-03 14:49:13 --> count(): Argument #1 ($value) must be of type Countable|array, stdClass given
in APPPATH\Views\residents\view_profile.php on line 327.
 1 SYSTEMPATH\View\View.php(213): include()
 2 SYSTEMPATH\View\View.php(216): CodeIgniter\View\View->CodeIgniter\View\{closure}()
 3 SYSTEMPATH\Common.php(1135): CodeIgniter\View\View->render('residents/view_profile', [], true)
 4 APPPATH\Views\template.php(65): view('residents/view_profile')
 5 SYSTEMPATH\View\View.php(213): include('APPPATH\\Views\\template.php')
 6 SYSTEMPATH\View\View.php(216): CodeIgniter\View\View->CodeIgniter\View\{closure}()
 7 SYSTEMPATH\Common.php(1135): CodeIgniter\View\View->render('template', [], true)
 8 APPPATH\Controllers\Residents.php(182): view('template', [...])
 9 SYSTEMPATH\CodeIgniter.php(896): App\Controllers\Residents->view('9')
10 SYSTEMPATH\CodeIgniter.php(466): CodeIgniter\CodeIgniter->runController(Object(App\Controllers\Residents))
11 SYSTEMPATH\CodeIgniter.php(349): CodeIgniter\CodeIgniter->handleRequest(null, Object(Config\Cache), false)
12 FCPATH\index.php(55): CodeIgniter\CodeIgniter->run()
CRITICAL - 2023-05-03 14:52:51 --> Undefined variable $key
in APPPATH\Views\residents\view_profile.php on line 365.
 1 APPPATH\Views\residents\view_profile.php(365): CodeIgniter\Debug\Exceptions->errorHandler(2, 'Undefined variable $key', 'APPPATH\\Views\\residents\\view_profile.php', 365)
 2 SYSTEMPATH\View\View.php(213): include('APPPATH\\Views\\residents\\view_profile.php')
 3 SYSTEMPATH\View\View.php(216): CodeIgniter\View\View->CodeIgniter\View\{closure}()
 4 SYSTEMPATH\Common.php(1135): CodeIgniter\View\View->render('residents/view_profile', [], true)
 5 APPPATH\Views\template.php(65): view('residents/view_profile')
 6 SYSTEMPATH\View\View.php(213): include('APPPATH\\Views\\template.php')
 7 SYSTEMPATH\View\View.php(216): CodeIgniter\View\View->CodeIgniter\View\{closure}()
 8 SYSTEMPATH\Common.php(1135): CodeIgniter\View\View->render('template', [], true)
 9 APPPATH\Controllers\Residents.php(182): view('template', [...])
10 SYSTEMPATH\CodeIgniter.php(896): App\Controllers\Residents->view('9')
11 SYSTEMPATH\CodeIgniter.php(466): CodeIgniter\CodeIgniter->runController(Object(App\Controllers\Residents))
12 SYSTEMPATH\CodeIgniter.php(349): CodeIgniter\CodeIgniter->handleRequest(null, Object(Config\Cache), false)
13 FCPATH\index.php(55): CodeIgniter\CodeIgniter->run()
CRITICAL - 2023-05-03 14:54:05 --> Undefined variable $list
in APPPATH\Views\residents\view_profile.php on line 344.
 1 APPPATH\Views\residents\view_profile.php(344): CodeIgniter\Debug\Exceptions->errorHandler(2, 'Undefined variable $list', 'APPPATH\\Views\\residents\\view_profile.php', 344)
 2 SYSTEMPATH\View\View.php(213): include('APPPATH\\Views\\residents\\view_profile.php')
 3 SYSTEMPATH\View\View.php(216): CodeIgniter\View\View->CodeIgniter\View\{closure}()
 4 SYSTEMPATH\Common.php(1135): CodeIgniter\View\View->render('residents/view_profile', [], true)
 5 APPPATH\Views\template.php(65): view('residents/view_profile')
 6 SYSTEMPATH\View\View.php(213): include('APPPATH\\Views\\template.php')
 7 SYSTEMPATH\View\View.php(216): CodeIgniter\View\View->CodeIgniter\View\{closure}()
 8 SYSTEMPATH\Common.php(1135): CodeIgniter\View\View->render('template', [], true)
 9 APPPATH\Controllers\Residents.php(182): view('template', [...])
10 SYSTEMPATH\CodeIgniter.php(896): App\Controllers\Residents->view('9')
11 SYSTEMPATH\CodeIgniter.php(466): CodeIgniter\CodeIgniter->runController(Object(App\Controllers\Residents))
12 SYSTEMPATH\CodeIgniter.php(349): CodeIgniter\CodeIgniter->handleRequest(null, Object(Config\Cache), false)
13 FCPATH\index.php(55): CodeIgniter\CodeIgniter->run()
CRITICAL - 2023-05-03 14:54:28 --> Undefined variable $cntActive
in APPPATH\Views\residents\view_profile.php on line 355.
 1 APPPATH\Views\residents\view_profile.php(355): CodeIgniter\Debug\Exceptions->errorHandler(2, 'Undefined variable $cntActive', 'APPPATH\\Views\\residents\\view_profile.php', 355)
 2 SYSTEMPATH\View\View.php(213): include('APPPATH\\Views\\residents\\view_profile.php')
 3 SYSTEMPATH\View\View.php(216): CodeIgniter\View\View->CodeIgniter\View\{closure}()
 4 SYSTEMPATH\Common.php(1135): CodeIgniter\View\View->render('residents/view_profile', [], true)
 5 APPPATH\Views\template.php(65): view('residents/view_profile')
 6 SYSTEMPATH\View\View.php(213): include('APPPATH\\Views\\template.php')
 7 SYSTEMPATH\View\View.php(216): CodeIgniter\View\View->CodeIgniter\View\{closure}()
 8 SYSTEMPATH\Common.php(1135): CodeIgniter\View\View->render('template', [], true)
 9 APPPATH\Controllers\Residents.php(182): view('template', [...])
10 SYSTEMPATH\CodeIgniter.php(896): App\Controllers\Residents->view('9')
11 SYSTEMPATH\CodeIgniter.php(466): CodeIgniter\CodeIgniter->runController(Object(App\Controllers\Residents))
12 SYSTEMPATH\CodeIgniter.php(349): CodeIgniter\CodeIgniter->handleRequest(null, Object(Config\Cache), false)
13 FCPATH\index.php(55): CodeIgniter\CodeIgniter->run()
CRITICAL - 2023-05-03 14:55:02 --> strtotime(): Passing null to parameter #1 ($datetime) of type string is deprecated
in APPPATH\Views\business\view_business.php on line 34.
 1 [internal function]: CodeIgniter\Debug\Exceptions->errorHandler(8192, 'strtotime(): Passing null to parameter #1 ($datetime) of type string is deprecated', 'APPPATH\\Views\\business\\view_business.php', 34)
 2 APPPATH\Views\business\view_business.php(34): strtotime(null)
 3 SYSTEMPATH\View\View.php(213): include('APPPATH\\Views\\business\\view_business.php')
 4 SYSTEMPATH\View\View.php(216): CodeIgniter\View\View->CodeIgniter\View\{closure}()
 5 SYSTEMPATH\Common.php(1135): CodeIgniter\View\View->render('business/view_business', [], true)
 6 APPPATH\Views\template.php(65): view('business/view_business')
 7 SYSTEMPATH\View\View.php(213): include('APPPATH\\Views\\template.php')
 8 SYSTEMPATH\View\View.php(216): CodeIgniter\View\View->CodeIgniter\View\{closure}()
 9 SYSTEMPATH\Common.php(1135): CodeIgniter\View\View->render('template', [], true)
10 APPPATH\Controllers\Business.php(73): view('template', [...])
11 SYSTEMPATH\CodeIgniter.php(896): App\Controllers\Business->getView('3')
12 SYSTEMPATH\CodeIgniter.php(466): CodeIgniter\CodeIgniter->runController(Object(App\Controllers\Business))
13 SYSTEMPATH\CodeIgniter.php(349): CodeIgniter\CodeIgniter->handleRequest(null, Object(Config\Cache), false)
14 FCPATH\index.php(55): CodeIgniter\CodeIgniter->run()
CRITICAL - 2023-05-03 14:55:27 --> strtotime(): Passing null to parameter #1 ($datetime) of type string is deprecated
in APPPATH\Views\business\view_business.php on line 34.
 1 [internal function]: CodeIgniter\Debug\Exceptions->errorHandler(8192, 'strtotime(): Passing null to parameter #1 ($datetime) of type string is deprecated', 'APPPATH\\Views\\business\\view_business.php', 34)
 2 APPPATH\Views\business\view_business.php(34): strtotime(null)
 3 SYSTEMPATH\View\View.php(213): include('APPPATH\\Views\\business\\view_business.php')
 4 SYSTEMPATH\View\View.php(216): CodeIgniter\View\View->CodeIgniter\View\{closure}()
 5 SYSTEMPATH\Common.php(1135): CodeIgniter\View\View->render('business/view_business', [], true)
 6 APPPATH\Views\template.php(65): view('business/view_business')
 7 SYSTEMPATH\View\View.php(213): include('APPPATH\\Views\\template.php')
 8 SYSTEMPATH\View\View.php(216): CodeIgniter\View\View->CodeIgniter\View\{closure}()
 9 SYSTEMPATH\Common.php(1135): CodeIgniter\View\View->render('template', [], true)
10 APPPATH\Controllers\Business.php(73): view('template', [...])
11 SYSTEMPATH\CodeIgniter.php(896): App\Controllers\Business->getView('3')
12 SYSTEMPATH\CodeIgniter.php(466): CodeIgniter\CodeIgniter->runController(Object(App\Controllers\Business))
13 SYSTEMPATH\CodeIgniter.php(349): CodeIgniter\CodeIgniter->handleRequest(null, Object(Config\Cache), false)
14 FCPATH\index.php(55): CodeIgniter\CodeIgniter->run()
CRITICAL - 2023-05-03 15:34:08 --> syntax error, unexpected token "if"
in APPPATH\Helpers\my_helper.php on line 53.
 1 APPPATH\Controllers\BaseController.php(59): helper([...])
 2 APPPATH\Controllers\Property.php(9): App\Controllers\BaseController->__construct()
 3 SYSTEMPATH\CodeIgniter.php(858): App\Controllers\Property->__construct()
 4 SYSTEMPATH\CodeIgniter.php(457): CodeIgniter\CodeIgniter->createController()
 5 SYSTEMPATH\CodeIgniter.php(349): CodeIgniter\CodeIgniter->handleRequest(null, Object(Config\Cache), false)
 6 FCPATH\index.php(55): CodeIgniter\CodeIgniter->run()
CRITICAL - 2023-05-03 15:34:23 --> Cannot access offset of type string on string
in APPPATH\Helpers\my_helper.php on line 49.
 1 APPPATH\Views\property\add_property.php(36): button('back', 'BACK', 'C:\\wamp64\\www\\bams', 'http://localhost/bams/property')
 2 SYSTEMPATH\View\View.php(213): include('APPPATH\\Views\\property\\add_property.php')
 3 SYSTEMPATH\View\View.php(216): CodeIgniter\View\View->CodeIgniter\View\{closure}()
 4 SYSTEMPATH\Common.php(1135): CodeIgniter\View\View->render('property/add_property', [], true)
 5 APPPATH\Views\template.php(65): view('property/add_property')
 6 SYSTEMPATH\View\View.php(213): include('APPPATH\\Views\\template.php')
 7 SYSTEMPATH\View\View.php(216): CodeIgniter\View\View->CodeIgniter\View\{closure}()
 8 SYSTEMPATH\Common.php(1135): CodeIgniter\View\View->render('template', [], true)
 9 APPPATH\Controllers\Property.php(48): view('template', [...])
10 SYSTEMPATH\CodeIgniter.php(896): App\Controllers\Property->add()
11 SYSTEMPATH\CodeIgniter.php(466): CodeIgniter\CodeIgniter->runController(Object(App\Controllers\Property))
12 SYSTEMPATH\CodeIgniter.php(349): CodeIgniter\CodeIgniter->handleRequest(null, Object(Config\Cache), false)
13 FCPATH\index.php(55): CodeIgniter\CodeIgniter->run()
CRITICAL - 2023-05-03 15:37:39 --> syntax error, unexpected variable "$addClass", expecting "->" or "?->" or "{" or "["
in APPPATH\Helpers\my_helper.php on line 74.
 1 APPPATH\Controllers\BaseController.php(59): helper([...])
 2 APPPATH\Controllers\Property.php(9): App\Controllers\BaseController->__construct()
 3 SYSTEMPATH\CodeIgniter.php(858): App\Controllers\Property->__construct()
 4 SYSTEMPATH\CodeIgniter.php(457): CodeIgniter\CodeIgniter->createController()
 5 SYSTEMPATH\CodeIgniter.php(349): CodeIgniter\CodeIgniter->handleRequest(null, Object(Config\Cache), false)
 6 FCPATH\index.php(55): CodeIgniter\CodeIgniter->run()
CRITICAL - 2023-05-03 15:41:17 --> Undefined array key ""
in APPPATH\Helpers\my_helper.php on line 49.
 1 APPPATH\Helpers\my_helper.php(49): CodeIgniter\Debug\Exceptions->errorHandler(2, 'Undefined array key ""', 'APPPATH\\Helpers\\my_helper.php', 49)
 2 APPPATH\Views\property\add_property.php(36): button('C:\\wamp64\\www\\bams', 'BACK', null, 'http://localhost/bams/property', 'btn-lg')
 3 SYSTEMPATH\View\View.php(213): include('APPPATH\\Views\\property\\add_property.php')
 4 SYSTEMPATH\View\View.php(216): CodeIgniter\View\View->CodeIgniter\View\{closure}()
 5 SYSTEMPATH\Common.php(1135): CodeIgniter\View\View->render('property/add_property', [], true)
 6 APPPATH\Views\template.php(65): view('property/add_property')
 7 SYSTEMPATH\View\View.php(213): include('APPPATH\\Views\\template.php')
 8 SYSTEMPATH\View\View.php(216): CodeIgniter\View\View->CodeIgniter\View\{closure}()
 9 SYSTEMPATH\Common.php(1135): CodeIgniter\View\View->render('template', [], true)
10 APPPATH\Controllers\Property.php(48): view('template', [...])
11 SYSTEMPATH\CodeIgniter.php(896): App\Controllers\Property->add()
12 SYSTEMPATH\CodeIgniter.php(466): CodeIgniter\CodeIgniter->runController(Object(App\Controllers\Property))
13 SYSTEMPATH\CodeIgniter.php(349): CodeIgniter\CodeIgniter->handleRequest(null, Object(Config\Cache), false)
14 FCPATH\index.php(55): CodeIgniter\CodeIgniter->run()
CRITICAL - 2023-05-03 15:46:46 --> Undefined variable $street
in APPPATH\Views\property\script.php on line 28.
 1 APPPATH\Views\property\script.php(28): CodeIgniter\Debug\Exceptions->errorHandler(2, 'Undefined variable $street', 'APPPATH\\Views\\property\\script.php', 28)
 2 SYSTEMPATH\View\View.php(213): include('APPPATH\\Views\\property\\script.php')
 3 SYSTEMPATH\View\View.php(216): CodeIgniter\View\View->CodeIgniter\View\{closure}()
 4 SYSTEMPATH\Common.php(1135): CodeIgniter\View\View->render('property/script', [], true)
 5 APPPATH\Views\template.php(133): view('property/script')
 6 SYSTEMPATH\View\View.php(213): include('APPPATH\\Views\\template.php')
 7 SYSTEMPATH\View\View.php(216): CodeIgniter\View\View->CodeIgniter\View\{closure}()
 8 SYSTEMPATH\Common.php(1135): CodeIgniter\View\View->render('template', [], true)
 9 APPPATH\Controllers\Property.php(48): view('template', [...])
10 SYSTEMPATH\CodeIgniter.php(896): App\Controllers\Property->add()
11 SYSTEMPATH\CodeIgniter.php(466): CodeIgniter\CodeIgniter->runController(Object(App\Controllers\Property))
12 SYSTEMPATH\CodeIgniter.php(349): CodeIgniter\CodeIgniter->handleRequest(null, Object(Config\Cache), false)
13 FCPATH\index.php(55): CodeIgniter\CodeIgniter->run()
CRITICAL - 2023-05-03 15:47:15 --> Undefined variable $street
in APPPATH\Views\property\script.php on line 28.
 1 APPPATH\Views\property\script.php(28): CodeIgniter\Debug\Exceptions->errorHandler(2, 'Undefined variable $street', 'APPPATH\\Views\\property\\script.php', 28)
 2 SYSTEMPATH\View\View.php(213): include('APPPATH\\Views\\property\\script.php')
 3 SYSTEMPATH\View\View.php(216): CodeIgniter\View\View->CodeIgniter\View\{closure}()
 4 SYSTEMPATH\Common.php(1135): CodeIgniter\View\View->render('property/script', [], true)
 5 APPPATH\Views\template.php(133): view('property/script')
 6 SYSTEMPATH\View\View.php(213): include('APPPATH\\Views\\template.php')
 7 SYSTEMPATH\View\View.php(216): CodeIgniter\View\View->CodeIgniter\View\{closure}()
 8 SYSTEMPATH\Common.php(1135): CodeIgniter\View\View->render('template', [], true)
 9 APPPATH\Controllers\Property.php(48): view('template', [...])
10 SYSTEMPATH\CodeIgniter.php(896): App\Controllers\Property->add()
11 SYSTEMPATH\CodeIgniter.php(466): CodeIgniter\CodeIgniter->runController(Object(App\Controllers\Property))
12 SYSTEMPATH\CodeIgniter.php(349): CodeIgniter\CodeIgniter->handleRequest(null, Object(Config\Cache), false)
13 FCPATH\index.php(55): CodeIgniter\CodeIgniter->run()
CRITICAL - 2023-05-03 15:51:59 --> Undefined variable $street
in APPPATH\Views\property\script.php on line 28.
 1 APPPATH\Views\property\script.php(28): CodeIgniter\Debug\Exceptions->errorHandler(2, 'Undefined variable $street', 'APPPATH\\Views\\property\\script.php', 28)
 2 SYSTEMPATH\View\View.php(213): include('APPPATH\\Views\\property\\script.php')
 3 SYSTEMPATH\View\View.php(216): CodeIgniter\View\View->CodeIgniter\View\{closure}()
 4 SYSTEMPATH\Common.php(1135): CodeIgniter\View\View->render('property/script', [], true)
 5 APPPATH\Views\template.php(133): view('property/script')
 6 SYSTEMPATH\View\View.php(213): include('APPPATH\\Views\\template.php')
 7 SYSTEMPATH\View\View.php(216): CodeIgniter\View\View->CodeIgniter\View\{closure}()
 8 SYSTEMPATH\Common.php(1135): CodeIgniter\View\View->render('template', [], true)
 9 APPPATH\Controllers\Property.php(48): view('template', [...])
10 SYSTEMPATH\CodeIgniter.php(896): App\Controllers\Property->add()
11 SYSTEMPATH\CodeIgniter.php(466): CodeIgniter\CodeIgniter->runController(Object(App\Controllers\Property))
12 SYSTEMPATH\CodeIgniter.php(349): CodeIgniter\CodeIgniter->handleRequest(null, Object(Config\Cache), false)
13 FCPATH\index.php(55): CodeIgniter\CodeIgniter->run()
CRITICAL - 2023-05-03 16:20:46 --> Undefined variable $street
in APPPATH\Views\property\script.php on line 28.
 1 APPPATH\Views\property\script.php(28): CodeIgniter\Debug\Exceptions->errorHandler(2, 'Undefined variable $street', 'APPPATH\\Views\\property\\script.php', 28)
 2 SYSTEMPATH\View\View.php(213): include('APPPATH\\Views\\property\\script.php')
 3 SYSTEMPATH\View\View.php(216): CodeIgniter\View\View->CodeIgniter\View\{closure}()
 4 SYSTEMPATH\Common.php(1135): CodeIgniter\View\View->render('property/script', [], true)
 5 APPPATH\Views\template.php(133): view('property/script')
 6 SYSTEMPATH\View\View.php(213): include('APPPATH\\Views\\template.php')
 7 SYSTEMPATH\View\View.php(216): CodeIgniter\View\View->CodeIgniter\View\{closure}()
 8 SYSTEMPATH\Common.php(1135): CodeIgniter\View\View->render('template', [], true)
 9 APPPATH\Controllers\Property.php(22): view('template', [...])
10 SYSTEMPATH\CodeIgniter.php(896): App\Controllers\Property->index()
11 SYSTEMPATH\CodeIgniter.php(466): CodeIgniter\CodeIgniter->runController(Object(App\Controllers\Property))
12 SYSTEMPATH\CodeIgniter.php(349): CodeIgniter\CodeIgniter->handleRequest(null, Object(Config\Cache), false)
13 FCPATH\index.php(55): CodeIgniter\CodeIgniter->run()
CRITICAL - 2023-05-03 16:20:47 --> Undefined variable $street
in APPPATH\Views\property\script.php on line 28.
 1 APPPATH\Views\property\script.php(28): CodeIgniter\Debug\Exceptions->errorHandler(2, 'Undefined variable $street', 'APPPATH\\Views\\property\\script.php', 28)
 2 SYSTEMPATH\View\View.php(213): include('APPPATH\\Views\\property\\script.php')
 3 SYSTEMPATH\View\View.php(216): CodeIgniter\View\View->CodeIgniter\View\{closure}()
 4 SYSTEMPATH\Common.php(1135): CodeIgniter\View\View->render('property/script', [], true)
 5 APPPATH\Views\template.php(133): view('property/script')
 6 SYSTEMPATH\View\View.php(213): include('APPPATH\\Views\\template.php')
 7 SYSTEMPATH\View\View.php(216): CodeIgniter\View\View->CodeIgniter\View\{closure}()
 8 SYSTEMPATH\Common.php(1135): CodeIgniter\View\View->render('template', [], true)
 9 APPPATH\Controllers\Property.php(48): view('template', [...])
10 SYSTEMPATH\CodeIgniter.php(896): App\Controllers\Property->add()
11 SYSTEMPATH\CodeIgniter.php(466): CodeIgniter\CodeIgniter->runController(Object(App\Controllers\Property))
12 SYSTEMPATH\CodeIgniter.php(349): CodeIgniter\CodeIgniter->handleRequest(null, Object(Config\Cache), false)
13 FCPATH\index.php(55): CodeIgniter\CodeIgniter->run()
CRITICAL - 2023-05-03 16:21:40 --> Undefined variable $street
in APPPATH\Views\property\script.php on line 28.
 1 APPPATH\Views\property\script.php(28): CodeIgniter\Debug\Exceptions->errorHandler(2, 'Undefined variable $street', 'APPPATH\\Views\\property\\script.php', 28)
 2 SYSTEMPATH\View\View.php(213): include('APPPATH\\Views\\property\\script.php')
 3 SYSTEMPATH\View\View.php(216): CodeIgniter\View\View->CodeIgniter\View\{closure}()
 4 SYSTEMPATH\Common.php(1135): CodeIgniter\View\View->render('property/script', [], true)
 5 APPPATH\Views\template.php(133): view('property/script')
 6 SYSTEMPATH\View\View.php(213): include('APPPATH\\Views\\template.php')
 7 SYSTEMPATH\View\View.php(216): CodeIgniter\View\View->CodeIgniter\View\{closure}()
 8 SYSTEMPATH\Common.php(1135): CodeIgniter\View\View->render('template', [], true)
 9 APPPATH\Controllers\Property.php(48): view('template', [...])
10 SYSTEMPATH\CodeIgniter.php(896): App\Controllers\Property->add()
11 SYSTEMPATH\CodeIgniter.php(466): CodeIgniter\CodeIgniter->runController(Object(App\Controllers\Property))
12 SYSTEMPATH\CodeIgniter.php(349): CodeIgniter\CodeIgniter->handleRequest(null, Object(Config\Cache), false)
13 FCPATH\index.php(55): CodeIgniter\CodeIgniter->run()
CRITICAL - 2023-05-03 16:22:54 --> Undefined variable $street
in APPPATH\Views\property\script.php on line 28.
 1 APPPATH\Views\property\script.php(28): CodeIgniter\Debug\Exceptions->errorHandler(2, 'Undefined variable $street', 'APPPATH\\Views\\property\\script.php', 28)
 2 SYSTEMPATH\View\View.php(213): include('APPPATH\\Views\\property\\script.php')
 3 SYSTEMPATH\View\View.php(216): CodeIgniter\View\View->CodeIgniter\View\{closure}()
 4 SYSTEMPATH\Common.php(1135): CodeIgniter\View\View->render('property/script', [], true)
 5 APPPATH\Views\template.php(133): view('property/script')
 6 SYSTEMPATH\View\View.php(213): include('APPPATH\\Views\\template.php')
 7 SYSTEMPATH\View\View.php(216): CodeIgniter\View\View->CodeIgniter\View\{closure}()
 8 SYSTEMPATH\Common.php(1135): CodeIgniter\View\View->render('template', [], true)
 9 APPPATH\Controllers\Property.php(48): view('template', [...])
10 SYSTEMPATH\CodeIgniter.php(896): App\Controllers\Property->add()
11 SYSTEMPATH\CodeIgniter.php(466): CodeIgniter\CodeIgniter->runController(Object(App\Controllers\Property))
12 SYSTEMPATH\CodeIgniter.php(349): CodeIgniter\CodeIgniter->handleRequest(null, Object(Config\Cache), false)
13 FCPATH\index.php(55): CodeIgniter\CodeIgniter->run()
CRITICAL - 2023-05-03 16:23:28 --> Undefined variable $street
in APPPATH\Views\property\script.php on line 28.
 1 APPPATH\Views\property\script.php(28): CodeIgniter\Debug\Exceptions->errorHandler(2, 'Undefined variable $street', 'APPPATH\\Views\\property\\script.php', 28)
 2 SYSTEMPATH\View\View.php(213): include('APPPATH\\Views\\property\\script.php')
 3 SYSTEMPATH\View\View.php(216): CodeIgniter\View\View->CodeIgniter\View\{closure}()
 4 SYSTEMPATH\Common.php(1135): CodeIgniter\View\View->render('property/script', [], true)
 5 APPPATH\Views\template.php(133): view('property/script')
 6 SYSTEMPATH\View\View.php(213): include('APPPATH\\Views\\template.php')
 7 SYSTEMPATH\View\View.php(216): CodeIgniter\View\View->CodeIgniter\View\{closure}()
 8 SYSTEMPATH\Common.php(1135): CodeIgniter\View\View->render('template', [], true)
 9 APPPATH\Controllers\Property.php(48): view('template', [...])
10 SYSTEMPATH\CodeIgniter.php(896): App\Controllers\Property->add()
11 SYSTEMPATH\CodeIgniter.php(466): CodeIgniter\CodeIgniter->runController(Object(App\Controllers\Property))
12 SYSTEMPATH\CodeIgniter.php(349): CodeIgniter\CodeIgniter->handleRequest(null, Object(Config\Cache), false)
13 FCPATH\index.php(55): CodeIgniter\CodeIgniter->run()
CRITICAL - 2023-05-03 16:29:22 --> Undefined variable $street
in APPPATH\Views\property\script.php on line 28.
 1 APPPATH\Views\property\script.php(28): CodeIgniter\Debug\Exceptions->errorHandler(2, 'Undefined variable $street', 'APPPATH\\Views\\property\\script.php', 28)
 2 SYSTEMPATH\View\View.php(213): include('APPPATH\\Views\\property\\script.php')
 3 SYSTEMPATH\View\View.php(216): CodeIgniter\View\View->CodeIgniter\View\{closure}()
 4 SYSTEMPATH\Common.php(1135): CodeIgniter\View\View->render('property/script', [], true)
 5 APPPATH\Views\template.php(133): view('property/script')
 6 SYSTEMPATH\View\View.php(213): include('APPPATH\\Views\\template.php')
 7 SYSTEMPATH\View\View.php(216): CodeIgniter\View\View->CodeIgniter\View\{closure}()
 8 SYSTEMPATH\Common.php(1135): CodeIgniter\View\View->render('template', [], true)
 9 APPPATH\Controllers\Property.php(22): view('template', [...])
10 SYSTEMPATH\CodeIgniter.php(896): App\Controllers\Property->index()
11 SYSTEMPATH\CodeIgniter.php(466): CodeIgniter\CodeIgniter->runController(Object(App\Controllers\Property))
12 SYSTEMPATH\CodeIgniter.php(349): CodeIgniter\CodeIgniter->handleRequest(null, Object(Config\Cache), false)
13 FCPATH\index.php(55): CodeIgniter\CodeIgniter->run()
CRITICAL - 2023-05-03 16:30:10 --> Undefined property: stdClass::$property_address
in APPPATH\Views\property\view_property.php on line 41.
 1 APPPATH\Views\property\view_property.php(41): CodeIgniter\Debug\Exceptions->errorHandler(2, 'Undefined property: stdClass::$property_address', 'APPPATH\\Views\\property\\view_property.php', 41)
 2 SYSTEMPATH\View\View.php(213): include('APPPATH\\Views\\property\\view_property.php')
 3 SYSTEMPATH\View\View.php(216): CodeIgniter\View\View->CodeIgniter\View\{closure}()
 4 SYSTEMPATH\Common.php(1135): CodeIgniter\View\View->render('property/view_property', [], true)
 5 APPPATH\Views\template.php(65): view('property/view_property')
 6 SYSTEMPATH\View\View.php(213): include('APPPATH\\Views\\template.php')
 7 SYSTEMPATH\View\View.php(216): CodeIgniter\View\View->CodeIgniter\View\{closure}()
 8 SYSTEMPATH\Common.php(1135): CodeIgniter\View\View->render('template', [], true)
 9 APPPATH\Controllers\Property.php(59): view('template', [...])
10 SYSTEMPATH\CodeIgniter.php(896): App\Controllers\Property->view('7')
11 SYSTEMPATH\CodeIgniter.php(466): CodeIgniter\CodeIgniter->runController(Object(App\Controllers\Property))
12 SYSTEMPATH\CodeIgniter.php(349): CodeIgniter\CodeIgniter->handleRequest(null, Object(Config\Cache), false)
13 FCPATH\index.php(55): CodeIgniter\CodeIgniter->run()
CRITICAL - 2023-05-03 17:10:04 --> Undefined property: stdClass::$property_address
in APPPATH\Views\property\view_property.php on line 41.
 1 APPPATH\Views\property\view_property.php(41): CodeIgniter\Debug\Exceptions->errorHandler(2, 'Undefined property: stdClass::$property_address', 'APPPATH\\Views\\property\\view_property.php', 41)
 2 SYSTEMPATH\View\View.php(213): include('APPPATH\\Views\\property\\view_property.php')
 3 SYSTEMPATH\View\View.php(216): CodeIgniter\View\View->CodeIgniter\View\{closure}()
 4 SYSTEMPATH\Common.php(1135): CodeIgniter\View\View->render('property/view_property', [], true)
 5 APPPATH\Views\template.php(65): view('property/view_property')
 6 SYSTEMPATH\View\View.php(213): include('APPPATH\\Views\\template.php')
 7 SYSTEMPATH\View\View.php(216): CodeIgniter\View\View->CodeIgniter\View\{closure}()
 8 SYSTEMPATH\Common.php(1135): CodeIgniter\View\View->render('template', [], true)
 9 APPPATH\Controllers\Property.php(59): view('template', [...])
10 SYSTEMPATH\CodeIgniter.php(896): App\Controllers\Property->view('1')
11 SYSTEMPATH\CodeIgniter.php(466): CodeIgniter\CodeIgniter->runController(Object(App\Controllers\Property))
12 SYSTEMPATH\CodeIgniter.php(349): CodeIgniter\CodeIgniter->handleRequest(null, Object(Config\Cache), false)
13 FCPATH\index.php(55): CodeIgniter\CodeIgniter->run()
CRITICAL - 2023-05-03 17:13:15 --> Undefined property: stdClass::$street_desc
in APPPATH\Views\property\view_property.php on line 41.
 1 APPPATH\Views\property\view_property.php(41): CodeIgniter\Debug\Exceptions->errorHandler(2, 'Undefined property: stdClass::$street_desc', 'APPPATH\\Views\\property\\view_property.php', 41)
 2 SYSTEMPATH\View\View.php(213): include('APPPATH\\Views\\property\\view_property.php')
 3 SYSTEMPATH\View\View.php(216): CodeIgniter\View\View->CodeIgniter\View\{closure}()
 4 SYSTEMPATH\Common.php(1135): CodeIgniter\View\View->render('property/view_property', [], true)
 5 APPPATH\Views\template.php(65): view('property/view_property')
 6 SYSTEMPATH\View\View.php(213): include('APPPATH\\Views\\template.php')
 7 SYSTEMPATH\View\View.php(216): CodeIgniter\View\View->CodeIgniter\View\{closure}()
 8 SYSTEMPATH\Common.php(1135): CodeIgniter\View\View->render('template', [], true)
 9 APPPATH\Controllers\Property.php(59): view('template', [...])
10 SYSTEMPATH\CodeIgniter.php(896): App\Controllers\Property->view('1')
11 SYSTEMPATH\CodeIgniter.php(466): CodeIgniter\CodeIgniter->runController(Object(App\Controllers\Property))
12 SYSTEMPATH\CodeIgniter.php(349): CodeIgniter\CodeIgniter->handleRequest(null, Object(Config\Cache), false)
13 FCPATH\index.php(55): CodeIgniter\CodeIgniter->run()
