CRITICAL - 2022-08-18 02:40:04 --> Undefined property: stdClass::$btnlabel
in APPPATH\Views\masterdata\events\event.php on line 71.
 1 APPPATH\Views\masterdata\events\event.php(71): CodeIgniter\Debug\Exceptions->errorHandler(2, 'Undefined property: stdClass::$btnlabel', 'APPPATH\\Views\\masterdata\\events\\event.php', 71)
 2 SYSTEMPATH\View\View.php(213): include('APPPATH\\Views\\masterdata\\events\\event.php')
 3 SYSTEMPATH\View\View.php(216): CodeIgniter\View\View->CodeIgniter\View\{closure}()
 4 SYSTEMPATH\Common.php(1135): CodeIgniter\View\View->render('masterdata/events/event', [], true)
 5 APPPATH\Views\template.php(32): view('masterdata/events/event')
 6 SYSTEMPATH\View\View.php(213): include('APPPATH\\Views\\template.php')
 7 SYSTEMPATH\View\View.php(216): CodeIgniter\View\View->CodeIgniter\View\{closure}()
 8 SYSTEMPATH\Common.php(1135): CodeIgniter\View\View->render('template', [], true)
 9 APPPATH\Controllers\Masterdata.php(35): view('template', [...])
10 SYSTEMPATH\CodeIgniter.php(896): App\Controllers\Masterdata->getEvents()
11 SYSTEMPATH\CodeIgniter.php(466): CodeIgniter\CodeIgniter->runController(Object(App\Controllers\Masterdata))
12 SYSTEMPATH\CodeIgniter.php(349): CodeIgniter\CodeIgniter->handleRequest(null, Object(Config\Cache), false)
13 FCPATH\index.php(55): CodeIgniter\CodeIgniter->run()
CRITICAL - 2022-08-18 03:00:20 --> Call to undefined function App\Controllers\dump()
in APPPATH\Controllers\Masterdata.php on line 58.
 1 SYSTEMPATH\CodeIgniter.php(896): App\Controllers\Masterdata->getAdd_event('2')
 2 SYSTEMPATH\CodeIgniter.php(466): CodeIgniter\CodeIgniter->runController(Object(App\Controllers\Masterdata))
 3 SYSTEMPATH\CodeIgniter.php(349): CodeIgniter\CodeIgniter->handleRequest(null, Object(Config\Cache), false)
 4 FCPATH\index.php(55): CodeIgniter\CodeIgniter->run()
CRITICAL - 2022-08-18 03:33:25 --> Call to undefined function App\Controllers\unser()
in APPPATH\Controllers\Masterdata.php on line 64.
 1 SYSTEMPATH\CodeIgniter.php(896): App\Controllers\Masterdata->getAdd_event('2')
 2 SYSTEMPATH\CodeIgniter.php(466): CodeIgniter\CodeIgniter->runController(Object(App\Controllers\Masterdata))
 3 SYSTEMPATH\CodeIgniter.php(349): CodeIgniter\CodeIgniter->handleRequest(null, Object(Config\Cache), false)
 4 FCPATH\index.php(55): CodeIgniter\CodeIgniter->run()
CRITICAL - 2022-08-18 03:34:31 --> Declaration of App\Models\Event_m::save($data) must be compatible with CodeIgniter\BaseModel::save($data): bool
in APPPATH\Models\Event_m.php on line 108.
 1 [internal function]: CodeIgniter\Debug\Exceptions->shutdownHandler()
CRITICAL - 2022-08-18 03:34:48 --> App\Models\Event_m::save(): Return value must be of type bool, none returned
in APPPATH\Models\Event_m.php on line 123.
 1 APPPATH\Controllers\Masterdata.php(66): App\Models\Event_m->save([...])
 2 SYSTEMPATH\CodeIgniter.php(896): App\Controllers\Masterdata->getAdd_event('2')
 3 SYSTEMPATH\CodeIgniter.php(466): CodeIgniter\CodeIgniter->runController(Object(App\Controllers\Masterdata))
 4 SYSTEMPATH\CodeIgniter.php(349): CodeIgniter\CodeIgniter->handleRequest(null, Object(Config\Cache), false)
 5 FCPATH\index.php(55): CodeIgniter\CodeIgniter->run()
CRITICAL - 2022-08-18 03:38:42 --> There is no data to update.
in SYSTEMPATH\BaseModel.php on line 846.
 1 SYSTEMPATH\BaseModel.php(846): CodeIgniter\Database\Exceptions\DataException::forEmptyDataset('update')
 2 SYSTEMPATH\Model.php(692): CodeIgniter\BaseModel->update([...], [])
 3 SYSTEMPATH\BaseModel.php(656): CodeIgniter\Model->update('2', [...])
 4 APPPATH\Models\Event_m.php(122): CodeIgniter\BaseModel->save([...])
 5 APPPATH\Controllers\Masterdata.php(65): App\Models\Event_m->save([...])
 6 SYSTEMPATH\CodeIgniter.php(896): App\Controllers\Masterdata->getAdd_event('2')
 7 SYSTEMPATH\CodeIgniter.php(466): CodeIgniter\CodeIgniter->runController(Object(App\Controllers\Masterdata))
 8 SYSTEMPATH\CodeIgniter.php(349): CodeIgniter\CodeIgniter->handleRequest(null, Object(Config\Cache), false)
 9 FCPATH\index.php(55): CodeIgniter\CodeIgniter->run()
CRITICAL - 2022-08-18 21:04:11 --> App\Validation\CustomRules::sample(): Argument #2 ($fields) must be of type string, null given, called in C:\wamp64\www\voting_systemci4\system\Validation\Validation.php on line 305
in APPPATH\Validation\CustomRules.php on line 7.
 1 SYSTEMPATH\Validation\Validation.php(305): App\Validation\CustomRules->sample('DFGDFG', null)
 2 SYSTEMPATH\Validation\Validation.php(173): CodeIgniter\Validation\Validation->processRules('event_code', 'Event Code', 'DFGDFG', [...], [...])
 3 SYSTEMPATH\Controller.php(140): CodeIgniter\Validation\Validation->run()
 4 APPPATH\Controllers\Masterdata.php(71): CodeIgniter\Controller->validate([...])
 5 SYSTEMPATH\CodeIgniter.php(896): App\Controllers\Masterdata->getAdd_event('2')
 6 SYSTEMPATH\CodeIgniter.php(466): CodeIgniter\CodeIgniter->runController(Object(App\Controllers\Masterdata))
 7 SYSTEMPATH\CodeIgniter.php(349): CodeIgniter\CodeIgniter->handleRequest(null, Object(Config\Cache), false)
 8 FCPATH\index.php(55): CodeIgniter\CodeIgniter->run()
CRITICAL - 2022-08-18 21:06:38 --> Undefined property: App\Validation\CustomRules::$request
in APPPATH\Validation\CustomRules.php on line 10.
 1 APPPATH\Validation\CustomRules.php(10): CodeIgniter\Debug\Exceptions->errorHandler(2, 'Undefined property: App\\Validation\\CustomRules::$request', 'APPPATH\\Validation\\CustomRules.php', 10)
 2 SYSTEMPATH\Validation\Validation.php(305): App\Validation\CustomRules->sample('DFGDFG', null)
 3 SYSTEMPATH\Validation\Validation.php(173): CodeIgniter\Validation\Validation->processRules('event_code', 'Event Code', 'DFGDFG', [...], [...])
 4 SYSTEMPATH\Controller.php(140): CodeIgniter\Validation\Validation->run()
 5 APPPATH\Controllers\Masterdata.php(71): CodeIgniter\Controller->validate([...])
 6 SYSTEMPATH\CodeIgniter.php(896): App\Controllers\Masterdata->getAdd_event('2')
 7 SYSTEMPATH\CodeIgniter.php(466): CodeIgniter\CodeIgniter->runController(Object(App\Controllers\Masterdata))
 8 SYSTEMPATH\CodeIgniter.php(349): CodeIgniter\CodeIgniter->handleRequest(null, Object(Config\Cache), false)
 9 FCPATH\index.php(55): CodeIgniter\CodeIgniter->run()
CRITICAL - 2022-08-18 21:08:36 --> App\Validation\CustomRules::sample(): Argument #2 ($data) must be of type string, null given, called in C:\wamp64\www\voting_systemci4\system\Validation\Validation.php on line 305
in APPPATH\Validation\CustomRules.php on line 7.
 1 SYSTEMPATH\Validation\Validation.php(305): App\Validation\CustomRules->sample('DFGDFG', null)
 2 SYSTEMPATH\Validation\Validation.php(173): CodeIgniter\Validation\Validation->processRules('event_code', 'Event Code', 'DFGDFG', [...], [...])
 3 SYSTEMPATH\Controller.php(140): CodeIgniter\Validation\Validation->run()
 4 APPPATH\Controllers\Masterdata.php(71): CodeIgniter\Controller->validate([...])
 5 SYSTEMPATH\CodeIgniter.php(896): App\Controllers\Masterdata->getAdd_event('2')
 6 SYSTEMPATH\CodeIgniter.php(466): CodeIgniter\CodeIgniter->runController(Object(App\Controllers\Masterdata))
 7 SYSTEMPATH\CodeIgniter.php(349): CodeIgniter\CodeIgniter->handleRequest(null, Object(Config\Cache), false)
 8 FCPATH\index.php(55): CodeIgniter\CodeIgniter->run()
CRITICAL - 2022-08-18 21:09:03 --> sample("asda") is not a valid rule.
in SYSTEMPATH\Validation\Validation.php on line 314.
 1 SYSTEMPATH\Validation\Validation.php(314): CodeIgniter\Validation\Exceptions\ValidationException::forRuleNotFound('sample("asda")')
 2 SYSTEMPATH\Validation\Validation.php(173): CodeIgniter\Validation\Validation->processRules('event_code', 'Event Code', 'DFGDFG', [...], [...])
 3 SYSTEMPATH\Controller.php(140): CodeIgniter\Validation\Validation->run()
 4 APPPATH\Controllers\Masterdata.php(71): CodeIgniter\Controller->validate([...])
 5 SYSTEMPATH\CodeIgniter.php(896): App\Controllers\Masterdata->getAdd_event('2')
 6 SYSTEMPATH\CodeIgniter.php(466): CodeIgniter\CodeIgniter->runController(Object(App\Controllers\Masterdata))
 7 SYSTEMPATH\CodeIgniter.php(349): CodeIgniter\CodeIgniter->handleRequest(null, Object(Config\Cache), false)
 8 FCPATH\index.php(55): CodeIgniter\CodeIgniter->run()
CRITICAL - 2022-08-18 21:23:48 --> time() expects exactly 0 arguments, 1 given
in SYSTEMPATH\Validation\Validation.php on line 293.
 1 SYSTEMPATH\Validation\Validation.php(293): time('20:07:00')
 2 SYSTEMPATH\Validation\Validation.php(173): CodeIgniter\Validation\Validation->processRules('event_time_start', 'Event Time Start', '20:07:00', [...], [...])
 3 SYSTEMPATH\Controller.php(140): CodeIgniter\Validation\Validation->run()
 4 APPPATH\Controllers\Masterdata.php(71): CodeIgniter\Controller->validate([...])
 5 SYSTEMPATH\CodeIgniter.php(896): App\Controllers\Masterdata->getAdd_event('2')
 6 SYSTEMPATH\CodeIgniter.php(466): CodeIgniter\CodeIgniter->runController(Object(App\Controllers\Masterdata))
 7 SYSTEMPATH\CodeIgniter.php(349): CodeIgniter\CodeIgniter->handleRequest(null, Object(Config\Cache), false)
 8 FCPATH\index.php(55): CodeIgniter\CodeIgniter->run()
ERROR - 2022-08-18 21:48:03 --> Unknown column 'event_active' in 'where clause'
CRITICAL - 2022-08-18 21:48:03 --> Unknown column 'event_active' in 'where clause'
in SYSTEMPATH\Database\MySQLi\Connection.php on line 292.
 1 SYSTEMPATH\Database\MySQLi\Connection.php(292): mysqli->query('SELECT *
FROM `events`
WHERE `event_active` = 1
AND `events`.`event_deleted_at` IS NULL', 0)
 2 SYSTEMPATH\Database\BaseConnection.php(695): CodeIgniter\Database\MySQLi\Connection->execute('SELECT *
FROM `events`
WHERE `event_active` = 1
AND `events`.`event_deleted_at` IS NULL')
 3 SYSTEMPATH\Database\BaseConnection.php(609): CodeIgniter\Database\BaseConnection->simpleQuery('SELECT *
FROM `events`
WHERE `event_active` = 1
AND `events`.`event_deleted_at` IS NULL')
 4 SYSTEMPATH\Database\BaseBuilder.php(1585): CodeIgniter\Database\BaseConnection->query('SELECT *
FROM `events`
WHERE `event_active` = :event_active:
AND `events`.`event_deleted_at` IS NULL', [...], false)
 5 SYSTEMPATH\Model.php(222): CodeIgniter\Database\BaseBuilder->get()
 6 SYSTEMPATH\BaseModel.php(584): CodeIgniter\Model->doFindAll(0, 0)
 7 APPPATH\Controllers\Masterdata.php(133): CodeIgniter\BaseModel->findAll()
 8 SYSTEMPATH\CodeIgniter.php(896): App\Controllers\Masterdata->getAdd_position()
 9 SYSTEMPATH\CodeIgniter.php(466): CodeIgniter\CodeIgniter->runController(Object(App\Controllers\Masterdata))
10 SYSTEMPATH\CodeIgniter.php(349): CodeIgniter\CodeIgniter->handleRequest(null, Object(Config\Cache), false)
11 FCPATH\index.php(55): CodeIgniter\CodeIgniter->run()
