CRITICAL - 2023-04-19 00:19:59 --> Undefined variable: data
in APPPATH/Models/Business_other_details_m.php on line 85.
 1 APPPATH/Models/Business_other_details_m.php(85): CodeIgniter\Debug\Exceptions->errorHandler(8, 'Undefined variable: data', 'APPPATH/Models/Business_other_details_m.php', 85, [...])
 2 APPPATH/Controllers/Business.php(166): App\Models\Business_other_detail_m->updateInactive('1')
 3 SYSTEMPATH/CodeIgniter.php(896): App\Controllers\Business->save_clearance()
 4 SYSTEMPATH/CodeIgniter.php(466): CodeIgniter\CodeIgniter->runController(Object(App\Controllers\Business))
 5 SYSTEMPATH/CodeIgniter.php(349): CodeIgniter\CodeIgniter->handleRequest(null, Object(Config\Cache), false)
 6 FCPATH/index.php(55): CodeIgniter\CodeIgniter->run()
CRITICAL - 2023-04-19 00:20:16 --> There is no data to update.
in SYSTEMPATH/BaseModel.php on line 1576.
 1 SYSTEMPATH/BaseModel.php(1576): CodeIgniter\Database\Exceptions\DataException::forEmptyDataset('update')
 2 SYSTEMPATH/BaseModel.php(832): CodeIgniter\BaseModel->transformDataToArray(null, 'update')
 3 SYSTEMPATH/Model.php(692): CodeIgniter\BaseModel->update([...], null)
 4 APPPATH/Models/Business_other_details_m.php(85): CodeIgniter\Model->update([...])
 5 APPPATH/Controllers/Business.php(166): App\Models\Business_other_detail_m->updateInactive('1')
 6 SYSTEMPATH/CodeIgniter.php(896): App\Controllers\Business->save_clearance()
 7 SYSTEMPATH/CodeIgniter.php(466): CodeIgniter\CodeIgniter->runController(Object(App\Controllers\Business))
 8 SYSTEMPATH/CodeIgniter.php(349): CodeIgniter\CodeIgniter->handleRequest(null, Object(Config\Cache), false)
 9 FCPATH/index.php(55): CodeIgniter\CodeIgniter->run()
ERROR - 2023-04-19 14:05:23 --> Error connecting to the database: Access denied for user '****'@'localhost' (using password: YES)
CRITICAL - 2023-04-19 14:05:23 --> Unable to connect to the database.
Main connection [MySQLi]: Access denied for user '****'@'localhost' (using password: YES)
in SYSTEMPATH\Database\BaseConnection.php on line 416.
 1 SYSTEMPATH\Database\BaseConnection.php(586): CodeIgniter\Database\BaseConnection->initialize()
 2 SYSTEMPATH\Database\BaseBuilder.php(1585): CodeIgniter\Database\BaseConnection->query('SELECT `civil_status_id` as `ID`, `civil_status_desc` as `DESC`
FROM `civil_status`
WHERE `civil_status`.`civil_status_deleted_at` IS NULL', [], false)
 3 SYSTEMPATH\Model.php(222): CodeIgniter\Database\BaseBuilder->get()
 4 SYSTEMPATH\BaseModel.php(584): CodeIgniter\Model->doFindAll(0, 0)
 5 APPPATH\Models\Civil_status_m.php(107): CodeIgniter\BaseModel->findAll()
 6 APPPATH\Controllers\Residents.php(150): App\Models\Civil_status_m->dropdown()
 7 SYSTEMPATH\CodeIgniter.php(896): App\Controllers\Residents->add()
 8 SYSTEMPATH\CodeIgniter.php(466): CodeIgniter\CodeIgniter->runController(Object(App\Controllers\Residents))
 9 SYSTEMPATH\CodeIgniter.php(349): CodeIgniter\CodeIgniter->handleRequest(null, Object(Config\Cache), false)
10 FCPATH\index.php(55): CodeIgniter\CodeIgniter->run()
ERROR - 2023-04-19 14:05:41 --> Error connecting to the database: Access denied for user '****'@'localhost' (using password: YES)
CRITICAL - 2023-04-19 14:05:41 --> Unable to connect to the database.
Main connection [MySQLi]: Access denied for user '****'@'localhost' (using password: YES)
in SYSTEMPATH\Database\BaseConnection.php on line 416.
 1 SYSTEMPATH\Database\BaseConnection.php(586): CodeIgniter\Database\BaseConnection->initialize()
 2 SYSTEMPATH\Database\BaseBuilder.php(1585): CodeIgniter\Database\BaseConnection->query('SELECT `civil_status_id` as `ID`, `civil_status_desc` as `DESC`
FROM `civil_status`
WHERE `civil_status`.`civil_status_deleted_at` IS NULL', [], false)
 3 SYSTEMPATH\Model.php(222): CodeIgniter\Database\BaseBuilder->get()
 4 SYSTEMPATH\BaseModel.php(584): CodeIgniter\Model->doFindAll(0, 0)
 5 APPPATH\Models\Civil_status_m.php(107): CodeIgniter\BaseModel->findAll()
 6 APPPATH\Controllers\Residents.php(150): App\Models\Civil_status_m->dropdown()
 7 SYSTEMPATH\CodeIgniter.php(896): App\Controllers\Residents->add()
 8 SYSTEMPATH\CodeIgniter.php(466): CodeIgniter\CodeIgniter->runController(Object(App\Controllers\Residents))
 9 SYSTEMPATH\CodeIgniter.php(349): CodeIgniter\CodeIgniter->handleRequest(null, Object(Config\Cache), false)
10 FCPATH\index.php(55): CodeIgniter\CodeIgniter->run()
