CRITICAL - 2023-01-27 14:59:15 --> Invalid file: asset/index.php
in SYSTEMPATH/Exceptions/FrameworkException.php on line 33.
 1 SYSTEMPATH/View/View.php(201): CodeIgniter\Exceptions\FrameworkException::forInvalidFile('asset/index.php')
 2 SYSTEMPATH/Common.php(1135): CodeIgniter\View\View->render('asset/index', [], true)
 3 APPPATH/Views/template.php(48): view('asset/index')
 4 SYSTEMPATH/View/View.php(213): include('APPPATH/Views/template.php')
 5 SYSTEMPATH/View/View.php(216): CodeIgniter\View\View->CodeIgniter\View\{closure}()
 6 SYSTEMPATH/Common.php(1135): CodeIgniter\View\View->render('template', [], true)
 7 APPPATH/Controllers/Asset.php(16): view('template', [...])
 8 SYSTEMPATH/CodeIgniter.php(896): App\Controllers\Asset->getIndex()
 9 SYSTEMPATH/CodeIgniter.php(466): CodeIgniter\CodeIgniter->runController(Object(App\Controllers\Asset))
10 SYSTEMPATH/CodeIgniter.php(349): CodeIgniter\CodeIgniter->handleRequest(null, Object(Config\Cache), false)
11 FCPATH/index.php(55): CodeIgniter\CodeIgniter->run()
CRITICAL - 2023-01-27 14:59:26 --> Invalid file: Streets/index.php
in SYSTEMPATH/Exceptions/FrameworkException.php on line 33.
 1 SYSTEMPATH/View/View.php(201): CodeIgniter\Exceptions\FrameworkException::forInvalidFile('Streets/index.php')
 2 SYSTEMPATH/Common.php(1135): CodeIgniter\View\View->render('Streets/index', [], true)
 3 APPPATH/Views/template.php(48): view('Streets/index')
 4 SYSTEMPATH/View/View.php(213): include('APPPATH/Views/template.php')
 5 SYSTEMPATH/View/View.php(216): CodeIgniter\View\View->CodeIgniter\View\{closure}()
 6 SYSTEMPATH/Common.php(1135): CodeIgniter\View\View->render('template', [], true)
 7 APPPATH/Controllers/Streets.php(28): view('template', [...])
 8 SYSTEMPATH/CodeIgniter.php(896): App\Controllers\Streets->index()
 9 SYSTEMPATH/CodeIgniter.php(466): CodeIgniter\CodeIgniter->runController(Object(App\Controllers\Streets))
10 SYSTEMPATH/CodeIgniter.php(349): CodeIgniter\CodeIgniter->handleRequest(null, Object(Config\Cache), false)
11 FCPATH/index.php(55): CodeIgniter\CodeIgniter->run()
CRITICAL - 2023-01-27 16:21:19 --> Undefined variable: 1
in APPPATH/Views/residents/index.php on line 54.
 1 APPPATH/Views/residents/index.php(54): CodeIgniter\Debug\Exceptions->errorHandler(8, 'Undefined variable: 1', 'APPPATH/Views/residents/index.php', 54, [...])
 2 SYSTEMPATH/View/View.php(213): include('APPPATH/Views/residents/index.php')
 3 SYSTEMPATH/View/View.php(216): CodeIgniter\View\View->CodeIgniter\View\{closure}()
 4 SYSTEMPATH/Common.php(1135): CodeIgniter\View\View->render('residents/index', [], true)
 5 APPPATH/Views/template.php(48): view('residents/index')
 6 SYSTEMPATH/View/View.php(213): include('APPPATH/Views/template.php')
 7 SYSTEMPATH/View/View.php(216): CodeIgniter\View\View->CodeIgniter\View\{closure}()
 8 SYSTEMPATH/Common.php(1135): CodeIgniter\View\View->render('template', [], true)
 9 APPPATH/Controllers/Residents.php(21): view('template', [...])
10 SYSTEMPATH/CodeIgniter.php(896): App\Controllers\Residents->getIndex()
11 SYSTEMPATH/CodeIgniter.php(466): CodeIgniter\CodeIgniter->runController(Object(App\Controllers\Residents))
12 SYSTEMPATH/CodeIgniter.php(349): CodeIgniter\CodeIgniter->handleRequest(null, Object(Config\Cache), false)
13 FCPATH/index.php(55): CodeIgniter\CodeIgniter->run()
CRITICAL - 2023-01-27 16:24:48 --> syntax error, unexpected 'return' (T_RETURN)
in APPPATH/Models/Resident_m.php on line 61.
 1 SYSTEMPATH/Autoloader/Autoloader.php(261): CodeIgniter\Autoloader\Autoloader->includeFile('APPPATH/Models/Resident_m.php')
 2 SYSTEMPATH/Autoloader/Autoloader.php(239): CodeIgniter\Autoloader\Autoloader->loadInNamespace('App\\Models\\Resident_m')
 3 [internal function]: CodeIgniter\Autoloader\Autoloader->loadClass('App\\Models\\Resident_m')
 4 [internal function]: spl_autoload_call('App\\Models\\Resident_m')
 5 SYSTEMPATH/Config/Factories.php(152): class_exists('App\\Models\\Resident_m')
 6 SYSTEMPATH/Config/Factories.php(102): CodeIgniter\Config\Factories::locateClass([...], 'App\\Models\\Resident_m')
 7 SYSTEMPATH/Config/Factories.php(83): CodeIgniter\Config\Factories::__callStatic('models', [...])
 8 SYSTEMPATH/Common.php(811): CodeIgniter\Config\Factories::models('App\\Models\\Resident_m', [...], null)
 9 APPPATH/Controllers/Residents.php(15): model('App\\Models\\Resident_m', false)
10 SYSTEMPATH/CodeIgniter.php(896): App\Controllers\Residents->getIndex()
11 SYSTEMPATH/CodeIgniter.php(466): CodeIgniter\CodeIgniter->runController(Object(App\Controllers\Residents))
12 SYSTEMPATH/CodeIgniter.php(349): CodeIgniter\CodeIgniter->handleRequest(null, Object(Config\Cache), false)
13 FCPATH/index.php(55): CodeIgniter\CodeIgniter->run()
CRITICAL - 2023-01-27 16:25:07 --> syntax error, unexpected 'return' (T_RETURN)
in APPPATH/Models/Resident_m.php on line 61.
 1 SYSTEMPATH/Autoloader/Autoloader.php(261): CodeIgniter\Autoloader\Autoloader->includeFile('APPPATH/Models/Resident_m.php')
 2 SYSTEMPATH/Autoloader/Autoloader.php(239): CodeIgniter\Autoloader\Autoloader->loadInNamespace('App\\Models\\Resident_m')
 3 [internal function]: CodeIgniter\Autoloader\Autoloader->loadClass('App\\Models\\Resident_m')
 4 [internal function]: spl_autoload_call('App\\Models\\Resident_m')
 5 SYSTEMPATH/Config/Factories.php(152): class_exists('App\\Models\\Resident_m')
 6 SYSTEMPATH/Config/Factories.php(102): CodeIgniter\Config\Factories::locateClass([...], 'App\\Models\\Resident_m')
 7 SYSTEMPATH/Config/Factories.php(83): CodeIgniter\Config\Factories::__callStatic('models', [...])
 8 SYSTEMPATH/Common.php(811): CodeIgniter\Config\Factories::models('App\\Models\\Resident_m', [...], null)
 9 APPPATH/Controllers/Residents.php(15): model('App\\Models\\Resident_m', false)
10 SYSTEMPATH/CodeIgniter.php(896): App\Controllers\Residents->getIndex()
11 SYSTEMPATH/CodeIgniter.php(466): CodeIgniter\CodeIgniter->runController(Object(App\Controllers\Residents))
12 SYSTEMPATH/CodeIgniter.php(349): CodeIgniter\CodeIgniter->handleRequest(null, Object(Config\Cache), false)
13 FCPATH/index.php(55): CodeIgniter\CodeIgniter->run()
