CRITICAL - 2023-02-02 10:11:35 --> Invalid file: property/add_business.php
in SYSTEMPATH/Exceptions/FrameworkException.php on line 33.
 1 SYSTEMPATH/View/View.php(201): CodeIgniter\Exceptions\FrameworkException::forInvalidFile('property/add_business.php')
 2 SYSTEMPATH/Common.php(1135): CodeIgniter\View\View->render('property/add_business', [], true)
 3 APPPATH/Views/template.php(51): view('property/add_business')
 4 SYSTEMPATH/View/View.php(213): include('APPPATH/Views/template.php')
 5 SYSTEMPATH/View/View.php(216): CodeIgniter\View\View->CodeIgniter\View\{closure}()
 6 SYSTEMPATH/Common.php(1135): CodeIgniter\View\View->render('template', [], true)
 7 APPPATH/Controllers/Business.php(45): view('template', [...])
 8 SYSTEMPATH/CodeIgniter.php(896): App\Controllers\Business->getAdd()
 9 SYSTEMPATH/CodeIgniter.php(466): CodeIgniter\CodeIgniter->runController(Object(App\Controllers\Business))
10 SYSTEMPATH/CodeIgniter.php(349): CodeIgniter\CodeIgniter->handleRequest(null, Object(Config\Cache), false)
11 FCPATH/index.php(55): CodeIgniter\CodeIgniter->run()
ERROR - 2023-02-02 10:32:08 --> Unknown column 'business_address' in 'field list'
CRITICAL - 2023-02-02 10:32:08 --> Unknown column 'business_address' in 'field list'
in SYSTEMPATH/Database/MySQLi/Connection.php on line 292.
 1 SYSTEMPATH/Database/MySQLi/Connection.php(292): mysqli->query('INSERT INTO `business` (`business_type`, `business_name`, `business_category`, `business_address`, `business_created_at`, `business_updated_at`) VALUES (\'SMALL BUSINESS\', \'asdasdasd\', \'SARI-SARI STORE\', \'asdasdasda\', \'2023-02-02 10:32:08\', \'2023-02-02 10:32:08\')', 0)
 2 SYSTEMPATH/Database/BaseConnection.php(695): CodeIgniter\Database\MySQLi\Connection->execute('INSERT INTO `business` (`business_type`, `business_name`, `business_category`, `business_address`, `business_created_at`, `business_updated_at`) VALUES (\'SMALL BUSINESS\', \'asdasdasd\', \'SARI-SARI STORE\', \'asdasdasda\', \'2023-02-02 10:32:08\', \'2023-02-02 10:32:08\')')
 3 SYSTEMPATH/Database/BaseConnection.php(609): CodeIgniter\Database\BaseConnection->simpleQuery('INSERT INTO `business` (`business_type`, `business_name`, `business_category`, `business_address`, `business_created_at`, `business_updated_at`) VALUES (\'SMALL BUSINESS\', \'asdasdasd\', \'SARI-SARI STORE\', \'asdasdasda\', \'2023-02-02 10:32:08\', \'2023-02-02 10:32:08\')')
 4 SYSTEMPATH/Database/BaseBuilder.php(1904): CodeIgniter\Database\BaseConnection->query('INSERT INTO `business` (`business_type`, `business_name`, `business_category`, `business_address`, `business_created_at`, `business_updated_at`) VALUES (:business_type:, :business_name:, :business_category:, :business_address:, :business_created_at:, :business_updated_at:)', [...], false)
 5 SYSTEMPATH/Model.php(278): CodeIgniter\Database\BaseBuilder->insert()
 6 SYSTEMPATH/BaseModel.php(738): CodeIgniter\Model->doInsert([...])
 7 SYSTEMPATH/Model.php(666): CodeIgniter\BaseModel->insert([...], false)
 8 SYSTEMPATH/BaseModel.php(658): CodeIgniter\Model->insert([...], false)
 9 APPPATH/Controllers/Business.php(40): CodeIgniter\BaseModel->save([...])
10 SYSTEMPATH/CodeIgniter.php(896): App\Controllers\Business->getAdd()
11 SYSTEMPATH/CodeIgniter.php(466): CodeIgniter\CodeIgniter->runController(Object(App\Controllers\Business))
12 SYSTEMPATH/CodeIgniter.php(349): CodeIgniter\CodeIgniter->handleRequest(null, Object(Config\Cache), false)
13 FCPATH/index.php(55): CodeIgniter\CodeIgniter->run()
ERROR - 2023-02-02 10:33:02 --> Duplicate entry '0' for key 'PRIMARY'
CRITICAL - 2023-02-02 10:33:02 --> Duplicate entry '0' for key 'PRIMARY'
in SYSTEMPATH/Database/MySQLi/Connection.php on line 292.
 1 SYSTEMPATH/Database/MySQLi/Connection.php(292): mysqli->query('INSERT INTO `business` (`business_type`, `business_name`, `business_category`, `business_address`, `business_created_at`, `business_updated_at`) VALUES (\'SMALL BUSINESS\', \'asdasdasd\', \'VULCANIZING SHOP\', \'asdasdasd\', \'2023-02-02 10:33:02\', \'2023-02-02 10:33:02\')', 0)
 2 SYSTEMPATH/Database/BaseConnection.php(695): CodeIgniter\Database\MySQLi\Connection->execute('INSERT INTO `business` (`business_type`, `business_name`, `business_category`, `business_address`, `business_created_at`, `business_updated_at`) VALUES (\'SMALL BUSINESS\', \'asdasdasd\', \'VULCANIZING SHOP\', \'asdasdasd\', \'2023-02-02 10:33:02\', \'2023-02-02 10:33:02\')')
 3 SYSTEMPATH/Database/BaseConnection.php(609): CodeIgniter\Database\BaseConnection->simpleQuery('INSERT INTO `business` (`business_type`, `business_name`, `business_category`, `business_address`, `business_created_at`, `business_updated_at`) VALUES (\'SMALL BUSINESS\', \'asdasdasd\', \'VULCANIZING SHOP\', \'asdasdasd\', \'2023-02-02 10:33:02\', \'2023-02-02 10:33:02\')')
 4 SYSTEMPATH/Database/BaseBuilder.php(1904): CodeIgniter\Database\BaseConnection->query('INSERT INTO `business` (`business_type`, `business_name`, `business_category`, `business_address`, `business_created_at`, `business_updated_at`) VALUES (:business_type:, :business_name:, :business_category:, :business_address:, :business_created_at:, :business_updated_at:)', [...], false)
 5 SYSTEMPATH/Model.php(278): CodeIgniter\Database\BaseBuilder->insert()
 6 SYSTEMPATH/BaseModel.php(738): CodeIgniter\Model->doInsert([...])
 7 SYSTEMPATH/Model.php(666): CodeIgniter\BaseModel->insert([...], false)
 8 SYSTEMPATH/BaseModel.php(658): CodeIgniter\Model->insert([...], false)
 9 APPPATH/Controllers/Business.php(40): CodeIgniter\BaseModel->save([...])
10 SYSTEMPATH/CodeIgniter.php(896): App\Controllers\Business->getAdd()
11 SYSTEMPATH/CodeIgniter.php(466): CodeIgniter\CodeIgniter->runController(Object(App\Controllers\Business))
12 SYSTEMPATH/CodeIgniter.php(349): CodeIgniter\CodeIgniter->handleRequest(null, Object(Config\Cache), false)
13 FCPATH/index.php(55): CodeIgniter\CodeIgniter->run()
