CRITICAL - 2022-07-25 22:49:03 --> Invalid file: template_home.php
in SYSTEMPATH\Exceptions\FrameworkException.php on line 33.
 1 SYSTEMPATH\View\View.php(201): CodeIgniter\Exceptions\FrameworkException::forInvalidFile('template_home.php')
 2 SYSTEMPATH\Common.php(1135): CodeIgniter\View\View->render('template_home', [], true)
 3 APPPATH\Controllers\Site.php(12): view('template_home', [...])
 4 SYSTEMPATH\CodeIgniter.php(896): App\Controllers\Site->getIndex()
 5 SYSTEMPATH\CodeIgniter.php(466): CodeIgniter\CodeIgniter->runController(Object(App\Controllers\Site))
 6 SYSTEMPATH\CodeIgniter.php(349): CodeIgniter\CodeIgniter->handleRequest(null, Object(Config\Cache), false)
 7 FCPATH\index.php(55): CodeIgniter\CodeIgniter->run()
CRITICAL - 2022-07-25 22:50:02 --> Undefined property: CodeIgniter\View\View::$load
in APPPATH\Views\template_home.php on line 27.
 1 APPPATH\Views\template_home.php(27): CodeIgniter\Debug\Exceptions->errorHandler(2, 'Undefined property: CodeIgniter\\View\\View::$load', 'APPPATH\\Views\\template_home.php', 27)
 2 SYSTEMPATH\View\View.php(213): include('APPPATH\\Views\\template_home.php')
 3 SYSTEMPATH\View\View.php(216): CodeIgniter\View\View->CodeIgniter\View\{closure}()
 4 SYSTEMPATH\Common.php(1135): CodeIgniter\View\View->render('template_home', [], true)
 5 APPPATH\Controllers\Site.php(12): view('template_home', [...])
 6 SYSTEMPATH\CodeIgniter.php(896): App\Controllers\Site->getIndex()
 7 SYSTEMPATH\CodeIgniter.php(466): CodeIgniter\CodeIgniter->runController(Object(App\Controllers\Site))
 8 SYSTEMPATH\CodeIgniter.php(349): CodeIgniter\CodeIgniter->handleRequest(null, Object(Config\Cache), false)
 9 FCPATH\index.php(55): CodeIgniter\CodeIgniter->run()
