CRITICAL - 2023-02-22 08:26:53 --> The original file is not a valid file.
in SYSTEMPATH/HTTP/Files/UploadedFile.php on line 137.
 1 SYSTEMPATH/HTTP/Files/UploadedFile.php(137): CodeIgniter\HTTP\Exceptions\HTTPException::forInvalidFile()
 2 APPPATH/Controllers/Residents.php(73): CodeIgniter\HTTP\Files\UploadedFile->move('FCPATH/writable/upload/resident', '0.')
 3 SYSTEMPATH/CodeIgniter.php(896): App\Controllers\Residents->add()
 4 SYSTEMPATH/CodeIgniter.php(466): CodeIgniter\CodeIgniter->runController(Object(App\Controllers\Residents))
 5 SYSTEMPATH/CodeIgniter.php(349): CodeIgniter\CodeIgniter->handleRequest(null, Object(Config\Cache), false)
 6 FCPATH/index.php(55): CodeIgniter\CodeIgniter->run()
CRITICAL - 2023-02-22 08:27:12 --> Undefined property: App\Controllers\Residents::$gender
in APPPATH/Controllers/Residents.php on line 55.
 1 APPPATH/Controllers/Residents.php(55): CodeIgniter\Debug\Exceptions->errorHandler(8, 'Undefined property: App\\Controllers\\Residents::$gender', 'APPPATH/Controllers/Residents.php', 55, [...])
 2 SYSTEMPATH/CodeIgniter.php(896): App\Controllers\Residents->add()
 3 SYSTEMPATH/CodeIgniter.php(466): CodeIgniter\CodeIgniter->runController(Object(App\Controllers\Residents))
 4 SYSTEMPATH/CodeIgniter.php(349): CodeIgniter\CodeIgniter->handleRequest(null, Object(Config\Cache), false)
 5 FCPATH/index.php(55): CodeIgniter\CodeIgniter->run()
CRITICAL - 2023-02-22 15:13:38 --> Undefined property: App\Controllers\Residents::$db
in APPPATH/Controllers/Residents.php on line 45.
 1 APPPATH/Controllers/Residents.php(45): CodeIgniter\Debug\Exceptions->errorHandler(8, 'Undefined property: App\\Controllers\\Residents::$db', 'APPPATH/Controllers/Residents.php', 45, [...])
 2 SYSTEMPATH/CodeIgniter.php(896): App\Controllers\Residents->add()
 3 SYSTEMPATH/CodeIgniter.php(466): CodeIgniter\CodeIgniter->runController(Object(App\Controllers\Residents))
 4 SYSTEMPATH/CodeIgniter.php(349): CodeIgniter\CodeIgniter->handleRequest(null, Object(Config\Cache), false)
 5 FCPATH/index.php(55): CodeIgniter\CodeIgniter->run()
CRITICAL - 2023-02-22 15:50:26 --> Invalid file: modals/add_child.php
in SYSTEMPATH/Exceptions/FrameworkException.php on line 33.
 1 SYSTEMPATH/View/View.php(201): CodeIgniter\Exceptions\FrameworkException::forInvalidFile('modals/add_child.php')
 2 SYSTEMPATH/Common.php(1135): CodeIgniter\View\View->render('modals/add_child', [], true)
 3 APPPATH/Views/residents/add_profile.php(289): view('modals/add_child')
 4 SYSTEMPATH/View/View.php(213): include('APPPATH/Views/residents/add_profile.php')
 5 SYSTEMPATH/View/View.php(216): CodeIgniter\View\View->CodeIgniter\View\{closure}()
 6 SYSTEMPATH/Common.php(1135): CodeIgniter\View\View->render('residents/add_profile', [], true)
 7 APPPATH/Views/template.php(64): view('residents/add_profile')
 8 SYSTEMPATH/View/View.php(213): include('APPPATH/Views/template.php')
 9 SYSTEMPATH/View/View.php(216): CodeIgniter\View\View->CodeIgniter\View\{closure}()
10 SYSTEMPATH/Common.php(1135): CodeIgniter\View\View->render('template', [], true)
11 APPPATH/Controllers/Residents.php(102): view('template', [...])
12 SYSTEMPATH/CodeIgniter.php(896): App\Controllers\Residents->add()
13 SYSTEMPATH/CodeIgniter.php(466): CodeIgniter\CodeIgniter->runController(Object(App\Controllers\Residents))
14 SYSTEMPATH/CodeIgniter.php(349): CodeIgniter\CodeIgniter->handleRequest(null, Object(Config\Cache), false)
15 FCPATH/index.php(55): CodeIgniter\CodeIgniter->run()
CRITICAL - 2023-02-22 15:50:34 --> Invalid file: modals/add_child.php
in SYSTEMPATH/Exceptions/FrameworkException.php on line 33.
 1 SYSTEMPATH/View/View.php(201): CodeIgniter\Exceptions\FrameworkException::forInvalidFile('modals/add_child.php')
 2 SYSTEMPATH/Common.php(1135): CodeIgniter\View\View->render('modals/add_child', [], true)
 3 APPPATH/Views/residents/add_profile.php(289): view('modals/add_child')
 4 SYSTEMPATH/View/View.php(213): include('APPPATH/Views/residents/add_profile.php')
 5 SYSTEMPATH/View/View.php(216): CodeIgniter\View\View->CodeIgniter\View\{closure}()
 6 SYSTEMPATH/Common.php(1135): CodeIgniter\View\View->render('residents/add_profile', [], true)
 7 APPPATH/Views/template.php(64): view('residents/add_profile')
 8 SYSTEMPATH/View/View.php(213): include('APPPATH/Views/template.php')
 9 SYSTEMPATH/View/View.php(216): CodeIgniter\View\View->CodeIgniter\View\{closure}()
10 SYSTEMPATH/Common.php(1135): CodeIgniter\View\View->render('template', [], true)
11 APPPATH/Controllers/Residents.php(102): view('template', [...])
12 SYSTEMPATH/CodeIgniter.php(896): App\Controllers\Residents->add()
13 SYSTEMPATH/CodeIgniter.php(466): CodeIgniter\CodeIgniter->runController(Object(App\Controllers\Residents))
14 SYSTEMPATH/CodeIgniter.php(349): CodeIgniter\CodeIgniter->handleRequest(null, Object(Config\Cache), false)
15 FCPATH/index.php(55): CodeIgniter\CodeIgniter->run()
CRITICAL - 2023-02-22 16:55:19 --> Call to undefined function App\Controllers\update_arr_val()
in APPPATH/Controllers/Residents.php on line 53.
 1 SYSTEMPATH/CodeIgniter.php(896): App\Controllers\Residents->add()
 2 SYSTEMPATH/CodeIgniter.php(466): CodeIgniter\CodeIgniter->runController(Object(App\Controllers\Residents))
 3 SYSTEMPATH/CodeIgniter.php(349): CodeIgniter\CodeIgniter->handleRequest(null, Object(Config\Cache), false)
 4 FCPATH/index.php(55): CodeIgniter\CodeIgniter->run()
CRITICAL - 2023-02-22 17:08:23 --> The original file is not a valid file.
in SYSTEMPATH/HTTP/Files/UploadedFile.php on line 137.
 1 SYSTEMPATH/HTTP/Files/UploadedFile.php(137): CodeIgniter\HTTP\Exceptions\HTTPException::forInvalidFile()
 2 APPPATH/Controllers/Residents.php(78): CodeIgniter\HTTP\Files\UploadedFile->move('FCPATH/writable/upload/resident', '9.')
 3 SYSTEMPATH/CodeIgniter.php(896): App\Controllers\Residents->add()
 4 SYSTEMPATH/CodeIgniter.php(466): CodeIgniter\CodeIgniter->runController(Object(App\Controllers\Residents))
 5 SYSTEMPATH/CodeIgniter.php(349): CodeIgniter\CodeIgniter->handleRequest(null, Object(Config\Cache), false)
 6 FCPATH/index.php(55): CodeIgniter\CodeIgniter->run()
CRITICAL - 2023-02-22 17:11:01 --> The original file is not a valid file.
in SYSTEMPATH/HTTP/Files/UploadedFile.php on line 137.
 1 SYSTEMPATH/HTTP/Files/UploadedFile.php(137): CodeIgniter\HTTP\Exceptions\HTTPException::forInvalidFile()
 2 APPPATH/Controllers/Residents.php(78): CodeIgniter\HTTP\Files\UploadedFile->move('FCPATH/writable/upload/resident', '11.')
 3 SYSTEMPATH/CodeIgniter.php(896): App\Controllers\Residents->add()
 4 SYSTEMPATH/CodeIgniter.php(466): CodeIgniter\CodeIgniter->runController(Object(App\Controllers\Residents))
 5 SYSTEMPATH/CodeIgniter.php(349): CodeIgniter\CodeIgniter->handleRequest(null, Object(Config\Cache), false)
 6 FCPATH/index.php(55): CodeIgniter\CodeIgniter->run()
CRITICAL - 2023-02-22 19:09:56 --> Undefined variable: ceritficate_type
in APPPATH/Views/certificate/view_certificate.php on line 25.
 1 APPPATH/Views/certificate/view_certificate.php(25): CodeIgniter\Debug\Exceptions->errorHandler(8, 'Undefined variable: ceritficate_type', 'APPPATH/Views/certificate/view_certificate.php', 25, [...])
 2 SYSTEMPATH/View/View.php(213): include('APPPATH/Views/certificate/view_certificate.php')
 3 SYSTEMPATH/View/View.php(216): CodeIgniter\View\View->CodeIgniter\View\{closure}()
 4 SYSTEMPATH/Common.php(1135): CodeIgniter\View\View->render('certificate/view_certificate', [], true)
 5 APPPATH/Views/template.php(64): view('certificate/view_certificate')
 6 SYSTEMPATH/View/View.php(213): include('APPPATH/Views/template.php')
 7 SYSTEMPATH/View/View.php(216): CodeIgniter\View\View->CodeIgniter\View\{closure}()
 8 SYSTEMPATH/Common.php(1135): CodeIgniter\View\View->render('template', [], true)
 9 APPPATH/Controllers/Certificate.php(121): view('template', [...])
10 SYSTEMPATH/CodeIgniter.php(896): App\Controllers\Certificate->getView('0')
11 SYSTEMPATH/CodeIgniter.php(466): CodeIgniter\CodeIgniter->runController(Object(App\Controllers\Certificate))
12 SYSTEMPATH/CodeIgniter.php(349): CodeIgniter\CodeIgniter->handleRequest(null, Object(Config\Cache), false)
13 FCPATH/index.php(55): CodeIgniter\CodeIgniter->run()
CRITICAL - 2023-02-22 19:10:24 --> Undefined variable: ceritficate_type
in APPPATH/Views/certificate/view_certificate.php on line 25.
 1 APPPATH/Views/certificate/view_certificate.php(25): CodeIgniter\Debug\Exceptions->errorHandler(8, 'Undefined variable: ceritficate_type', 'APPPATH/Views/certificate/view_certificate.php', 25, [...])
 2 SYSTEMPATH/View/View.php(213): include('APPPATH/Views/certificate/view_certificate.php')
 3 SYSTEMPATH/View/View.php(216): CodeIgniter\View\View->CodeIgniter\View\{closure}()
 4 SYSTEMPATH/Common.php(1135): CodeIgniter\View\View->render('certificate/view_certificate', [], true)
 5 APPPATH/Views/template.php(64): view('certificate/view_certificate')
 6 SYSTEMPATH/View/View.php(213): include('APPPATH/Views/template.php')
 7 SYSTEMPATH/View/View.php(216): CodeIgniter\View\View->CodeIgniter\View\{closure}()
 8 SYSTEMPATH/Common.php(1135): CodeIgniter\View\View->render('template', [], true)
 9 APPPATH/Controllers/Certificate.php(121): view('template', [...])
10 SYSTEMPATH/CodeIgniter.php(896): App\Controllers\Certificate->getView('0')
11 SYSTEMPATH/CodeIgniter.php(466): CodeIgniter\CodeIgniter->runController(Object(App\Controllers\Certificate))
12 SYSTEMPATH/CodeIgniter.php(349): CodeIgniter\CodeIgniter->handleRequest(null, Object(Config\Cache), false)
13 FCPATH/index.php(55): CodeIgniter\CodeIgniter->run()
CRITICAL - 2023-02-22 19:13:19 --> Undefined variable: ceritficate_type
in APPPATH/Views/certificate/view_certificate.php on line 25.
 1 APPPATH/Views/certificate/view_certificate.php(25): CodeIgniter\Debug\Exceptions->errorHandler(8, 'Undefined variable: ceritficate_type', 'APPPATH/Views/certificate/view_certificate.php', 25, [...])
 2 SYSTEMPATH/View/View.php(213): include('APPPATH/Views/certificate/view_certificate.php')
 3 SYSTEMPATH/View/View.php(216): CodeIgniter\View\View->CodeIgniter\View\{closure}()
 4 SYSTEMPATH/Common.php(1135): CodeIgniter\View\View->render('certificate/view_certificate', [], true)
 5 APPPATH/Views/template.php(64): view('certificate/view_certificate')
 6 SYSTEMPATH/View/View.php(213): include('APPPATH/Views/template.php')
 7 SYSTEMPATH/View/View.php(216): CodeIgniter\View\View->CodeIgniter\View\{closure}()
 8 SYSTEMPATH/Common.php(1135): CodeIgniter\View\View->render('template', [], true)
 9 APPPATH/Controllers/Certificate.php(121): view('template', [...])
10 SYSTEMPATH/CodeIgniter.php(896): App\Controllers\Certificate->getView('0')
11 SYSTEMPATH/CodeIgniter.php(466): CodeIgniter\CodeIgniter->runController(Object(App\Controllers\Certificate))
12 SYSTEMPATH/CodeIgniter.php(349): CodeIgniter\CodeIgniter->handleRequest(null, Object(Config\Cache), false)
13 FCPATH/index.php(55): CodeIgniter\CodeIgniter->run()
