CRITICAL - 2022-09-19 12:21:29 --> Invalid file: template.php
in SYSTEMPATH\Exceptions\FrameworkException.php on line 33.
 1 SYSTEMPATH\View\View.php(201): CodeIgniter\Exceptions\FrameworkException::forInvalidFile('template.php')
 2 SYSTEMPATH\Common.php(1135): CodeIgniter\View\View->render('template', [], true)
 3 APPPATH\Controllers\Site.php(17): view('template', [...])
 4 SYSTEMPATH\CodeIgniter.php(896): App\Controllers\Site->getIndex()
 5 SYSTEMPATH\CodeIgniter.php(466): CodeIgniter\CodeIgniter->runController(Object(App\Controllers\Site))
 6 SYSTEMPATH\CodeIgniter.php(349): CodeIgniter\CodeIgniter->handleRequest(null, Object(Config\Cache), false)
 7 FCPATH\index.php(55): CodeIgniter\CodeIgniter->run()
CRITICAL - 2022-09-19 12:37:44 --> Undefined variable $form_add
in APPPATH\Views\streets\index.php on line 16.
 1 APPPATH\Views\streets\index.php(16): CodeIgniter\Debug\Exceptions->errorHandler(2, 'Undefined variable $form_add', 'APPPATH\\Views\\streets\\index.php', 16)
 2 SYSTEMPATH\View\View.php(213): include('APPPATH\\Views\\streets\\index.php')
 3 SYSTEMPATH\View\View.php(216): CodeIgniter\View\View->CodeIgniter\View\{closure}()
 4 SYSTEMPATH\Common.php(1135): CodeIgniter\View\View->render('Streets/index', [], true)
 5 APPPATH\Views\template.php(39): view('Streets/index')
 6 SYSTEMPATH\View\View.php(213): include('APPPATH\\Views\\template.php')
 7 SYSTEMPATH\View\View.php(216): CodeIgniter\View\View->CodeIgniter\View\{closure}()
 8 SYSTEMPATH\Common.php(1135): CodeIgniter\View\View->render('template', [], true)
 9 APPPATH\Controllers\Streets.php(16): view('template', [...])
10 SYSTEMPATH\CodeIgniter.php(896): App\Controllers\Streets->index()
11 SYSTEMPATH\CodeIgniter.php(466): CodeIgniter\CodeIgniter->runController(Object(App\Controllers\Streets))
12 SYSTEMPATH\CodeIgniter.php(349): CodeIgniter\CodeIgniter->handleRequest(null, Object(Config\Cache), false)
13 FCPATH\index.php(55): CodeIgniter\CodeIgniter->run()
CRITICAL - 2022-09-19 12:41:07 --> form_open(): Argument #1 ($action) must be of type string, null given, called in C:\wamp64\www\bamsci4\app\Views\streets\index.php on line 23
in SYSTEMPATH\Helpers\form_helper.php on line 27.
 1 APPPATH\Views\streets\index.php(23): form_open(null, 'class="row row-cols-lg-auto g-3 align-items-center"')
 2 SYSTEMPATH\View\View.php(213): include('APPPATH\\Views\\streets\\index.php')
 3 SYSTEMPATH\View\View.php(216): CodeIgniter\View\View->CodeIgniter\View\{closure}()
 4 SYSTEMPATH\Common.php(1135): CodeIgniter\View\View->render('Streets/index', [], true)
 5 APPPATH\Views\template.php(39): view('Streets/index')
 6 SYSTEMPATH\View\View.php(213): include('APPPATH\\Views\\template.php')
 7 SYSTEMPATH\View\View.php(216): CodeIgniter\View\View->CodeIgniter\View\{closure}()
 8 SYSTEMPATH\Common.php(1135): CodeIgniter\View\View->render('template', [], true)
 9 APPPATH\Controllers\Streets.php(22): view('template', [...])
10 SYSTEMPATH\CodeIgniter.php(896): App\Controllers\Streets->index()
11 SYSTEMPATH\CodeIgniter.php(466): CodeIgniter\CodeIgniter->runController(Object(App\Controllers\Streets))
12 SYSTEMPATH\CodeIgniter.php(349): CodeIgniter\CodeIgniter->handleRequest(null, Object(Config\Cache), false)
13 FCPATH\index.php(55): CodeIgniter\CodeIgniter->run()
CRITICAL - 2022-09-19 12:41:09 --> form_open(): Argument #1 ($action) must be of type string, null given, called in C:\wamp64\www\bamsci4\app\Views\streets\index.php on line 23
in SYSTEMPATH\Helpers\form_helper.php on line 27.
 1 APPPATH\Views\streets\index.php(23): form_open(null, 'class="row row-cols-lg-auto g-3 align-items-center"')
 2 SYSTEMPATH\View\View.php(213): include('APPPATH\\Views\\streets\\index.php')
 3 SYSTEMPATH\View\View.php(216): CodeIgniter\View\View->CodeIgniter\View\{closure}()
 4 SYSTEMPATH\Common.php(1135): CodeIgniter\View\View->render('Streets/index', [], true)
 5 APPPATH\Views\template.php(39): view('Streets/index')
 6 SYSTEMPATH\View\View.php(213): include('APPPATH\\Views\\template.php')
 7 SYSTEMPATH\View\View.php(216): CodeIgniter\View\View->CodeIgniter\View\{closure}()
 8 SYSTEMPATH\Common.php(1135): CodeIgniter\View\View->render('template', [], true)
 9 APPPATH\Controllers\Streets.php(22): view('template', [...])
10 SYSTEMPATH\CodeIgniter.php(896): App\Controllers\Streets->index()
11 SYSTEMPATH\CodeIgniter.php(466): CodeIgniter\CodeIgniter->runController(Object(App\Controllers\Streets))
12 SYSTEMPATH\CodeIgniter.php(349): CodeIgniter\CodeIgniter->handleRequest(null, Object(Config\Cache), false)
13 FCPATH\index.php(55): CodeIgniter\CodeIgniter->run()
CRITICAL - 2022-09-19 12:42:35 --> Undefined variable $streets
in APPPATH\Views\streets\index.php on line 44.
 1 APPPATH\Views\streets\index.php(44): CodeIgniter\Debug\Exceptions->errorHandler(2, 'Undefined variable $streets', 'APPPATH\\Views\\streets\\index.php', 44)
 2 SYSTEMPATH\View\View.php(213): include('APPPATH\\Views\\streets\\index.php')
 3 SYSTEMPATH\View\View.php(216): CodeIgniter\View\View->CodeIgniter\View\{closure}()
 4 SYSTEMPATH\Common.php(1135): CodeIgniter\View\View->render('Streets/index', [], true)
 5 APPPATH\Views\template.php(39): view('Streets/index')
 6 SYSTEMPATH\View\View.php(213): include('APPPATH\\Views\\template.php')
 7 SYSTEMPATH\View\View.php(216): CodeIgniter\View\View->CodeIgniter\View\{closure}()
 8 SYSTEMPATH\Common.php(1135): CodeIgniter\View\View->render('template', [], true)
 9 APPPATH\Controllers\Streets.php(22): view('template', [...])
10 SYSTEMPATH\CodeIgniter.php(896): App\Controllers\Streets->index()
11 SYSTEMPATH\CodeIgniter.php(466): CodeIgniter\CodeIgniter->runController(Object(App\Controllers\Streets))
12 SYSTEMPATH\CodeIgniter.php(349): CodeIgniter\CodeIgniter->handleRequest(null, Object(Config\Cache), false)
13 FCPATH\index.php(55): CodeIgniter\CodeIgniter->run()
ERROR - 2022-09-19 12:44:03 --> Error connecting to the database: Unknown database 'bams'
CRITICAL - 2022-09-19 12:44:03 --> Unable to connect to the database.
Main connection [MySQLi]: Unknown database 'bams'
in SYSTEMPATH\Database\BaseConnection.php on line 416.
 1 SYSTEMPATH\Database\BaseConnection.php(586): CodeIgniter\Database\BaseConnection->initialize()
 2 SYSTEMPATH\Database\BaseBuilder.php(1585): CodeIgniter\Database\BaseConnection->query('SELECT *
FROM `street`', [], false)
 3 SYSTEMPATH\Model.php(771): CodeIgniter\Database\BaseBuilder->get()
 4 APPPATH\Controllers\Streets.php(18): CodeIgniter\Model->__call('get', [])
 5 SYSTEMPATH\CodeIgniter.php(896): App\Controllers\Streets->index()
 6 SYSTEMPATH\CodeIgniter.php(466): CodeIgniter\CodeIgniter->runController(Object(App\Controllers\Streets))
 7 SYSTEMPATH\CodeIgniter.php(349): CodeIgniter\CodeIgniter->handleRequest(null, Object(Config\Cache), false)
 8 FCPATH\index.php(55): CodeIgniter\CodeIgniter->run()
ERROR - 2022-09-19 12:44:15 --> Error connecting to the database: Unknown database 'bams'
CRITICAL - 2022-09-19 12:44:15 --> Unable to connect to the database.
Main connection [MySQLi]: Unknown database 'bams'
in SYSTEMPATH\Database\BaseConnection.php on line 416.
 1 SYSTEMPATH\Database\BaseConnection.php(586): CodeIgniter\Database\BaseConnection->initialize()
 2 SYSTEMPATH\Database\BaseBuilder.php(1585): CodeIgniter\Database\BaseConnection->query('SELECT *
FROM `street`
WHERE `street`.`street_deleted_at` IS NULL', [], false)
 3 SYSTEMPATH\Model.php(222): CodeIgniter\Database\BaseBuilder->get()
 4 SYSTEMPATH\BaseModel.php(584): CodeIgniter\Model->doFindAll(0, 0)
 5 APPPATH\Controllers\Streets.php(18): CodeIgniter\BaseModel->findAll()
 6 SYSTEMPATH\CodeIgniter.php(896): App\Controllers\Streets->index()
 7 SYSTEMPATH\CodeIgniter.php(466): CodeIgniter\CodeIgniter->runController(Object(App\Controllers\Streets))
 8 SYSTEMPATH\CodeIgniter.php(349): CodeIgniter\CodeIgniter->handleRequest(null, Object(Config\Cache), false)
 9 FCPATH\index.php(55): CodeIgniter\CodeIgniter->run()
ERROR - 2022-09-19 12:45:06 --> Error connecting to the database: Unknown database 'bams'
CRITICAL - 2022-09-19 12:45:06 --> Unable to connect to the database.
Main connection [MySQLi]: Unknown database 'bams'
in SYSTEMPATH\Database\BaseConnection.php on line 416.
 1 SYSTEMPATH\Database\BaseConnection.php(586): CodeIgniter\Database\BaseConnection->initialize()
 2 SYSTEMPATH\Database\BaseBuilder.php(1585): CodeIgniter\Database\BaseConnection->query('SELECT *
FROM `street`
WHERE `street`.`street_deleted_at` IS NULL', [], false)
 3 SYSTEMPATH\Model.php(222): CodeIgniter\Database\BaseBuilder->get()
 4 SYSTEMPATH\BaseModel.php(584): CodeIgniter\Model->doFindAll(0, 0)
 5 APPPATH\Controllers\Streets.php(18): CodeIgniter\BaseModel->findAll()
 6 SYSTEMPATH\CodeIgniter.php(896): App\Controllers\Streets->index()
 7 SYSTEMPATH\CodeIgniter.php(466): CodeIgniter\CodeIgniter->runController(Object(App\Controllers\Streets))
 8 SYSTEMPATH\CodeIgniter.php(349): CodeIgniter\CodeIgniter->handleRequest(null, Object(Config\Cache), false)
 9 FCPATH\index.php(55): CodeIgniter\CodeIgniter->run()
CRITICAL - 2022-09-19 12:54:10 --> Invalid file: modals/add_street.php
in SYSTEMPATH\Exceptions\FrameworkException.php on line 33.
 1 SYSTEMPATH\View\View.php(201): CodeIgniter\Exceptions\FrameworkException::forInvalidFile('modals/add_street.php')
 2 SYSTEMPATH\Common.php(1135): CodeIgniter\View\View->render('modals/add_street', [], true)
 3 APPPATH\Views\template.php(63): view('modals/add_street')
 4 SYSTEMPATH\View\View.php(213): include('APPPATH\\Views\\template.php')
 5 SYSTEMPATH\View\View.php(216): CodeIgniter\View\View->CodeIgniter\View\{closure}()
 6 SYSTEMPATH\Common.php(1135): CodeIgniter\View\View->render('template', [], true)
 7 APPPATH\Controllers\Streets.php(28): view('template', [...])
 8 SYSTEMPATH\CodeIgniter.php(896): App\Controllers\Streets->index()
 9 SYSTEMPATH\CodeIgniter.php(466): CodeIgniter\CodeIgniter->runController(Object(App\Controllers\Streets))
10 SYSTEMPATH\CodeIgniter.php(349): CodeIgniter\CodeIgniter->handleRequest(null, Object(Config\Cache), false)
11 FCPATH\index.php(55): CodeIgniter\CodeIgniter->run()
CRITICAL - 2022-09-19 12:55:47 --> form_open(): Argument #1 ($action) must be of type string, null given, called in C:\wamp64\www\bamsci4\app\Views\streets\modals\add_street.php on line 2
in SYSTEMPATH\Helpers\form_helper.php on line 27.
 1 APPPATH\Views\streets\modals\add_street.php(2): form_open(null, 'id=\'frm_street\'')
 2 SYSTEMPATH\View\View.php(213): include('APPPATH\\Views\\streets\\modals\\add_street.php')
 3 SYSTEMPATH\View\View.php(216): CodeIgniter\View\View->CodeIgniter\View\{closure}()
 4 SYSTEMPATH\Common.php(1135): CodeIgniter\View\View->render('streets/modals/add_street', [], true)
 5 APPPATH\Views\template.php(63): view('streets/modals/add_street')
 6 SYSTEMPATH\View\View.php(213): include('APPPATH\\Views\\template.php')
 7 SYSTEMPATH\View\View.php(216): CodeIgniter\View\View->CodeIgniter\View\{closure}()
 8 SYSTEMPATH\Common.php(1135): CodeIgniter\View\View->render('template', [], true)
 9 APPPATH\Controllers\Streets.php(28): view('template', [...])
10 SYSTEMPATH\CodeIgniter.php(896): App\Controllers\Streets->index()
11 SYSTEMPATH\CodeIgniter.php(466): CodeIgniter\CodeIgniter->runController(Object(App\Controllers\Streets))
12 SYSTEMPATH\CodeIgniter.php(349): CodeIgniter\CodeIgniter->handleRequest(null, Object(Config\Cache), false)
13 FCPATH\index.php(55): CodeIgniter\CodeIgniter->run()
