CRITICAL - 2023-02-01 06:05:33 --> Undefined property: stdClass::$contact_no
in APPPATH/Views/residents/view_profile.php on line 123.
 1 APPPATH/Views/residents/view_profile.php(123): CodeIgniter\Debug\Exceptions->errorHandler(8, 'Undefined property: stdClass::$contact_no', 'APPPATH/Views/residents/view_profile.php', 123, [...])
 2 SYSTEMPATH/View/View.php(213): include('APPPATH/Views/residents/view_profile.php')
 3 SYSTEMPATH/View/View.php(216): CodeIgniter\View\View->CodeIgniter\View\{closure}()
 4 SYSTEMPATH/Common.php(1135): CodeIgniter\View\View->render('residents/view_profile', [], true)
 5 APPPATH/Views/template.php(51): view('residents/view_profile')
 6 SYSTEMPATH/View/View.php(213): include('APPPATH/Views/template.php')
 7 SYSTEMPATH/View/View.php(216): CodeIgniter\View\View->CodeIgniter\View\{closure}()
 8 SYSTEMPATH/Common.php(1135): CodeIgniter\View\View->render('template', [], true)
 9 APPPATH/Controllers/Residents.php(83): view('template', [...])
10 SYSTEMPATH/CodeIgniter.php(896): App\Controllers\Residents->view('2')
11 SYSTEMPATH/CodeIgniter.php(466): CodeIgniter\CodeIgniter->runController(Object(App\Controllers\Residents))
12 SYSTEMPATH/CodeIgniter.php(349): CodeIgniter\CodeIgniter->handleRequest(null, Object(Config\Cache), false)
13 FCPATH/index.php(55): CodeIgniter\CodeIgniter->run()
CRITICAL - 2023-02-01 06:12:34 --> Undefined property: stdClass::$street_no
in APPPATH/Views/residents/view_profile.php on line 163.
 1 APPPATH/Views/residents/view_profile.php(163): CodeIgniter\Debug\Exceptions->errorHandler(8, 'Undefined property: stdClass::$street_no', 'APPPATH/Views/residents/view_profile.php', 163, [...])
 2 SYSTEMPATH/View/View.php(213): include('APPPATH/Views/residents/view_profile.php')
 3 SYSTEMPATH/View/View.php(216): CodeIgniter\View\View->CodeIgniter\View\{closure}()
 4 SYSTEMPATH/Common.php(1135): CodeIgniter\View\View->render('residents/view_profile', [], true)
 5 APPPATH/Views/template.php(51): view('residents/view_profile')
 6 SYSTEMPATH/View/View.php(213): include('APPPATH/Views/template.php')
 7 SYSTEMPATH/View/View.php(216): CodeIgniter\View\View->CodeIgniter\View\{closure}()
 8 SYSTEMPATH/Common.php(1135): CodeIgniter\View\View->render('template', [], true)
 9 APPPATH/Controllers/Residents.php(83): view('template', [...])
10 SYSTEMPATH/CodeIgniter.php(896): App\Controllers\Residents->view('2')
11 SYSTEMPATH/CodeIgniter.php(466): CodeIgniter\CodeIgniter->runController(Object(App\Controllers\Residents))
12 SYSTEMPATH/CodeIgniter.php(349): CodeIgniter\CodeIgniter->handleRequest(null, Object(Config\Cache), false)
13 FCPATH/index.php(55): CodeIgniter\CodeIgniter->run()
CRITICAL - 2023-02-01 06:12:46 --> Undefined property: stdClass::$street_number
in APPPATH/Views/residents/view_profile.php on line 163.
 1 APPPATH/Views/residents/view_profile.php(163): CodeIgniter\Debug\Exceptions->errorHandler(8, 'Undefined property: stdClass::$street_number', 'APPPATH/Views/residents/view_profile.php', 163, [...])
 2 SYSTEMPATH/View/View.php(213): include('APPPATH/Views/residents/view_profile.php')
 3 SYSTEMPATH/View/View.php(216): CodeIgniter\View\View->CodeIgniter\View\{closure}()
 4 SYSTEMPATH/Common.php(1135): CodeIgniter\View\View->render('residents/view_profile', [], true)
 5 APPPATH/Views/template.php(51): view('residents/view_profile')
 6 SYSTEMPATH/View/View.php(213): include('APPPATH/Views/template.php')
 7 SYSTEMPATH/View/View.php(216): CodeIgniter\View\View->CodeIgniter\View\{closure}()
 8 SYSTEMPATH/Common.php(1135): CodeIgniter\View\View->render('template', [], true)
 9 APPPATH/Controllers/Residents.php(83): view('template', [...])
10 SYSTEMPATH/CodeIgniter.php(896): App\Controllers\Residents->view('2')
11 SYSTEMPATH/CodeIgniter.php(466): CodeIgniter\CodeIgniter->runController(Object(App\Controllers\Residents))
12 SYSTEMPATH/CodeIgniter.php(349): CodeIgniter\CodeIgniter->handleRequest(null, Object(Config\Cache), false)
13 FCPATH/index.php(55): CodeIgniter\CodeIgniter->run()
CRITICAL - 2023-02-01 06:21:40 --> Undefined property: stdClass::$suffix_name
in APPPATH/Views/residents/view_profile.php on line 74.
 1 APPPATH/Views/residents/view_profile.php(74): CodeIgniter\Debug\Exceptions->errorHandler(8, 'Undefined property: stdClass::$suffix_name', 'APPPATH/Views/residents/view_profile.php', 74, [...])
 2 SYSTEMPATH/View/View.php(213): include('APPPATH/Views/residents/view_profile.php')
 3 SYSTEMPATH/View/View.php(216): CodeIgniter\View\View->CodeIgniter\View\{closure}()
 4 SYSTEMPATH/Common.php(1135): CodeIgniter\View\View->render('residents/view_profile', [], true)
 5 APPPATH/Views/template.php(51): view('residents/view_profile')
 6 SYSTEMPATH/View/View.php(213): include('APPPATH/Views/template.php')
 7 SYSTEMPATH/View/View.php(216): CodeIgniter\View\View->CodeIgniter\View\{closure}()
 8 SYSTEMPATH/Common.php(1135): CodeIgniter\View\View->render('template', [], true)
 9 APPPATH/Controllers/Residents.php(83): view('template', [...])
10 SYSTEMPATH/CodeIgniter.php(896): App\Controllers\Residents->view('2')
11 SYSTEMPATH/CodeIgniter.php(466): CodeIgniter\CodeIgniter->runController(Object(App\Controllers\Residents))
12 SYSTEMPATH/CodeIgniter.php(349): CodeIgniter\CodeIgniter->handleRequest(null, Object(Config\Cache), false)
13 FCPATH/index.php(55): CodeIgniter\CodeIgniter->run()
