CRITICAL - 2022-07-26 00:32:20 --> Undefined property: CodeIgniter\View\View::$load
in APPPATH\Views\template.php on line 27.
 1 APPPATH\Views\template.php(27): CodeIgniter\Debug\Exceptions->errorHandler(2, 'Undefined property: CodeIgniter\\View\\View::$load', 'APPPATH\\Views\\template.php', 27)
 2 SYSTEMPATH\View\View.php(213): include('APPPATH\\Views\\template.php')
 3 SYSTEMPATH\View\View.php(216): CodeIgniter\View\View->CodeIgniter\View\{closure}()
 4 SYSTEMPATH\Common.php(1135): CodeIgniter\View\View->render('template', [], true)
 5 APPPATH\Controllers\Masterdata.php(13): view('template', [...])
 6 SYSTEMPATH\CodeIgniter.php(896): App\Controllers\Masterdata->getIndex()
 7 SYSTEMPATH\CodeIgniter.php(466): CodeIgniter\CodeIgniter->runController(Object(App\Controllers\Masterdata))
 8 SYSTEMPATH\CodeIgniter.php(349): CodeIgniter\CodeIgniter->handleRequest(null, Object(Config\Cache), false)
 9 FCPATH\index.php(55): CodeIgniter\CodeIgniter->run()
CRITICAL - 2022-07-26 00:35:20 --> Undefined property: CodeIgniter\View\View::$load
in APPPATH\Views\masterdata\events\event.php on line 93.
 1 APPPATH\Views\masterdata\events\event.php(93): CodeIgniter\Debug\Exceptions->errorHandler(2, 'Undefined property: CodeIgniter\\View\\View::$load', 'APPPATH\\Views\\masterdata\\events\\event.php', 93)
 2 SYSTEMPATH\View\View.php(213): include('APPPATH\\Views\\masterdata\\events\\event.php')
 3 SYSTEMPATH\View\View.php(216): CodeIgniter\View\View->CodeIgniter\View\{closure}()
 4 SYSTEMPATH\Common.php(1135): CodeIgniter\View\View->render('masterdata/events/event', [], true)
 5 APPPATH\Views\template.php(36): view('masterdata/events/event')
 6 SYSTEMPATH\View\View.php(213): include('APPPATH\\Views\\template.php')
 7 SYSTEMPATH\View\View.php(216): CodeIgniter\View\View->CodeIgniter\View\{closure}()
 8 SYSTEMPATH\Common.php(1135): CodeIgniter\View\View->render('template', [], true)
 9 APPPATH\Controllers\Masterdata.php(21): view('template', [...])
10 SYSTEMPATH\CodeIgniter.php(896): App\Controllers\Masterdata->getEvents()
11 SYSTEMPATH\CodeIgniter.php(466): CodeIgniter\CodeIgniter->runController(Object(App\Controllers\Masterdata))
12 SYSTEMPATH\CodeIgniter.php(349): CodeIgniter\CodeIgniter->handleRequest(null, Object(Config\Cache), false)
13 FCPATH\index.php(55): CodeIgniter\CodeIgniter->run()
CRITICAL - 2022-07-26 01:03:37 --> syntax error, unexpected token "(", expecting variable
in APPPATH\Controllers\Masterdata.php on line 8.
 1 SYSTEMPATH\Autoloader\Autoloader.php(261): CodeIgniter\Autoloader\Autoloader->includeFile('APPPATH\\Controllers\\Masterdata.php')
 2 SYSTEMPATH\Autoloader\Autoloader.php(239): CodeIgniter\Autoloader\Autoloader->loadInNamespace('App\\Controllers\\Masterdata')
 3 [internal function]: CodeIgniter\Autoloader\Autoloader->loadClass('App\\Controllers\\Masterdata')
 4 SYSTEMPATH\Router\AutoRouterImproved.php(264): class_exists('App\\Controllers\\Masterdata')
 5 SYSTEMPATH\Router\AutoRouterImproved.php(115): CodeIgniter\Router\AutoRouterImproved->scanControllers([...])
 6 SYSTEMPATH\Router\Router.php(499): CodeIgniter\Router\AutoRouterImproved->getRoute('masterdata/add_event')
 7 SYSTEMPATH\Router\Router.php(205): CodeIgniter\Router\Router->autoRoute('masterdata/add_event')
 8 SYSTEMPATH\CodeIgniter.php(771): CodeIgniter\Router\Router->handle('masterdata/add_event')
 9 SYSTEMPATH\CodeIgniter.php(415): CodeIgniter\CodeIgniter->tryToRouteIt(Object(CodeIgniter\Router\RouteCollection))
10 SYSTEMPATH\CodeIgniter.php(349): CodeIgniter\CodeIgniter->handleRequest(null, Object(Config\Cache), false)
11 FCPATH\index.php(55): CodeIgniter\CodeIgniter->run()
CRITICAL - 2022-07-26 01:03:51 --> syntax error, unexpected token "(", expecting variable
in APPPATH\Controllers\Masterdata.php on line 8.
 1 SYSTEMPATH\Autoloader\Autoloader.php(261): CodeIgniter\Autoloader\Autoloader->includeFile('APPPATH\\Controllers\\Masterdata.php')
 2 SYSTEMPATH\Autoloader\Autoloader.php(239): CodeIgniter\Autoloader\Autoloader->loadInNamespace('App\\Controllers\\Masterdata')
 3 [internal function]: CodeIgniter\Autoloader\Autoloader->loadClass('App\\Controllers\\Masterdata')
 4 SYSTEMPATH\Router\AutoRouterImproved.php(264): class_exists('App\\Controllers\\Masterdata')
 5 SYSTEMPATH\Router\AutoRouterImproved.php(115): CodeIgniter\Router\AutoRouterImproved->scanControllers([...])
 6 SYSTEMPATH\Router\Router.php(499): CodeIgniter\Router\AutoRouterImproved->getRoute('masterdata/add_event')
 7 SYSTEMPATH\Router\Router.php(205): CodeIgniter\Router\Router->autoRoute('masterdata/add_event')
 8 SYSTEMPATH\CodeIgniter.php(771): CodeIgniter\Router\Router->handle('masterdata/add_event')
 9 SYSTEMPATH\CodeIgniter.php(415): CodeIgniter\CodeIgniter->tryToRouteIt(Object(CodeIgniter\Router\RouteCollection))
10 SYSTEMPATH\CodeIgniter.php(349): CodeIgniter\CodeIgniter->handleRequest(null, Object(Config\Cache), false)
11 FCPATH\index.php(55): CodeIgniter\CodeIgniter->run()
CRITICAL - 2022-07-26 01:04:09 --> Undefined variable $sidebar
in APPPATH\Views\template.php on line 28.
 1 APPPATH\Views\template.php(28): CodeIgniter\Debug\Exceptions->errorHandler(2, 'Undefined variable $sidebar', 'APPPATH\\Views\\template.php', 28)
 2 SYSTEMPATH\View\View.php(213): include('APPPATH\\Views\\template.php')
 3 SYSTEMPATH\View\View.php(216): CodeIgniter\View\View->CodeIgniter\View\{closure}()
 4 SYSTEMPATH\Common.php(1135): CodeIgniter\View\View->render('template', [], true)
 5 APPPATH\Controllers\Masterdata.php(42): view('template', [...])
 6 SYSTEMPATH\CodeIgniter.php(896): App\Controllers\Masterdata->postAdd_event()
 7 SYSTEMPATH\CodeIgniter.php(466): CodeIgniter\CodeIgniter->runController(Object(App\Controllers\Masterdata))
 8 SYSTEMPATH\CodeIgniter.php(349): CodeIgniter\CodeIgniter->handleRequest(null, Object(Config\Cache), false)
 9 FCPATH\index.php(55): CodeIgniter\CodeIgniter->run()
CRITICAL - 2022-07-26 01:09:50 --> Undefined variable $brand_name
in APPPATH\Views\navbar.php on line 6.
 1 APPPATH\Views\navbar.php(6): CodeIgniter\Debug\Exceptions->errorHandler(2, 'Undefined variable $brand_name', 'APPPATH\\Views\\navbar.php', 6)
 2 SYSTEMPATH\View\View.php(213): include('APPPATH\\Views\\navbar.php')
 3 SYSTEMPATH\View\View.php(216): CodeIgniter\View\View->CodeIgniter\View\{closure}()
 4 SYSTEMPATH\Common.php(1135): CodeIgniter\View\View->render('navbar', [], true)
 5 APPPATH\Views\template.php(42): view('navbar')
 6 SYSTEMPATH\View\View.php(213): include('APPPATH\\Views\\template.php')
 7 SYSTEMPATH\View\View.php(216): CodeIgniter\View\View->CodeIgniter\View\{closure}()
 8 SYSTEMPATH\Common.php(1135): CodeIgniter\View\View->render('template', [], true)
 9 APPPATH\Controllers\Masterdata.php(40): view('template', [...])
10 SYSTEMPATH\CodeIgniter.php(896): App\Controllers\Masterdata->getAdd_event()
11 SYSTEMPATH\CodeIgniter.php(466): CodeIgniter\CodeIgniter->runController(Object(App\Controllers\Masterdata))
12 SYSTEMPATH\CodeIgniter.php(349): CodeIgniter\CodeIgniter->handleRequest(null, Object(Config\Cache), false)
13 FCPATH\index.php(55): CodeIgniter\CodeIgniter->run()
CRITICAL - 2022-07-26 01:11:45 --> Undefined variable $brand_name
in APPPATH\Views\navbar.php on line 6.
 1 APPPATH\Views\navbar.php(6): CodeIgniter\Debug\Exceptions->errorHandler(2, 'Undefined variable $brand_name', 'APPPATH\\Views\\navbar.php', 6)
 2 SYSTEMPATH\View\View.php(213): include('APPPATH\\Views\\navbar.php')
 3 SYSTEMPATH\View\View.php(216): CodeIgniter\View\View->CodeIgniter\View\{closure}()
 4 SYSTEMPATH\Common.php(1135): CodeIgniter\View\View->render('navbar', [], true)
 5 APPPATH\Views\template.php(42): view('navbar')
 6 SYSTEMPATH\View\View.php(213): include('APPPATH\\Views\\template.php')
 7 SYSTEMPATH\View\View.php(216): CodeIgniter\View\View->CodeIgniter\View\{closure}()
 8 SYSTEMPATH\Common.php(1135): CodeIgniter\View\View->render('template', [], true)
 9 APPPATH\Controllers\Masterdata.php(40): view('template', [...])
10 SYSTEMPATH\CodeIgniter.php(896): App\Controllers\Masterdata->getAdd_event()
11 SYSTEMPATH\CodeIgniter.php(466): CodeIgniter\CodeIgniter->runController(Object(App\Controllers\Masterdata))
12 SYSTEMPATH\CodeIgniter.php(349): CodeIgniter\CodeIgniter->handleRequest(null, Object(Config\Cache), false)
13 FCPATH\index.php(55): CodeIgniter\CodeIgniter->run()
CRITICAL - 2022-07-26 01:12:27 --> syntax error, unexpected token ";"
in APPPATH\Views\navbar.php on line 6.
 1 SYSTEMPATH\View\View.php(216): CodeIgniter\View\View->CodeIgniter\View\{closure}()
 2 SYSTEMPATH\Common.php(1135): CodeIgniter\View\View->render('navbar', [], true)
 3 APPPATH\Views\template.php(42): view('navbar')
 4 SYSTEMPATH\View\View.php(213): include('APPPATH\\Views\\template.php')
 5 SYSTEMPATH\View\View.php(216): CodeIgniter\View\View->CodeIgniter\View\{closure}()
 6 SYSTEMPATH\Common.php(1135): CodeIgniter\View\View->render('template', [], true)
 7 APPPATH\Controllers\Masterdata.php(40): view('template', [...])
 8 SYSTEMPATH\CodeIgniter.php(896): App\Controllers\Masterdata->getAdd_event()
 9 SYSTEMPATH\CodeIgniter.php(466): CodeIgniter\CodeIgniter->runController(Object(App\Controllers\Masterdata))
10 SYSTEMPATH\CodeIgniter.php(349): CodeIgniter\CodeIgniter->handleRequest(null, Object(Config\Cache), false)
11 FCPATH\index.php(55): CodeIgniter\CodeIgniter->run()
CRITICAL - 2022-07-26 01:13:11 --> Call to undefined method CodeIgniter\HTTP\IncomingRequest::method()
in APPPATH\Controllers\Masterdata.php on line 37.
 1 SYSTEMPATH\CodeIgniter.php(896): App\Controllers\Masterdata->getAdd_event()
 2 SYSTEMPATH\CodeIgniter.php(466): CodeIgniter\CodeIgniter->runController(Object(App\Controllers\Masterdata))
 3 SYSTEMPATH\CodeIgniter.php(349): CodeIgniter\CodeIgniter->handleRequest(null, Object(Config\Cache), false)
 4 FCPATH\index.php(55): CodeIgniter\CodeIgniter->run()
CRITICAL - 2022-07-26 01:19:09 --> Undefined property: App\Controllers\Masterdata::$event_m
in APPPATH\Controllers\Masterdata.php on line 49.
 1 APPPATH\Controllers\Masterdata.php(49): CodeIgniter\Debug\Exceptions->errorHandler(2, 'Undefined property: App\\Controllers\\Masterdata::$event_m', 'APPPATH\\Controllers\\Masterdata.php', 49)
 2 SYSTEMPATH\CodeIgniter.php(896): App\Controllers\Masterdata->postAdd_event()
 3 SYSTEMPATH\CodeIgniter.php(466): CodeIgniter\CodeIgniter->runController(Object(App\Controllers\Masterdata))
 4 SYSTEMPATH\CodeIgniter.php(349): CodeIgniter\CodeIgniter->handleRequest(null, Object(Config\Cache), false)
 5 FCPATH\index.php(55): CodeIgniter\CodeIgniter->run()
CRITICAL - 2022-07-26 01:19:22 --> Undefined property: App\Controllers\Masterdata::$event_m
in APPPATH\Controllers\Masterdata.php on line 49.
 1 APPPATH\Controllers\Masterdata.php(49): CodeIgniter\Debug\Exceptions->errorHandler(2, 'Undefined property: App\\Controllers\\Masterdata::$event_m', 'APPPATH\\Controllers\\Masterdata.php', 49)
 2 SYSTEMPATH\CodeIgniter.php(896): App\Controllers\Masterdata->postAdd_event()
 3 SYSTEMPATH\CodeIgniter.php(466): CodeIgniter\CodeIgniter->runController(Object(App\Controllers\Masterdata))
 4 SYSTEMPATH\CodeIgniter.php(349): CodeIgniter\CodeIgniter->handleRequest(null, Object(Config\Cache), false)
 5 FCPATH\index.php(55): CodeIgniter\CodeIgniter->run()
CRITICAL - 2022-07-26 01:19:34 --> Undefined variable $event_m
in APPPATH\Controllers\Masterdata.php on line 49.
 1 APPPATH\Controllers\Masterdata.php(49): CodeIgniter\Debug\Exceptions->errorHandler(2, 'Undefined variable $event_m', 'APPPATH\\Controllers\\Masterdata.php', 49)
 2 SYSTEMPATH\CodeIgniter.php(896): App\Controllers\Masterdata->postAdd_event()
 3 SYSTEMPATH\CodeIgniter.php(466): CodeIgniter\CodeIgniter->runController(Object(App\Controllers\Masterdata))
 4 SYSTEMPATH\CodeIgniter.php(349): CodeIgniter\CodeIgniter->handleRequest(null, Object(Config\Cache), false)
 5 FCPATH\index.php(55): CodeIgniter\CodeIgniter->run()
CRITICAL - 2022-07-26 01:19:40 --> Undefined variable $event_m
in APPPATH\Controllers\Masterdata.php on line 49.
 1 APPPATH\Controllers\Masterdata.php(49): CodeIgniter\Debug\Exceptions->errorHandler(2, 'Undefined variable $event_m', 'APPPATH\\Controllers\\Masterdata.php', 49)
 2 SYSTEMPATH\CodeIgniter.php(896): App\Controllers\Masterdata->postAdd_event()
 3 SYSTEMPATH\CodeIgniter.php(466): CodeIgniter\CodeIgniter->runController(Object(App\Controllers\Masterdata))
 4 SYSTEMPATH\CodeIgniter.php(349): CodeIgniter\CodeIgniter->handleRequest(null, Object(Config\Cache), false)
 5 FCPATH\index.php(55): CodeIgniter\CodeIgniter->run()
CRITICAL - 2022-07-26 01:19:54 --> Undefined property: App\Controllers\Masterdata::$event_m
in APPPATH\Controllers\Masterdata.php on line 49.
 1 APPPATH\Controllers\Masterdata.php(49): CodeIgniter\Debug\Exceptions->errorHandler(2, 'Undefined property: App\\Controllers\\Masterdata::$event_m', 'APPPATH\\Controllers\\Masterdata.php', 49)
 2 SYSTEMPATH\CodeIgniter.php(896): App\Controllers\Masterdata->postAdd_event()
 3 SYSTEMPATH\CodeIgniter.php(466): CodeIgniter\CodeIgniter->runController(Object(App\Controllers\Masterdata))
 4 SYSTEMPATH\CodeIgniter.php(349): CodeIgniter\CodeIgniter->handleRequest(null, Object(Config\Cache), false)
 5 FCPATH\index.php(55): CodeIgniter\CodeIgniter->run()
CRITICAL - 2022-07-26 01:21:53 --> syntax error, unexpected token "}"
in APPPATH\Controllers\Masterdata.php on line 56.
 1 SYSTEMPATH\Autoloader\Autoloader.php(261): CodeIgniter\Autoloader\Autoloader->includeFile('APPPATH\\Controllers\\Masterdata.php')
 2 SYSTEMPATH\Autoloader\Autoloader.php(239): CodeIgniter\Autoloader\Autoloader->loadInNamespace('App\\Controllers\\Masterdata')
 3 [internal function]: CodeIgniter\Autoloader\Autoloader->loadClass('App\\Controllers\\Masterdata')
 4 SYSTEMPATH\Router\AutoRouterImproved.php(264): class_exists('App\\Controllers\\Masterdata')
 5 SYSTEMPATH\Router\AutoRouterImproved.php(115): CodeIgniter\Router\AutoRouterImproved->scanControllers([...])
 6 SYSTEMPATH\Router\Router.php(499): CodeIgniter\Router\AutoRouterImproved->getRoute('masterdata/add_event')
 7 SYSTEMPATH\Router\Router.php(205): CodeIgniter\Router\Router->autoRoute('masterdata/add_event')
 8 SYSTEMPATH\CodeIgniter.php(771): CodeIgniter\Router\Router->handle('masterdata/add_event')
 9 SYSTEMPATH\CodeIgniter.php(415): CodeIgniter\CodeIgniter->tryToRouteIt(Object(CodeIgniter\Router\RouteCollection))
10 SYSTEMPATH\CodeIgniter.php(349): CodeIgniter\CodeIgniter->handleRequest(null, Object(Config\Cache), false)
11 FCPATH\index.php(55): CodeIgniter\CodeIgniter->run()
CRITICAL - 2022-07-26 01:22:15 --> Call to undefined function App\Controllers\dump()
in APPPATH\Controllers\Masterdata.php on line 55.
 1 SYSTEMPATH\CodeIgniter.php(896): App\Controllers\Masterdata->postAdd_event()
 2 SYSTEMPATH\CodeIgniter.php(466): CodeIgniter\CodeIgniter->runController(Object(App\Controllers\Masterdata))
 3 SYSTEMPATH\CodeIgniter.php(349): CodeIgniter\CodeIgniter->handleRequest(null, Object(Config\Cache), false)
 4 FCPATH\index.php(55): CodeIgniter\CodeIgniter->run()
CRITICAL - 2022-07-26 01:26:58 --> event_code is not a valid rule.
in SYSTEMPATH\Validation\Validation.php on line 314.
 1 SYSTEMPATH\Validation\Validation.php(314): CodeIgniter\Validation\Exceptions\ValidationException::forRuleNotFound('event_code')
 2 SYSTEMPATH\Validation\Validation.php(173): CodeIgniter\Validation\Validation->processRules('event_code', 'event_code', 'C:\\wamp64\\www\\voting_systemci4', [...], [...])
 3 SYSTEMPATH\Controller.php(140): CodeIgniter\Validation\Validation->run()
 4 APPPATH\Controllers\Masterdata.php(53): CodeIgniter\Controller->validate([...])
 5 SYSTEMPATH\CodeIgniter.php(896): App\Controllers\Masterdata->postAdd_event()
 6 SYSTEMPATH\CodeIgniter.php(466): CodeIgniter\CodeIgniter->runController(Object(App\Controllers\Masterdata))
 7 SYSTEMPATH\CodeIgniter.php(349): CodeIgniter\CodeIgniter->handleRequest(null, Object(Config\Cache), false)
 8 FCPATH\index.php(55): CodeIgniter\CodeIgniter->run()
CRITICAL - 2022-07-26 06:05:41 --> Call to undefined method Config\View::item()
in APPPATH\Views\sidebar.php on line 3.
 1 SYSTEMPATH\View\View.php(213): include()
 2 SYSTEMPATH\View\View.php(216): CodeIgniter\View\View->CodeIgniter\View\{closure}()
 3 SYSTEMPATH\Common.php(1135): CodeIgniter\View\View->render('sidebar', [], true)
 4 APPPATH\Views\template.php(25): view('sidebar')
 5 SYSTEMPATH\View\View.php(213): include('APPPATH\\Views\\template.php')
 6 SYSTEMPATH\View\View.php(216): CodeIgniter\View\View->CodeIgniter\View\{closure}()
 7 SYSTEMPATH\Common.php(1135): CodeIgniter\View\View->render('template', [], true)
 8 APPPATH\Controllers\Voters.php(12): view('template', [...])
 9 SYSTEMPATH\CodeIgniter.php(896): App\Controllers\Voters->getIndex()
10 SYSTEMPATH\CodeIgniter.php(466): CodeIgniter\CodeIgniter->runController(Object(App\Controllers\Voters))
11 SYSTEMPATH\CodeIgniter.php(349): CodeIgniter\CodeIgniter->handleRequest(null, Object(Config\Cache), false)
12 FCPATH\index.php(55): CodeIgniter\CodeIgniter->run()
CRITICAL - 2022-07-26 06:20:49 --> Cannot redeclare Config\CustomConfig::$name
in APPPATH\Config\CustomConfig.php on line 13.
 1 [internal function]: CodeIgniter\Debug\Exceptions->shutdownHandler()
CRITICAL - 2022-07-26 06:21:09 --> Constant expression contains invalid operations
in APPPATH\Config\CustomConfig.php on line 12.
 1 [internal function]: CodeIgniter\Debug\Exceptions->shutdownHandler()
CRITICAL - 2022-07-26 06:22:51 --> Cannot use [] for reading
in APPPATH\Config\CustomConfig.php on line 12.
 1 [internal function]: CodeIgniter\Debug\Exceptions->shutdownHandler()
CRITICAL - 2022-07-26 06:23:02 --> Constant expression contains invalid operations
in APPPATH\Config\CustomConfig.php on line 12.
 1 [internal function]: CodeIgniter\Debug\Exceptions->shutdownHandler()
CRITICAL - 2022-07-26 06:23:25 --> Constant expression contains invalid operations
in APPPATH\Config\CustomConfig.php on line 12.
 1 [internal function]: CodeIgniter\Debug\Exceptions->shutdownHandler()
CRITICAL - 2022-07-26 06:25:48 --> Call to undefined method Config\View::item()
in APPPATH\Views\sidebar.php on line 3.
 1 SYSTEMPATH\View\View.php(213): include()
 2 SYSTEMPATH\View\View.php(216): CodeIgniter\View\View->CodeIgniter\View\{closure}()
 3 SYSTEMPATH\Common.php(1135): CodeIgniter\View\View->render('sidebar', [], true)
 4 APPPATH\Views\template.php(25): view('sidebar')
 5 SYSTEMPATH\View\View.php(213): include('APPPATH\\Views\\template.php')
 6 SYSTEMPATH\View\View.php(216): CodeIgniter\View\View->CodeIgniter\View\{closure}()
 7 SYSTEMPATH\Common.php(1135): CodeIgniter\View\View->render('template', [], true)
 8 APPPATH\Controllers\Voters.php(12): view('template', [...])
 9 SYSTEMPATH\CodeIgniter.php(896): App\Controllers\Voters->getIndex()
10 SYSTEMPATH\CodeIgniter.php(466): CodeIgniter\CodeIgniter->runController(Object(App\Controllers\Voters))
11 SYSTEMPATH\CodeIgniter.php(349): CodeIgniter\CodeIgniter->handleRequest(null, Object(Config\Cache), false)
12 FCPATH\index.php(55): CodeIgniter\CodeIgniter->run()
CRITICAL - 2022-07-26 06:26:15 --> Call to undefined method Config\View::item()
in APPPATH\Views\sidebar.php on line 3.
 1 SYSTEMPATH\View\View.php(213): include()
 2 SYSTEMPATH\View\View.php(216): CodeIgniter\View\View->CodeIgniter\View\{closure}()
 3 SYSTEMPATH\Common.php(1135): CodeIgniter\View\View->render('sidebar', [], true)
 4 APPPATH\Views\template.php(25): view('sidebar')
 5 SYSTEMPATH\View\View.php(213): include('APPPATH\\Views\\template.php')
 6 SYSTEMPATH\View\View.php(216): CodeIgniter\View\View->CodeIgniter\View\{closure}()
 7 SYSTEMPATH\Common.php(1135): CodeIgniter\View\View->render('template', [], true)
 8 APPPATH\Controllers\Voters.php(12): view('template', [...])
 9 SYSTEMPATH\CodeIgniter.php(896): App\Controllers\Voters->getIndex()
10 SYSTEMPATH\CodeIgniter.php(466): CodeIgniter\CodeIgniter->runController(Object(App\Controllers\Voters))
11 SYSTEMPATH\CodeIgniter.php(349): CodeIgniter\CodeIgniter->handleRequest(null, Object(Config\Cache), false)
12 FCPATH\index.php(55): CodeIgniter\CodeIgniter->run()
CRITICAL - 2022-07-26 06:27:33 --> Constant expression contains invalid operations
in APPPATH\Config\CustomConfig.php on line 14.
 1 [internal function]: CodeIgniter\Debug\Exceptions->shutdownHandler()
CRITICAL - 2022-07-26 06:27:56 --> Constant expression contains invalid operations
in APPPATH\Config\CustomConfig.php on line 14.
 1 [internal function]: CodeIgniter\Debug\Exceptions->shutdownHandler()
CRITICAL - 2022-07-26 06:28:39 --> Call to undefined method Config\View::item()
in APPPATH\Views\sidebar.php on line 3.
 1 SYSTEMPATH\View\View.php(213): include()
 2 SYSTEMPATH\View\View.php(216): CodeIgniter\View\View->CodeIgniter\View\{closure}()
 3 SYSTEMPATH\Common.php(1135): CodeIgniter\View\View->render('sidebar', [], true)
 4 APPPATH\Views\template.php(25): view('sidebar')
 5 SYSTEMPATH\View\View.php(213): include('APPPATH\\Views\\template.php')
 6 SYSTEMPATH\View\View.php(216): CodeIgniter\View\View->CodeIgniter\View\{closure}()
 7 SYSTEMPATH\Common.php(1135): CodeIgniter\View\View->render('template', [], true)
 8 APPPATH\Controllers\Voters.php(12): view('template', [...])
 9 SYSTEMPATH\CodeIgniter.php(896): App\Controllers\Voters->getIndex()
10 SYSTEMPATH\CodeIgniter.php(466): CodeIgniter\CodeIgniter->runController(Object(App\Controllers\Voters))
11 SYSTEMPATH\CodeIgniter.php(349): CodeIgniter\CodeIgniter->handleRequest(null, Object(Config\Cache), false)
12 FCPATH\index.php(55): CodeIgniter\CodeIgniter->run()
CRITICAL - 2022-07-26 06:28:59 --> Call to undefined method Config\View::item()
in APPPATH\Views\sidebar.php on line 3.
 1 SYSTEMPATH\View\View.php(213): include()
 2 SYSTEMPATH\View\View.php(216): CodeIgniter\View\View->CodeIgniter\View\{closure}()
 3 SYSTEMPATH\Common.php(1135): CodeIgniter\View\View->render('sidebar', [], true)
 4 APPPATH\Views\template.php(25): view('sidebar')
 5 SYSTEMPATH\View\View.php(213): include('APPPATH\\Views\\template.php')
 6 SYSTEMPATH\View\View.php(216): CodeIgniter\View\View->CodeIgniter\View\{closure}()
 7 SYSTEMPATH\Common.php(1135): CodeIgniter\View\View->render('template', [], true)
 8 APPPATH\Controllers\Voters.php(12): view('template', [...])
 9 SYSTEMPATH\CodeIgniter.php(896): App\Controllers\Voters->getIndex()
10 SYSTEMPATH\CodeIgniter.php(466): CodeIgniter\CodeIgniter->runController(Object(App\Controllers\Voters))
11 SYSTEMPATH\CodeIgniter.php(349): CodeIgniter\CodeIgniter->handleRequest(null, Object(Config\Cache), false)
12 FCPATH\index.php(55): CodeIgniter\CodeIgniter->run()
CRITICAL - 2022-07-26 06:31:08 --> Call to undefined method Config\View::item()
in APPPATH\Views\sidebar.php on line 3.
 1 SYSTEMPATH\View\View.php(213): include()
 2 SYSTEMPATH\View\View.php(216): CodeIgniter\View\View->CodeIgniter\View\{closure}()
 3 SYSTEMPATH\Common.php(1135): CodeIgniter\View\View->render('sidebar', [], true)
 4 APPPATH\Views\template.php(25): view('sidebar')
 5 SYSTEMPATH\View\View.php(213): include('APPPATH\\Views\\template.php')
 6 SYSTEMPATH\View\View.php(216): CodeIgniter\View\View->CodeIgniter\View\{closure}()
 7 SYSTEMPATH\Common.php(1135): CodeIgniter\View\View->render('template', [], true)
 8 APPPATH\Controllers\Voters.php(12): view('template', [...])
 9 SYSTEMPATH\CodeIgniter.php(896): App\Controllers\Voters->getIndex()
10 SYSTEMPATH\CodeIgniter.php(466): CodeIgniter\CodeIgniter->runController(Object(App\Controllers\Voters))
11 SYSTEMPATH\CodeIgniter.php(349): CodeIgniter\CodeIgniter->handleRequest(null, Object(Config\Cache), false)
12 FCPATH\index.php(55): CodeIgniter\CodeIgniter->run()
CRITICAL - 2022-07-26 06:32:47 --> Undefined variable $name
in APPPATH\Views\sidebar.php on line 4.
 1 APPPATH\Views\sidebar.php(4): CodeIgniter\Debug\Exceptions->errorHandler(2, 'Undefined variable $name', 'APPPATH\\Views\\sidebar.php', 4)
 2 SYSTEMPATH\View\View.php(213): include('APPPATH\\Views\\sidebar.php')
 3 SYSTEMPATH\View\View.php(216): CodeIgniter\View\View->CodeIgniter\View\{closure}()
 4 SYSTEMPATH\Common.php(1135): CodeIgniter\View\View->render('sidebar', [], true)
 5 APPPATH\Views\template.php(25): view('sidebar')
 6 SYSTEMPATH\View\View.php(213): include('APPPATH\\Views\\template.php')
 7 SYSTEMPATH\View\View.php(216): CodeIgniter\View\View->CodeIgniter\View\{closure}()
 8 SYSTEMPATH\Common.php(1135): CodeIgniter\View\View->render('template', [], true)
 9 APPPATH\Controllers\Voters.php(12): view('template', [...])
10 SYSTEMPATH\CodeIgniter.php(896): App\Controllers\Voters->getIndex()
11 SYSTEMPATH\CodeIgniter.php(466): CodeIgniter\CodeIgniter->runController(Object(App\Controllers\Voters))
12 SYSTEMPATH\CodeIgniter.php(349): CodeIgniter\CodeIgniter->handleRequest(null, Object(Config\Cache), false)
13 FCPATH\index.php(55): CodeIgniter\CodeIgniter->run()
CRITICAL - 2022-07-26 06:36:09 --> Undefined property: CodeIgniter\View\View::$load
in APPPATH\Views\voters\index.php on line 485.
 1 APPPATH\Views\voters\index.php(485): CodeIgniter\Debug\Exceptions->errorHandler(2, 'Undefined property: CodeIgniter\\View\\View::$load', 'APPPATH\\Views\\voters\\index.php', 485)
 2 SYSTEMPATH\View\View.php(213): include('APPPATH\\Views\\voters\\index.php')
 3 SYSTEMPATH\View\View.php(216): CodeIgniter\View\View->CodeIgniter\View\{closure}()
 4 SYSTEMPATH\Common.php(1135): CodeIgniter\View\View->render('voters/index', [], true)
 5 APPPATH\Views\template.php(32): view('voters/index')
 6 SYSTEMPATH\View\View.php(213): include('APPPATH\\Views\\template.php')
 7 SYSTEMPATH\View\View.php(216): CodeIgniter\View\View->CodeIgniter\View\{closure}()
 8 SYSTEMPATH\Common.php(1135): CodeIgniter\View\View->render('template', [], true)
 9 APPPATH\Controllers\Voters.php(12): view('template', [...])
10 SYSTEMPATH\CodeIgniter.php(896): App\Controllers\Voters->getIndex()
11 SYSTEMPATH\CodeIgniter.php(466): CodeIgniter\CodeIgniter->runController(Object(App\Controllers\Voters))
12 SYSTEMPATH\CodeIgniter.php(349): CodeIgniter\CodeIgniter->handleRequest(null, Object(Config\Cache), false)
13 FCPATH\index.php(55): CodeIgniter\CodeIgniter->run()
CRITICAL - 2022-07-26 06:36:36 --> Undefined property: CodeIgniter\View\View::$load
in APPPATH\Views\voters\index.php on line 485.
 1 APPPATH\Views\voters\index.php(485): CodeIgniter\Debug\Exceptions->errorHandler(2, 'Undefined property: CodeIgniter\\View\\View::$load', 'APPPATH\\Views\\voters\\index.php', 485)
 2 SYSTEMPATH\View\View.php(213): include('APPPATH\\Views\\voters\\index.php')
 3 SYSTEMPATH\View\View.php(216): CodeIgniter\View\View->CodeIgniter\View\{closure}()
 4 SYSTEMPATH\Common.php(1135): CodeIgniter\View\View->render('voters/index', [], true)
 5 APPPATH\Views\template.php(32): view('voters/index')
 6 SYSTEMPATH\View\View.php(213): include('APPPATH\\Views\\template.php')
 7 SYSTEMPATH\View\View.php(216): CodeIgniter\View\View->CodeIgniter\View\{closure}()
 8 SYSTEMPATH\Common.php(1135): CodeIgniter\View\View->render('template', [], true)
 9 APPPATH\Controllers\Voters.php(12): view('template', [...])
10 SYSTEMPATH\CodeIgniter.php(896): App\Controllers\Voters->getIndex()
11 SYSTEMPATH\CodeIgniter.php(466): CodeIgniter\CodeIgniter->runController(Object(App\Controllers\Voters))
12 SYSTEMPATH\CodeIgniter.php(349): CodeIgniter\CodeIgniter->handleRequest(null, Object(Config\Cache), false)
13 FCPATH\index.php(55): CodeIgniter\CodeIgniter->run()
CRITICAL - 2022-07-26 08:05:12 --> Undefined variable $uri
in APPPATH\Controllers\Voters.php on line 9.
 1 APPPATH\Controllers\Voters.php(9): CodeIgniter\Debug\Exceptions->errorHandler(2, 'Undefined variable $uri', 'APPPATH\\Controllers\\Voters.php', 9)
 2 SYSTEMPATH\CodeIgniter.php(896): App\Controllers\Voters->getIndex()
 3 SYSTEMPATH\CodeIgniter.php(466): CodeIgniter\CodeIgniter->runController(Object(App\Controllers\Voters))
 4 SYSTEMPATH\CodeIgniter.php(349): CodeIgniter\CodeIgniter->handleRequest(null, Object(Config\Cache), false)
 5 FCPATH\index.php(55): CodeIgniter\CodeIgniter->run()
CRITICAL - 2022-07-26 08:05:32 --> Undefined variable $uri
in APPPATH\Controllers\Voters.php on line 9.
 1 APPPATH\Controllers\Voters.php(9): CodeIgniter\Debug\Exceptions->errorHandler(2, 'Undefined variable $uri', 'APPPATH\\Controllers\\Voters.php', 9)
 2 SYSTEMPATH\CodeIgniter.php(896): App\Controllers\Voters->getIndex()
 3 SYSTEMPATH\CodeIgniter.php(466): CodeIgniter\CodeIgniter->runController(Object(App\Controllers\Voters))
 4 SYSTEMPATH\CodeIgniter.php(349): CodeIgniter\CodeIgniter->handleRequest(null, Object(Config\Cache), false)
 5 FCPATH\index.php(55): CodeIgniter\CodeIgniter->run()
CRITICAL - 2022-07-26 08:06:10 --> syntax error, unexpected token ";", expecting ")"
in APPPATH\Controllers\Voters.php on line 9.
 1 SYSTEMPATH\Autoloader\Autoloader.php(261): CodeIgniter\Autoloader\Autoloader->includeFile('APPPATH\\Controllers\\Voters.php')
 2 SYSTEMPATH\Autoloader\Autoloader.php(239): CodeIgniter\Autoloader\Autoloader->loadInNamespace('App\\Controllers\\Voters')
 3 [internal function]: CodeIgniter\Autoloader\Autoloader->loadClass('App\\Controllers\\Voters')
 4 SYSTEMPATH\Router\AutoRouterImproved.php(264): class_exists('App\\Controllers\\Voters')
 5 SYSTEMPATH\Router\AutoRouterImproved.php(115): CodeIgniter\Router\AutoRouterImproved->scanControllers([...])
 6 SYSTEMPATH\Router\Router.php(499): CodeIgniter\Router\AutoRouterImproved->getRoute('voters')
 7 SYSTEMPATH\Router\Router.php(205): CodeIgniter\Router\Router->autoRoute('voters')
 8 SYSTEMPATH\CodeIgniter.php(771): CodeIgniter\Router\Router->handle('voters')
 9 SYSTEMPATH\CodeIgniter.php(415): CodeIgniter\CodeIgniter->tryToRouteIt(Object(CodeIgniter\Router\RouteCollection))
10 SYSTEMPATH\CodeIgniter.php(349): CodeIgniter\CodeIgniter->handleRequest(null, Object(Config\Cache), false)
11 FCPATH\index.php(55): CodeIgniter\CodeIgniter->run()
CRITICAL - 2022-07-26 08:06:11 --> syntax error, unexpected token ";", expecting ")"
in APPPATH\Controllers\Voters.php on line 9.
 1 SYSTEMPATH\Autoloader\Autoloader.php(261): CodeIgniter\Autoloader\Autoloader->includeFile('APPPATH\\Controllers\\Voters.php')
 2 SYSTEMPATH\Autoloader\Autoloader.php(239): CodeIgniter\Autoloader\Autoloader->loadInNamespace('App\\Controllers\\Voters')
 3 [internal function]: CodeIgniter\Autoloader\Autoloader->loadClass('App\\Controllers\\Voters')
 4 SYSTEMPATH\Router\AutoRouterImproved.php(264): class_exists('App\\Controllers\\Voters')
 5 SYSTEMPATH\Router\AutoRouterImproved.php(115): CodeIgniter\Router\AutoRouterImproved->scanControllers([...])
 6 SYSTEMPATH\Router\Router.php(499): CodeIgniter\Router\AutoRouterImproved->getRoute('voters')
 7 SYSTEMPATH\Router\Router.php(205): CodeIgniter\Router\Router->autoRoute('voters')
 8 SYSTEMPATH\CodeIgniter.php(771): CodeIgniter\Router\Router->handle('voters')
 9 SYSTEMPATH\CodeIgniter.php(415): CodeIgniter\CodeIgniter->tryToRouteIt(Object(CodeIgniter\Router\RouteCollection))
10 SYSTEMPATH\CodeIgniter.php(349): CodeIgniter\CodeIgniter->handleRequest(null, Object(Config\Cache), false)
11 FCPATH\index.php(55): CodeIgniter\CodeIgniter->run()
CRITICAL - 2022-07-26 08:06:35 --> Undefined constant "App\Controllers\this"
in APPPATH\Controllers\Voters.php on line 9.
 1 SYSTEMPATH\CodeIgniter.php(896): App\Controllers\Voters->getIndex()
 2 SYSTEMPATH\CodeIgniter.php(466): CodeIgniter\CodeIgniter->runController(Object(App\Controllers\Voters))
 3 SYSTEMPATH\CodeIgniter.php(349): CodeIgniter\CodeIgniter->handleRequest(null, Object(Config\Cache), false)
 4 FCPATH\index.php(55): CodeIgniter\CodeIgniter->run()
CRITICAL - 2022-07-26 08:07:51 --> Undefined constant "App\Controllers\this"
in APPPATH\Controllers\Voters.php on line 9.
 1 SYSTEMPATH\CodeIgniter.php(896): App\Controllers\Voters->getIndex()
 2 SYSTEMPATH\CodeIgniter.php(466): CodeIgniter\CodeIgniter->runController(Object(App\Controllers\Voters))
 3 SYSTEMPATH\CodeIgniter.php(349): CodeIgniter\CodeIgniter->handleRequest(null, Object(Config\Cache), false)
 4 FCPATH\index.php(55): CodeIgniter\CodeIgniter->run()
CRITICAL - 2022-07-26 08:08:43 --> Undefined constant "App\Controllers\this"
in APPPATH\Controllers\Voters.php on line 9.
 1 SYSTEMPATH\CodeIgniter.php(896): App\Controllers\Voters->getIndex()
 2 SYSTEMPATH\CodeIgniter.php(466): CodeIgniter\CodeIgniter->runController(Object(App\Controllers\Voters))
 3 SYSTEMPATH\CodeIgniter.php(349): CodeIgniter\CodeIgniter->handleRequest(null, Object(Config\Cache), false)
 4 FCPATH\index.php(55): CodeIgniter\CodeIgniter->run()
CRITICAL - 2022-07-26 08:08:45 --> Undefined constant "App\Controllers\this"
in APPPATH\Controllers\Voters.php on line 9.
 1 SYSTEMPATH\CodeIgniter.php(896): App\Controllers\Voters->getIndex()
 2 SYSTEMPATH\CodeIgniter.php(466): CodeIgniter\CodeIgniter->runController(Object(App\Controllers\Voters))
 3 SYSTEMPATH\CodeIgniter.php(349): CodeIgniter\CodeIgniter->handleRequest(null, Object(Config\Cache), false)
 4 FCPATH\index.php(55): CodeIgniter\CodeIgniter->run()
CRITICAL - 2022-07-26 08:09:04 --> Undefined constant "App\Controllers\this"
in APPPATH\Controllers\Voters.php on line 9.
 1 SYSTEMPATH\CodeIgniter.php(896): App\Controllers\Voters->getIndex()
 2 SYSTEMPATH\CodeIgniter.php(466): CodeIgniter\CodeIgniter->runController(Object(App\Controllers\Voters))
 3 SYSTEMPATH\CodeIgniter.php(349): CodeIgniter\CodeIgniter->handleRequest(null, Object(Config\Cache), false)
 4 FCPATH\index.php(55): CodeIgniter\CodeIgniter->run()
CRITICAL - 2022-07-26 08:09:04 --> Undefined constant "App\Controllers\this"
in APPPATH\Controllers\Voters.php on line 9.
 1 SYSTEMPATH\CodeIgniter.php(896): App\Controllers\Voters->getIndex()
 2 SYSTEMPATH\CodeIgniter.php(466): CodeIgniter\CodeIgniter->runController(Object(App\Controllers\Voters))
 3 SYSTEMPATH\CodeIgniter.php(349): CodeIgniter\CodeIgniter->handleRequest(null, Object(Config\Cache), false)
 4 FCPATH\index.php(55): CodeIgniter\CodeIgniter->run()
CRITICAL - 2022-07-26 08:09:26 --> Undefined constant "App\Controllers\this"
in APPPATH\Controllers\Voters.php on line 9.
 1 SYSTEMPATH\CodeIgniter.php(896): App\Controllers\Voters->getIndex()
 2 SYSTEMPATH\CodeIgniter.php(466): CodeIgniter\CodeIgniter->runController(Object(App\Controllers\Voters))
 3 SYSTEMPATH\CodeIgniter.php(349): CodeIgniter\CodeIgniter->handleRequest(null, Object(Config\Cache), false)
 4 FCPATH\index.php(55): CodeIgniter\CodeIgniter->run()
CRITICAL - 2022-07-26 08:09:36 --> Call to undefined function App\Controllers\dump()
in APPPATH\Controllers\Voters.php on line 9.
 1 SYSTEMPATH\CodeIgniter.php(896): App\Controllers\Voters->getIndex()
 2 SYSTEMPATH\CodeIgniter.php(466): CodeIgniter\CodeIgniter->runController(Object(App\Controllers\Voters))
 3 SYSTEMPATH\CodeIgniter.php(349): CodeIgniter\CodeIgniter->handleRequest(null, Object(Config\Cache), false)
 4 FCPATH\index.php(55): CodeIgniter\CodeIgniter->run()
CRITICAL - 2022-07-26 08:09:37 --> Call to undefined function App\Controllers\dump()
in APPPATH\Controllers\Voters.php on line 9.
 1 SYSTEMPATH\CodeIgniter.php(896): App\Controllers\Voters->getIndex()
 2 SYSTEMPATH\CodeIgniter.php(466): CodeIgniter\CodeIgniter->runController(Object(App\Controllers\Voters))
 3 SYSTEMPATH\CodeIgniter.php(349): CodeIgniter\CodeIgniter->handleRequest(null, Object(Config\Cache), false)
 4 FCPATH\index.php(55): CodeIgniter\CodeIgniter->run()
CRITICAL - 2022-07-26 08:09:38 --> Call to undefined function App\Controllers\dump()
in APPPATH\Controllers\Voters.php on line 9.
 1 SYSTEMPATH\CodeIgniter.php(896): App\Controllers\Voters->getIndex()
 2 SYSTEMPATH\CodeIgniter.php(466): CodeIgniter\CodeIgniter->runController(Object(App\Controllers\Voters))
 3 SYSTEMPATH\CodeIgniter.php(349): CodeIgniter\CodeIgniter->handleRequest(null, Object(Config\Cache), false)
 4 FCPATH\index.php(55): CodeIgniter\CodeIgniter->run()
