CRITICAL - 2023-05-28 15:30:34 --> Undefined property: CodeIgniter\View\View::$load
in APPPATH\Views\template.php on line 28.
 1 APPPATH\Views\template.php(28): CodeIgniter\Debug\Exceptions->errorHandler(8, 'Undefined property: CodeIgniter\\View\\View::$load', 'APPPATH\\Views\\template.php', 28, [...])
 2 SYSTEMPATH\View\View.php(213): include('APPPATH\\Views\\template.php')
 3 SYSTEMPATH\View\View.php(216): CodeIgniter\View\View->CodeIgniter\View\{closure}()
 4 SYSTEMPATH\Common.php(1135): CodeIgniter\View\View->render('template', [], true)
 5 APPPATH\Controllers\Dashboard.php(36): view('template', [...])
 6 SYSTEMPATH\CodeIgniter.php(896): App\Controllers\Dashboard->getIndex()
 7 SYSTEMPATH\CodeIgniter.php(466): CodeIgniter\CodeIgniter->runController(Object(App\Controllers\Dashboard))
 8 SYSTEMPATH\CodeIgniter.php(349): CodeIgniter\CodeIgniter->handleRequest(null, Object(Config\Cache), false)
 9 FCPATH\index.php(55): CodeIgniter\CodeIgniter->run()
CRITICAL - 2023-05-28 15:33:12 --> Undefined property: CodeIgniter\View\View::$load
in APPPATH\Views\template.php on line 28.
 1 APPPATH\Views\template.php(28): CodeIgniter\Debug\Exceptions->errorHandler(8, 'Undefined property: CodeIgniter\\View\\View::$load', 'APPPATH\\Views\\template.php', 28, [...])
 2 SYSTEMPATH\View\View.php(213): include('APPPATH\\Views\\template.php')
 3 SYSTEMPATH\View\View.php(216): CodeIgniter\View\View->CodeIgniter\View\{closure}()
 4 SYSTEMPATH\Common.php(1135): CodeIgniter\View\View->render('template', [], true)
 5 APPPATH\Controllers\Dashboard.php(36): view('template', [...])
 6 SYSTEMPATH\CodeIgniter.php(896): App\Controllers\Dashboard->getIndex()
 7 SYSTEMPATH\CodeIgniter.php(466): CodeIgniter\CodeIgniter->runController(Object(App\Controllers\Dashboard))
 8 SYSTEMPATH\CodeIgniter.php(349): CodeIgniter\CodeIgniter->handleRequest(null, Object(Config\Cache), false)
 9 FCPATH\index.php(55): CodeIgniter\CodeIgniter->run()
CRITICAL - 2023-05-28 15:33:59 --> Undefined property: CodeIgniter\View\View::$load
in APPPATH\Views\template.php on line 28.
 1 APPPATH\Views\template.php(28): CodeIgniter\Debug\Exceptions->errorHandler(8, 'Undefined property: CodeIgniter\\View\\View::$load', 'APPPATH\\Views\\template.php', 28, [...])
 2 SYSTEMPATH\View\View.php(213): include('APPPATH\\Views\\template.php')
 3 SYSTEMPATH\View\View.php(216): CodeIgniter\View\View->CodeIgniter\View\{closure}()
 4 SYSTEMPATH\Common.php(1135): CodeIgniter\View\View->render('template', [], true)
 5 APPPATH\Controllers\Dashboard.php(36): view('template', [...])
 6 SYSTEMPATH\CodeIgniter.php(896): App\Controllers\Dashboard->getIndex()
 7 SYSTEMPATH\CodeIgniter.php(466): CodeIgniter\CodeIgniter->runController(Object(App\Controllers\Dashboard))
 8 SYSTEMPATH\CodeIgniter.php(349): CodeIgniter\CodeIgniter->handleRequest(null, Object(Config\Cache), false)
 9 FCPATH\index.php(55): CodeIgniter\CodeIgniter->run()
CRITICAL - 2023-05-28 15:34:33 --> Undefined property: CodeIgniter\View\View::$load
in APPPATH\Views\template.php on line 28.
 1 APPPATH\Views\template.php(28): CodeIgniter\Debug\Exceptions->errorHandler(8, 'Undefined property: CodeIgniter\\View\\View::$load', 'APPPATH\\Views\\template.php', 28, [...])
 2 SYSTEMPATH\View\View.php(213): include('APPPATH\\Views\\template.php')
 3 SYSTEMPATH\View\View.php(216): CodeIgniter\View\View->CodeIgniter\View\{closure}()
 4 SYSTEMPATH\Common.php(1135): CodeIgniter\View\View->render('template', [], true)
 5 APPPATH\Controllers\Dashboard.php(36): view('template', [...])
 6 SYSTEMPATH\CodeIgniter.php(896): App\Controllers\Dashboard->getIndex()
 7 SYSTEMPATH\CodeIgniter.php(466): CodeIgniter\CodeIgniter->runController(Object(App\Controllers\Dashboard))
 8 SYSTEMPATH\CodeIgniter.php(349): CodeIgniter\CodeIgniter->handleRequest(null, Object(Config\Cache), false)
 9 FCPATH\index.php(55): CodeIgniter\CodeIgniter->run()
CRITICAL - 2023-05-28 17:36:48 --> Undefined variable: active
in APPPATH\Views\sidebar.php on line 15.
 1 APPPATH\Views\sidebar.php(15): CodeIgniter\Debug\Exceptions->errorHandler(8, 'Undefined variable: active', 'APPPATH\\Views\\sidebar.php', 15, [...])
 2 SYSTEMPATH\View\View.php(213): include('APPPATH\\Views\\sidebar.php')
 3 SYSTEMPATH\View\View.php(216): CodeIgniter\View\View->CodeIgniter\View\{closure}()
 4 SYSTEMPATH\Common.php(1135): CodeIgniter\View\View->render('sidebar', [], true)
 5 APPPATH\Views\admin_template.php(4): view('sidebar')
 6 SYSTEMPATH\View\View.php(213): include('APPPATH\\Views\\admin_template.php')
 7 SYSTEMPATH\View\View.php(216): CodeIgniter\View\View->CodeIgniter\View\{closure}()
 8 SYSTEMPATH\Common.php(1135): CodeIgniter\View\View->render('admin_template', [], true)
 9 APPPATH\Views\template.php(28): view('admin_template')
10 SYSTEMPATH\View\View.php(213): include('APPPATH\\Views\\template.php')
11 SYSTEMPATH\View\View.php(216): CodeIgniter\View\View->CodeIgniter\View\{closure}()
12 SYSTEMPATH\Common.php(1135): CodeIgniter\View\View->render('template', [], true)
13 APPPATH\Controllers\Dashboard.php(36): view('template', [...])
14 SYSTEMPATH\CodeIgniter.php(896): App\Controllers\Dashboard->getIndex()
15 SYSTEMPATH\CodeIgniter.php(466): CodeIgniter\CodeIgniter->runController(Object(App\Controllers\Dashboard))
16 SYSTEMPATH\CodeIgniter.php(349): CodeIgniter\CodeIgniter->handleRequest(null, Object(Config\Cache), false)
17 FCPATH\index.php(55): CodeIgniter\CodeIgniter->run()
CRITICAL - 2023-05-28 17:44:53 --> Undefined variable: active
in APPPATH\Views\sidebar.php on line 15.
 1 APPPATH\Views\sidebar.php(15): CodeIgniter\Debug\Exceptions->errorHandler(8, 'Undefined variable: active', 'APPPATH\\Views\\sidebar.php', 15, [...])
 2 SYSTEMPATH\View\View.php(213): include('APPPATH\\Views\\sidebar.php')
 3 SYSTEMPATH\View\View.php(216): CodeIgniter\View\View->CodeIgniter\View\{closure}()
 4 SYSTEMPATH\Common.php(1135): CodeIgniter\View\View->render('sidebar', [], true)
 5 APPPATH\Views\admin_template.php(4): view('sidebar')
 6 SYSTEMPATH\View\View.php(213): include('APPPATH\\Views\\admin_template.php')
 7 SYSTEMPATH\View\View.php(216): CodeIgniter\View\View->CodeIgniter\View\{closure}()
 8 SYSTEMPATH\Common.php(1135): CodeIgniter\View\View->render('admin_template', [], true)
 9 APPPATH\Views\template.php(28): view('admin_template')
10 SYSTEMPATH\View\View.php(213): include('APPPATH\\Views\\template.php')
11 SYSTEMPATH\View\View.php(216): CodeIgniter\View\View->CodeIgniter\View\{closure}()
12 SYSTEMPATH\Common.php(1135): CodeIgniter\View\View->render('template', [], true)
13 APPPATH\Controllers\Residents.php(68): view('template', [...])
14 SYSTEMPATH\CodeIgniter.php(896): App\Controllers\Residents->index()
15 SYSTEMPATH\CodeIgniter.php(466): CodeIgniter\CodeIgniter->runController(Object(App\Controllers\Residents))
16 SYSTEMPATH\CodeIgniter.php(349): CodeIgniter\CodeIgniter->handleRequest(null, Object(Config\Cache), false)
17 FCPATH\index.php(55): CodeIgniter\CodeIgniter->run()
CRITICAL - 2023-05-28 17:47:01 --> Undefined variable: active
in APPPATH\Views\sidebar.php on line 15.
 1 APPPATH\Views\sidebar.php(15): CodeIgniter\Debug\Exceptions->errorHandler(8, 'Undefined variable: active', 'APPPATH\\Views\\sidebar.php', 15, [...])
 2 SYSTEMPATH\View\View.php(213): include('APPPATH\\Views\\sidebar.php')
 3 SYSTEMPATH\View\View.php(216): CodeIgniter\View\View->CodeIgniter\View\{closure}()
 4 SYSTEMPATH\Common.php(1135): CodeIgniter\View\View->render('sidebar', [], true)
 5 APPPATH\Views\admin_template.php(4): view('sidebar')
 6 SYSTEMPATH\View\View.php(213): include('APPPATH\\Views\\admin_template.php')
 7 SYSTEMPATH\View\View.php(216): CodeIgniter\View\View->CodeIgniter\View\{closure}()
 8 SYSTEMPATH\Common.php(1135): CodeIgniter\View\View->render('admin_template', [], true)
 9 APPPATH\Views\template.php(28): view('admin_template')
10 SYSTEMPATH\View\View.php(213): include('APPPATH\\Views\\template.php')
11 SYSTEMPATH\View\View.php(216): CodeIgniter\View\View->CodeIgniter\View\{closure}()
12 SYSTEMPATH\Common.php(1135): CodeIgniter\View\View->render('template', [], true)
13 APPPATH\Controllers\Certificate.php(19): view('template', [...])
14 SYSTEMPATH\CodeIgniter.php(896): App\Controllers\Certificate->index()
15 SYSTEMPATH\CodeIgniter.php(466): CodeIgniter\CodeIgniter->runController(Object(App\Controllers\Certificate))
16 SYSTEMPATH\CodeIgniter.php(349): CodeIgniter\CodeIgniter->handleRequest(null, Object(Config\Cache), false)
17 FCPATH\index.php(55): CodeIgniter\CodeIgniter->run()
CRITICAL - 2023-05-28 18:17:42 --> Undefined variable: active
in APPPATH\Views\sidebar.php on line 15.
 1 APPPATH\Views\sidebar.php(15): CodeIgniter\Debug\Exceptions->errorHandler(8, 'Undefined variable: active', 'APPPATH\\Views\\sidebar.php', 15, [...])
 2 SYSTEMPATH\View\View.php(213): include('APPPATH\\Views\\sidebar.php')
 3 SYSTEMPATH\View\View.php(216): CodeIgniter\View\View->CodeIgniter\View\{closure}()
 4 SYSTEMPATH\Common.php(1135): CodeIgniter\View\View->render('sidebar', [], true)
 5 APPPATH\Views\admin_template.php(4): view('sidebar')
 6 SYSTEMPATH\View\View.php(213): include('APPPATH\\Views\\admin_template.php')
 7 SYSTEMPATH\View\View.php(216): CodeIgniter\View\View->CodeIgniter\View\{closure}()
 8 SYSTEMPATH\Common.php(1135): CodeIgniter\View\View->render('admin_template', [], true)
 9 APPPATH\Views\template.php(28): view('admin_template')
10 SYSTEMPATH\View\View.php(213): include('APPPATH\\Views\\template.php')
11 SYSTEMPATH\View\View.php(216): CodeIgniter\View\View->CodeIgniter\View\{closure}()
12 SYSTEMPATH\Common.php(1135): CodeIgniter\View\View->render('template', [], true)
13 APPPATH\Controllers\Residents.php(68): view('template', [...])
14 SYSTEMPATH\CodeIgniter.php(896): App\Controllers\Residents->index()
15 SYSTEMPATH\CodeIgniter.php(466): CodeIgniter\CodeIgniter->runController(Object(App\Controllers\Residents))
16 SYSTEMPATH\CodeIgniter.php(349): CodeIgniter\CodeIgniter->handleRequest(null, Object(Config\Cache), false)
17 FCPATH\index.php(55): CodeIgniter\CodeIgniter->run()
CRITICAL - 2023-05-28 18:19:09 --> Undefined variable: active
in APPPATH\Views\sidebar.php on line 15.
 1 APPPATH\Views\sidebar.php(15): CodeIgniter\Debug\Exceptions->errorHandler(8, 'Undefined variable: active', 'APPPATH\\Views\\sidebar.php', 15, [...])
 2 SYSTEMPATH\View\View.php(213): include('APPPATH\\Views\\sidebar.php')
 3 SYSTEMPATH\View\View.php(216): CodeIgniter\View\View->CodeIgniter\View\{closure}()
 4 SYSTEMPATH\Common.php(1135): CodeIgniter\View\View->render('sidebar', [], true)
 5 APPPATH\Views\admin_template.php(4): view('sidebar')
 6 SYSTEMPATH\View\View.php(213): include('APPPATH\\Views\\admin_template.php')
 7 SYSTEMPATH\View\View.php(216): CodeIgniter\View\View->CodeIgniter\View\{closure}()
 8 SYSTEMPATH\Common.php(1135): CodeIgniter\View\View->render('admin_template', [], true)
 9 APPPATH\Views\template.php(28): view('admin_template')
10 SYSTEMPATH\View\View.php(213): include('APPPATH\\Views\\template.php')
11 SYSTEMPATH\View\View.php(216): CodeIgniter\View\View->CodeIgniter\View\{closure}()
12 SYSTEMPATH\Common.php(1135): CodeIgniter\View\View->render('template', [], true)
13 APPPATH\Controllers\Certificate.php(19): view('template', [...])
14 SYSTEMPATH\CodeIgniter.php(896): App\Controllers\Certificate->index()
15 SYSTEMPATH\CodeIgniter.php(466): CodeIgniter\CodeIgniter->runController(Object(App\Controllers\Certificate))
16 SYSTEMPATH\CodeIgniter.php(349): CodeIgniter\CodeIgniter->handleRequest(null, Object(Config\Cache), false)
17 FCPATH\index.php(55): CodeIgniter\CodeIgniter->run()
CRITICAL - 2023-05-28 19:11:30 --> Undefined variable: active
in APPPATH\Views\sidebar.php on line 15.
 1 APPPATH\Views\sidebar.php(15): CodeIgniter\Debug\Exceptions->errorHandler(8, 'Undefined variable: active', 'APPPATH\\Views\\sidebar.php', 15, [...])
 2 SYSTEMPATH\View\View.php(213): include('APPPATH\\Views\\sidebar.php')
 3 SYSTEMPATH\View\View.php(216): CodeIgniter\View\View->CodeIgniter\View\{closure}()
 4 SYSTEMPATH\Common.php(1135): CodeIgniter\View\View->render('sidebar', [], true)
 5 APPPATH\Views\admin_template.php(4): view('sidebar')
 6 SYSTEMPATH\View\View.php(213): include('APPPATH\\Views\\admin_template.php')
 7 SYSTEMPATH\View\View.php(216): CodeIgniter\View\View->CodeIgniter\View\{closure}()
 8 SYSTEMPATH\Common.php(1135): CodeIgniter\View\View->render('admin_template', [], true)
 9 APPPATH\Views\template.php(28): view('admin_template')
10 SYSTEMPATH\View\View.php(213): include('APPPATH\\Views\\template.php')
11 SYSTEMPATH\View\View.php(216): CodeIgniter\View\View->CodeIgniter\View\{closure}()
12 SYSTEMPATH\Common.php(1135): CodeIgniter\View\View->render('template', [], true)
13 APPPATH\Controllers\Property.php(22): view('template', [...])
14 SYSTEMPATH\CodeIgniter.php(896): App\Controllers\Property->index()
15 SYSTEMPATH\CodeIgniter.php(466): CodeIgniter\CodeIgniter->runController(Object(App\Controllers\Property))
16 SYSTEMPATH\CodeIgniter.php(349): CodeIgniter\CodeIgniter->handleRequest(null, Object(Config\Cache), false)
17 FCPATH\index.php(55): CodeIgniter\CodeIgniter->run()
CRITICAL - 2023-05-28 20:17:42 --> Use of undefined constant segment - assumed 'segment' (this will throw an Error in a future version of PHP)
in APPPATH\Views\sidebar.php on line 5.
 1 APPPATH\Views\sidebar.php(5): CodeIgniter\Debug\Exceptions->errorHandler(2, 'Use of undefined constant segment - assumed \'segment\' (this will throw an Error in a future version of PHP)', 'APPPATH\\Views\\sidebar.php', 5, [...])
 2 SYSTEMPATH\View\View.php(213): include('APPPATH\\Views\\sidebar.php')
 3 SYSTEMPATH\View\View.php(216): CodeIgniter\View\View->CodeIgniter\View\{closure}()
 4 SYSTEMPATH\Common.php(1135): CodeIgniter\View\View->render('sidebar', [], true)
 5 APPPATH\Views\admin_template.php(4): view('sidebar')
 6 SYSTEMPATH\View\View.php(213): include('APPPATH\\Views\\admin_template.php')
 7 SYSTEMPATH\View\View.php(216): CodeIgniter\View\View->CodeIgniter\View\{closure}()
 8 SYSTEMPATH\Common.php(1135): CodeIgniter\View\View->render('admin_template', [], true)
 9 APPPATH\Views\template.php(28): view('admin_template')
10 SYSTEMPATH\View\View.php(213): include('APPPATH\\Views\\template.php')
11 SYSTEMPATH\View\View.php(216): CodeIgniter\View\View->CodeIgniter\View\{closure}()
12 SYSTEMPATH\Common.php(1135): CodeIgniter\View\View->render('template', [], true)
13 APPPATH\Controllers\Dashboard.php(37): view('template', [...])
14 SYSTEMPATH\CodeIgniter.php(896): App\Controllers\Dashboard->getIndex()
15 SYSTEMPATH\CodeIgniter.php(466): CodeIgniter\CodeIgniter->runController(Object(App\Controllers\Dashboard))
16 SYSTEMPATH\CodeIgniter.php(349): CodeIgniter\CodeIgniter->handleRequest(null, Object(Config\Cache), false)
17 FCPATH\index.php(55): CodeIgniter\CodeIgniter->run()
