ERROR - 2023-05-27 22:21:54 --> Table 'u895244394_bams.nationality' doesn't exist
CRITICAL - 2023-05-27 22:21:54 --> Table 'u895244394_bams.nationality' doesn't exist
in SYSTEMPATH\Database\MySQLi\Connection.php on line 292.
 1 SYSTEMPATH\Database\MySQLi\Connection.php(292): mysqli->query('SELECT *
FROM `resident_info`
LEFT JOIN `street` ON `street_desc` = `street`
LEFT JOIN `gender` ON `gender_desc` = `gender`
LEFT JOIN `nationality` ON `nationality_id` = `nationality`
LEFT JOIN `civil_status` ON `civil_status_id` = `civil_status`
LEFT JOIN `sector` ON `sector_desc` = `status`
WHERE `resident_info`.`deleted_at` IS NULL', 0)
 2 SYSTEMPATH\Database\BaseConnection.php(695): CodeIgniter\Database\MySQLi\Connection->execute('SELECT *
FROM `resident_info`
LEFT JOIN `street` ON `street_desc` = `street`
LEFT JOIN `gender` ON `gender_desc` = `gender`
LEFT JOIN `nationality` ON `nationality_id` = `nationality`
LEFT JOIN `civil_status` ON `civil_status_id` = `civil_status`
LEFT JOIN `sector` ON `sector_desc` = `status`
WHERE `resident_info`.`deleted_at` IS NULL')
 3 SYSTEMPATH\Database\BaseConnection.php(609): CodeIgniter\Database\BaseConnection->simpleQuery('SELECT *
FROM `resident_info`
LEFT JOIN `street` ON `street_desc` = `street`
LEFT JOIN `gender` ON `gender_desc` = `gender`
LEFT JOIN `nationality` ON `nationality_id` = `nationality`
LEFT JOIN `civil_status` ON `civil_status_id` = `civil_status`
LEFT JOIN `sector` ON `sector_desc` = `status`
WHERE `resident_info`.`deleted_at` IS NULL')
 4 SYSTEMPATH\Database\BaseBuilder.php(1585): CodeIgniter\Database\BaseConnection->query('SELECT *
FROM `resident_info`
LEFT JOIN `street` ON `street_desc` = `street`
LEFT JOIN `gender` ON `gender_desc` = `gender`
LEFT JOIN `nationality` ON `nationality_id` = `nationality`
LEFT JOIN `civil_status` ON `civil_status_id` = `civil_status`
LEFT JOIN `sector` ON `sector_desc` = `status`
WHERE `resident_info`.`deleted_at` IS NULL', [], false)
 5 SYSTEMPATH\Model.php(222): CodeIgniter\Database\BaseBuilder->get()
 6 SYSTEMPATH\BaseModel.php(584): CodeIgniter\Model->doFindAll(0, 0)
 7 APPPATH\Models\Resident_m.php(110): CodeIgniter\BaseModel->findAll()
 8 APPPATH\Controllers\Residents.php(59): App\Models\Resident_m->get()
 9 SYSTEMPATH\CodeIgniter.php(896): App\Controllers\Residents->index()
10 SYSTEMPATH\CodeIgniter.php(466): CodeIgniter\CodeIgniter->runController(Object(App\Controllers\Residents))
11 SYSTEMPATH\CodeIgniter.php(349): CodeIgniter\CodeIgniter->handleRequest(null, Object(Config\Cache), false)
12 FCPATH\index.php(55): CodeIgniter\CodeIgniter->run()
